#
# A fatal error has been detected by the Java Runtime Environment:
#
#  SIGSEGV (0xb) at pc=0x00007f807a039630, pid=9325, tid=9355
#
# JRE version: OpenJDK Runtime Environment (18.0.2.1+1) (build 18.0.2.1+1-1)
# Java VM: OpenJDK 64-Bit Server VM (18.0.2.1+1-1, mixed mode, emulated-client, sharing, tiered, compressed oops, compressed class ptrs, g1 gc, linux-amd64)
# Problematic frame:
# V  [libjvm.so+0x282630]  AccessInternal::PostRuntimeDispatch<G1BarrierSet::AccessBarrier<548964ul, G1BarrierSet>, (AccessInternal::BarrierType)2, 548964ul>::oop_access_barrier(void*)+0x0
#
# Core dump will be written. Default location: Core dumps may be processed with "/usr/share/apport/apport -p%p -s%s -c%c -d%d -P%P -u%u -g%g -- %E" (or dumping to /home/divum/My-workspace/Java/Spring-OnlineShop-Api/core.9325)
#
# If you would like to submit a bug report, please visit:
#   https://bugreport.java.com/bugreport/crash.jsp
#

---------------  S U M M A R Y ------------

Command Line: -XX:TieredStopAtLevel=1 -Dspring.output.ansi.enabled=always -Dcom.sun.management.jmxremote -Dspring.jmx.enabled=true -Dspring.liveBeansView.mbeanDomain -Dspring.application.admin.enabled=true -javaagent:/snap/intellij-idea-ultimate/384/lib/idea_rt.jar=41107:/snap/intellij-idea-ultimate/384/bin -Dfile.encoding=UTF-8 -Dsun.stdout.encoding=UTF-8 -Dsun.stderr.encoding=UTF-8 com.example.springonlineshop.SpringOnlineShopApiApplication

Host: Intel(R) Core(TM) i7-8650U CPU @ 1.90GHz, 8 cores, 15G, Ubuntu 20.04.3 LTS
Time: Thu Sep 29 12:23:33 2022 IST elapsed time: 0.106639 seconds (0d 0h 0m 0s)

---------------  T H R E A D  ---------------

Current thread (0x00007f807412cde0):  JavaThread "C1 CompilerThread0" daemon [_thread_in_vm, id=9355, stack(0x00007f805188e000,0x00007f805198f000)]


Current CompileTask:
C1:    107  110       1       java.util.Arrays::copyOfRange (64 bytes)

Stack: [0x00007f805188e000,0x00007f805198f000],  sp=0x00007f805198cd08,  free space=1019k
Native frames: (J=compiled Java code, j=interpreted, Vv=VM code, C=native code)
V  [libjvm.so+0x282630]  AccessInternal::PostRuntimeDispatch<G1BarrierSet::AccessBarrier<548964ul, G1BarrierSet>, (AccessInternal::BarrierType)2, 548964ul>::oop_access_barrier(void*)+0x0
V  [libjvm.so+0xbc32c4]  nmethod::nmethod(Method*, CompilerType, int, int, int, CodeOffsets*, int, DebugInformationRecorder*, Dependencies*, CodeBuffer*, int, OopMapSet*, ExceptionHandlerTable*, ImplicitExceptionTable*, AbstractCompiler*, int, GrowableArrayView<RuntimeStub*> const&, char*, int, int)+0x3c4
V  [libjvm.so+0xbc365d]  nmethod::new_nmethod(methodHandle const&, int, int, CodeOffsets*, int, DebugInformationRecorder*, Dependencies*, CodeBuffer*, int, OopMapSet*, ExceptionHandlerTable*, ImplicitExceptionTable*, AbstractCompiler*, int, GrowableArrayView<RuntimeStub*> const&, char*, int, int, char const*, FailedSpeculation**)+0x1ed
V  [libjvm.so+0x52788e]  ciEnv::register_method(ciMethod*, int, CodeOffsets*, int, CodeBuffer*, int, OopMapSet*, ExceptionHandlerTable*, ImplicitExceptionTable*, AbstractCompiler*, bool, bool, RTMState, GrowableArrayView<RuntimeStub*> const&)+0x3ce
V  [libjvm.so+0x44b469]  Compilation::install_code(int)+0xa9
V  [libjvm.so+0x44c62a]  Compilation::compile_method()+0x27a
V  [libjvm.so+0x44c893]  Compilation::Compilation(AbstractCompiler*, ciEnv*, ciMethod*, int, BufferBlob*, bool, DirectiveSet*)+0x203
V  [libjvm.so+0x44d2d0]  Compiler::compile_method(ciEnv*, ciMethod*, int, bool, DirectiveSet*)+0xb0
V  [libjvm.so+0x5bb0c8]  CompileBroker::invoke_compiler_on_method(CompileTask*)+0xca8
V  [libjvm.so+0x5bbc68]  CompileBroker::compiler_thread_loop()+0x4f8
V  [libjvm.so+0xd94b92]  JavaThread::thread_main_inner()+0xc2
V  [libjvm.so+0xd98d40]  Thread::call_run()+0xc0
V  [libjvm.so+0xbfd041]  thread_native_entry(Thread*)+0xe1


siginfo: si_signo: 11 (SIGSEGV), si_code: 128 (SI_KERNEL), si_addr: 0x0000000000000000

Register to memory mapping:

RAX=0xffffffffffffffff is an unknown value
RBX=0x00007f805198cd80 is pointing into the stack for thread: 0x00007f807412cde0
RCX=0x0000000000000048 is an unknown value
RDX=0x00007f807acfabb4: <offset 0x0000000000f43bb4> in /home/divum/.jdks/openjdk-18.0.2.1/lib/server/libjvm.so at 0x00007f8079db7000
RSP=0x00007f805198cd08 is pointing into the stack for thread: 0x00007f807412cde0
RBP=0x00007f805198cde0 is pointing into the stack for thread: 0x00007f807412cde0
RSI=0x0000000000000001 is an unknown value
RDI=0x10007f802c02b0b0 is an unknown value
R8 =0x00007f80698e76b6 is at entry_point+278 in (nmethod*)0x00007f80698e7390
Compiled method (c1)     112  110       1       java.util.Arrays::copyOfRange (64 bytes)
 total in heap  [0x00007f80698e7390,0x00007f80698e7cf0] = 2400
 relocation     [0x00007f80698e74f0,0x00007f80698e7590] = 160
 main code      [0x00007f80698e75a0,0x00007f80698e7a20] = 1152
 stub code      [0x00007f80698e7a20,0x00007f80698e7ad0] = 176
 metadata       [0x00007f80698e7ad0,0x00007f80698e7b00] = 48
 scopes data    [0x00007f80698e7b00,0x00007f80698e7be8] = 232
 scopes pcs     [0x00007f80698e7be8,0x00007f80698e7cd8] = 240
 dependencies   [0x00007f80698e7cd8,0x00007f80698e7ce0] = 8
 nul chk table  [0x00007f80698e7ce0,0x00007f80698e7cf0] = 16
R9 =0x00000000ffffffff is an unknown value
R10=0x0000000000008fb8 is an unknown value
R11=0x00007f80240072de points into unknown readable memory: 00 00
R12=0x00007f805198cd10 is pointing into the stack for thread: 0x00007f807412cde0
R13=0x0000000000000001 is an unknown value
R14=0x00007f80698e76b6 is at entry_point+278 in (nmethod*)0x00007f80698e7390
Compiled method (c1)     112  110       1       java.util.Arrays::copyOfRange (64 bytes)
 total in heap  [0x00007f80698e7390,0x00007f80698e7cf0] = 2400
 relocation     [0x00007f80698e74f0,0x00007f80698e7590] = 160
 main code      [0x00007f80698e75a0,0x00007f80698e7a20] = 1152
 stub code      [0x00007f80698e7a20,0x00007f80698e7ad0] = 176
 metadata       [0x00007f80698e7ad0,0x00007f80698e7b00] = 48
 scopes data    [0x00007f80698e7b00,0x00007f80698e7be8] = 232
 scopes pcs     [0x00007f80698e7be8,0x00007f80698e7cd8] = 240
 dependencies   [0x00007f80698e7cd8,0x00007f80698e7ce0] = 8
 nul chk table  [0x00007f80698e7ce0,0x00007f80698e7cf0] = 16
R15=0x10007f802c02b0b0 is an unknown value


Registers:
RAX=0xffffffffffffffff, RBX=0x00007f805198cd80, RCX=0x0000000000000048, RDX=0x00007f807acfabb4
RSP=0x00007f805198cd08, RBP=0x00007f805198cde0, RSI=0x0000000000000001, RDI=0x10007f802c02b0b0
R8 =0x00007f80698e76b6, R9 =0x00000000ffffffff, R10=0x0000000000008fb8, R11=0x00007f80240072de
R12=0x00007f805198cd10, R13=0x0000000000000001, R14=0x00007f80698e76b6, R15=0x10007f802c02b0b0
RIP=0x00007f807a039630, EFLAGS=0x0000000000010246, CSGSFS=0x002b000000000033, ERR=0x0000000000000000
  TRAPNO=0x000000000000000d

Top of Stack: (sp=0x00007f805198cd08)
0x00007f805198cd08:   00007f807a97ac39 0000000000000000
0x00007f805198cd18:   00007f80698e74f8 00007f80698e7590
0x00007f805198cd28:   00007f80698e7390 00007f80698e76b4
0x00007f805198cd38:   00007f80698e75a0 0000074000000530 

Instructions: (pc=0x00007f807a039630)
0x00007f807a039530:   5c 24 20 48 8b 40 08 48 8b 40 18 48 8b 78 70 48
0x00007f807a039540:   85 ff 74 09 ff 15 c6 2a f8 00 48 89 c7 48 89 7b
0x00007f807a039550:   e0 48 83 c4 18 5b 41 5c 41 5d 41 5e 41 5f 5d c3
0x00007f807a039560:   49 8b 44 24 20 4c 89 e7 4c 89 45 c8 48 8d 58 10
0x00007f807a039570:   e8 0b 9f 42 00 4c 8b 45 c8 48 39 c3 75 97 48 8b
0x00007f807a039580:   45 18 4d 63 ed 4c 89 e7 48 8b 00 4a 8d 34 e8 e8
0x00007f807a039590:   fc 9e 42 00 4c 8b 45 c8 e9 78 ff ff ff 90 66 90
0x00007f807a0395a0:   83 ef 04 83 ff 0a 77 10 48 8d 05 b1 50 cb 00 8b
0x00007f807a0395b0:   04 b8 c3 0f 1f 44 00 00 48 8d 05 09 73 f8 00 55
0x00007f807a0395c0:   be 9c 00 00 00 48 8d 3d 8c cf c5 00 48 8b 00 48
0x00007f807a0395d0:   89 e5 c6 00 58 e8 a6 34 36 00 e8 31 57 97 00 31
0x00007f807a0395e0:   c0 5d c3 90 66 66 2e 0f 1f 84 00 00 00 00 00 90
0x00007f807a0395f0:   48 8b 47 08 0f b7 50 28 0f b7 40 2a 8d 44 02 19
0x00007f807a039600:   c3 66 66 66 66 66 66 2e 0f 1f 84 00 00 00 00 00
0x00007f807a039610:   48 8b 07 c3 66 66 66 2e 0f 1f 84 00 00 00 00 00
0x00007f807a039620:   48 8b 07 c3 66 66 66 2e 0f 1f 84 00 00 00 00 00
0x00007f807a039630:   48 8b 07 c3 66 66 66 2e 0f 1f 84 00 00 00 00 00
0x00007f807a039640:   48 8b 07 c3 66 66 66 2e 0f 1f 84 00 00 00 00 00
0x00007f807a039650:   48 8b 07 c3 66 66 66 2e 0f 1f 84 00 00 00 00 00
0x00007f807a039660:   48 8b 07 c3 66 66 66 2e 0f 1f 84 00 00 00 00 00
0x00007f807a039670:   55 48 89 e5 41 55 41 54 53 48 83 ec 08 48 8b 1f
0x00007f807a039680:   4c 8d 2d d9 de 00 01 48 89 da 49 23 55 00 48 89
0x00007f807a039690:   d8 75 0d 48 83 c4 08 5b 41 5c 41 5d 5d c3 66 90
0x00007f807a0396a0:   49 89 fc 48 89 df e8 e5 cf bc 00 48 89 c2 48 85
0x00007f807a0396b0:   c0 74 05 4d 85 e4 75 1e 48 83 c4 08 48 89 d0 5b
0x00007f807a0396c0:   41 5c 41 5d 5d c3 66 2e 0f 1f 84 00 00 00 00 00
0x00007f807a0396d0:   49 23 45 00 74 e2 48 89 d9 48 89 d8 f0 49 0f b1
0x00007f807a0396e0:   14 24 48 89 c3 48 39 c8 75 e6 eb cc 0f 1f 40 00
0x00007f807a0396f0:   55 48 89 e5 41 54 49 89 fc 48 83 ec 08 48 8d 05
0x00007f807a039700:   cc a8 fb 00 48 8b 00 8b 50 10 48 8d 05 ad bb fc
0x00007f807a039710:   00 80 38 00 74 3a 48 8d 05 13 ff ff ff 83 fa 03
0x00007f807a039720:   74 1a 77 5c 48 8d 05 e5 fe ff ff 83 fa 01 74 0c 


Stack slot to memory mapping:
stack at sp + 0 slots: 0x00007f807a97ac39: <offset 0x0000000000bc3c39> in /home/divum/.jdks/openjdk-18.0.2.1/lib/server/libjvm.so at 0x00007f8079db7000
stack at sp + 1 slots: 0x0 is NULL
stack at sp + 2 slots: 0x00007f80698e74f8 is at entry_point+-168 in (nmethod*)0x00007f80698e7390
Compiled method (c1)     122  110       1       java.util.Arrays::copyOfRange (64 bytes)
 total in heap  [0x00007f80698e7390,0x00007f80698e7cf0] = 2400
 relocation     [0x00007f80698e74f0,0x00007f80698e7590] = 160
 main code      [0x00007f80698e75a0,0x00007f80698e7a20] = 1152
 stub code      [0x00007f80698e7a20,0x00007f80698e7ad0] = 176
 metadata       [0x00007f80698e7ad0,0x00007f80698e7b00] = 48
 scopes data    [0x00007f80698e7b00,0x00007f80698e7be8] = 232
 scopes pcs     [0x00007f80698e7be8,0x00007f80698e7cd8] = 240
 dependencies   [0x00007f80698e7cd8,0x00007f80698e7ce0] = 8
 nul chk table  [0x00007f80698e7ce0,0x00007f80698e7cf0] = 16
stack at sp + 3 slots: 0x00007f80698e7590 is at entry_point+-16 in (nmethod*)0x00007f80698e7390
Compiled method (c1)     122  110       1       java.util.Arrays::copyOfRange (64 bytes)
 total in heap  [0x00007f80698e7390,0x00007f80698e7cf0] = 2400
 relocation     [0x00007f80698e74f0,0x00007f80698e7590] = 160
 main code      [0x00007f80698e75a0,0x00007f80698e7a20] = 1152
 stub code      [0x00007f80698e7a20,0x00007f80698e7ad0] = 176
 metadata       [0x00007f80698e7ad0,0x00007f80698e7b00] = 48
 scopes data    [0x00007f80698e7b00,0x00007f80698e7be8] = 232
 scopes pcs     [0x00007f80698e7be8,0x00007f80698e7cd8] = 240
 dependencies   [0x00007f80698e7cd8,0x00007f80698e7ce0] = 8
 nul chk table  [0x00007f80698e7ce0,0x00007f80698e7cf0] = 16
stack at sp + 4 slots: 0x00007f80698e7390 is at entry_point+-528 in (nmethod*)0x00007f80698e7390
Compiled method (c1)     122  110       1       java.util.Arrays::copyOfRange (64 bytes)
 total in heap  [0x00007f80698e7390,0x00007f80698e7cf0] = 2400
 relocation     [0x00007f80698e74f0,0x00007f80698e7590] = 160
 main code      [0x00007f80698e75a0,0x00007f80698e7a20] = 1152
 stub code      [0x00007f80698e7a20,0x00007f80698e7ad0] = 176
 metadata       [0x00007f80698e7ad0,0x00007f80698e7b00] = 48
 scopes data    [0x00007f80698e7b00,0x00007f80698e7be8] = 232
 scopes pcs     [0x00007f80698e7be8,0x00007f80698e7cd8] = 240
 dependencies   [0x00007f80698e7cd8,0x00007f80698e7ce0] = 8
 nul chk table  [0x00007f80698e7ce0,0x00007f80698e7cf0] = 16
stack at sp + 5 slots: 0x00007f80698e76b4 is at entry_point+276 in (nmethod*)0x00007f80698e7390
Compiled method (c1)     122  110       1       java.util.Arrays::copyOfRange (64 bytes)
 total in heap  [0x00007f80698e7390,0x00007f80698e7cf0] = 2400
 relocation     [0x00007f80698e74f0,0x00007f80698e7590] = 160
 main code      [0x00007f80698e75a0,0x00007f80698e7a20] = 1152
 stub code      [0x00007f80698e7a20,0x00007f80698e7ad0] = 176
 metadata       [0x00007f80698e7ad0,0x00007f80698e7b00] = 48
 scopes data    [0x00007f80698e7b00,0x00007f80698e7be8] = 232
 scopes pcs     [0x00007f80698e7be8,0x00007f80698e7cd8] = 240
 dependencies   [0x00007f80698e7cd8,0x00007f80698e7ce0] = 8
 nul chk table  [0x00007f80698e7ce0,0x00007f80698e7cf0] = 16
stack at sp + 6 slots: 0x00007f80698e75a0 is at entry_point+0 in (nmethod*)0x00007f80698e7390
Compiled method (c1)     122  110       1       java.util.Arrays::copyOfRange (64 bytes)
 total in heap  [0x00007f80698e7390,0x00007f80698e7cf0] = 2400
 relocation     [0x00007f80698e74f0,0x00007f80698e7590] = 160
 main code      [0x00007f80698e75a0,0x00007f80698e7a20] = 1152
 stub code      [0x00007f80698e7a20,0x00007f80698e7ad0] = 176
 metadata       [0x00007f80698e7ad0,0x00007f80698e7b00] = 48
 scopes data    [0x00007f80698e7b00,0x00007f80698e7be8] = 232
 scopes pcs     [0x00007f80698e7be8,0x00007f80698e7cd8] = 240
 dependencies   [0x00007f80698e7cd8,0x00007f80698e7ce0] = 8
 nul chk table  [0x00007f80698e7ce0,0x00007f80698e7cf0] = 16
stack at sp + 7 slots: 0x0000074000000530 is an unknown value


---------------  P R O C E S S  ---------------

Threads class SMR info:
_java_thread_list=0x00007f802c047480, length=12, elements={
0x00007f8074028290, 0x00007f8074121d60, 0x00007f8074123200, 0x00007f80741290e0,
0x00007f807412a480, 0x00007f807412b880, 0x00007f807412cde0, 0x00007f8074136220,
0x00007f8074143c80, 0x00007f802c043a30, 0x00007f802c044b90, 0x00007f802c0460c0
}

Java Threads: ( => current thread )
  0x00007f8074028290 JavaThread "main" [_thread_blocked, id=9327, stack(0x00007f8079b5d000,0x00007f8079c5e000)]
  0x00007f8074121d60 JavaThread "Reference Handler" daemon [_thread_blocked, id=9350, stack(0x00007f8060391000,0x00007f8060492000)]
  0x00007f8074123200 JavaThread "Finalizer" daemon [_thread_blocked, id=9351, stack(0x00007f8060290000,0x00007f8060391000)]
  0x00007f80741290e0 JavaThread "Signal Dispatcher" daemon [_thread_blocked, id=9352, stack(0x00007f806018f000,0x00007f8060290000)]
  0x00007f807412a480 JavaThread "Service Thread" daemon [_thread_blocked, id=9353, stack(0x00007f806008e000,0x00007f806018f000)]
  0x00007f807412b880 JavaThread "Monitor Deflation Thread" daemon [_thread_blocked, id=9354, stack(0x00007f805198f000,0x00007f8051a90000)]
=>0x00007f807412cde0 JavaThread "C1 CompilerThread0" daemon [_thread_in_vm, id=9355, stack(0x00007f805188e000,0x00007f805198f000)]
  0x00007f8074136220 JavaThread "Sweeper thread" daemon [_thread_blocked, id=9356, stack(0x00007f805178d000,0x00007f805188e000)]
  0x00007f8074143c80 JavaThread "Common-Cleaner" daemon [_thread_blocked, id=9359, stack(0x00007f805158b000,0x00007f805168c000)]
  0x00007f802c043a30 JavaThread "C1 CompilerThread1" daemon [_thread_blocked, id=9358, stack(0x00007f805168c000,0x00007f805178d000)]
  0x00007f802c044b90 JavaThread "C1 CompilerThread2" daemon [_thread_blocked, id=9360, stack(0x00007f805148a000,0x00007f805158b000)]
  0x00007f802c0460c0 JavaThread "C1 CompilerThread3" daemon [_thread_blocked, id=9361, stack(0x00007f8051389000,0x00007f805148a000)]

Other Threads:
  0x00007f807411ebd0 VMThread "VM Thread" [stack: 0x00007f8060494000,0x00007f8060594000] [id=9349]
  0x00007f8074096280 WorkerThread "GC Thread#0" [stack: 0x00007f8078187000,0x00007f8078287000] [id=9334]
  0x00007f80740a70a0 ConcurrentGCThread "G1 Main Marker" [stack: 0x00007f8078085000,0x00007f8078185000] [id=9335]
  0x00007f80740a7fa0 WorkerThread "G1 Conc#0" [stack: 0x00007f806114e000,0x00007f806124e000] [id=9336]
  0x00007f80740f33a0 ConcurrentGCThread "G1 Refine#0" [stack: 0x00007f8060844000,0x00007f8060944000] [id=9341]
  0x00007f80740f4270 ConcurrentGCThread "G1 Service" [stack: 0x00007f8060742000,0x00007f8060842000] [id=9342]

Threads with active compile tasks:
C1 CompilerThread0      124  110       1       java.util.Arrays::copyOfRange (64 bytes)

VM state: not at safepoint (normal execution)

VM Mutex/Monitor currently owned by a thread:  ([mutex/lock_event])
[0x00007f8074024a50] MethodCompileQueue_lock - owner thread: 0x00007f807412cde0
[0x00007f8074026350] CodeCache_lock - owner thread: 0x00007f807412cde0
[0x00007f80740266c0] Compile_lock - owner thread: 0x00007f807412cde0

Heap address: 0x0000000707e00000, size: 3970 MB, Compressed Oops mode: Zero based, Oop shift amount: 3

CDS archive(s) mapped at: [0x0000000800000000-0x0000000800bae000-0x0000000800bae000), size 12247040, SharedBaseAddress: 0x0000000800000000, ArchiveRelocationMode: 0.
Compressed class space mapped at: 0x0000000800c00000-0x0000000840c00000, reserved size: 1073741824
Narrow klass base: 0x0000000800000000, Narrow klass shift: 0, Narrow klass range: 0x100000000

GC Precious Log:
 CardTable entry size: 512
 Card Set container configuration: InlinePtr #cards 4 size 8 Array Of Cards #cards 16 size 48 Howl #buckets 8 coarsen threshold 3686 Howl Bitmap #cards 512 size 80 coarsen threshold 460 Card regions per heap region 1 cards per card region 4096
 CPUs: 8 total, 8 available
 Memory: 15878M
 Large Page Support: Disabled
 NUMA Support: Disabled
 Compressed Oops: Enabled (Zero based)
 Heap Region Size: 2M
 Heap Min Capacity: 8M
 Heap Initial Capacity: 250M
 Heap Max Capacity: 3970M
 Pre-touch: Disabled
 Parallel Workers: 8
 Concurrent Workers: 2
 Concurrent Refinement Workers: 8
 Periodic GC: Disabled

Heap:
 garbage-first heap   total 260096K, used 1964K [0x0000000707e00000, 0x0000000800000000)
  region size 2048K, 1 young (2048K), 0 survivors (0K)
 Metaspace       used 135K, committed 384K, reserved 1114112K
  class space    used 4K, committed 128K, reserved 1048576K

Heap Regions: E=young(eden), S=young(survivor), O=old, HS=humongous(starts), HC=humongous(continues), CS=collection set, F=free, OA=open archive, CA=closed archive, TAMS=top-at-mark-start (previous, next)
|   0|0x0000000707e00000, 0x0000000707e00000, 0x0000000708000000|  0%| F|  |TAMS 0x0000000707e00000, 0x0000000707e00000| Untracked 
|   1|0x0000000708000000, 0x0000000708000000, 0x0000000708200000|  0%| F|  |TAMS 0x0000000708000000, 0x0000000708000000| Untracked 
|   2|0x0000000708200000, 0x0000000708200000, 0x0000000708400000|  0%| F|  |TAMS 0x0000000708200000, 0x0000000708200000| Untracked 
|   3|0x0000000708400000, 0x0000000708400000, 0x0000000708600000|  0%| F|  |TAMS 0x0000000708400000, 0x0000000708400000| Untracked 
|   4|0x0000000708600000, 0x0000000708600000, 0x0000000708800000|  0%| F|  |TAMS 0x0000000708600000, 0x0000000708600000| Untracked 
|   5|0x0000000708800000, 0x0000000708800000, 0x0000000708a00000|  0%| F|  |TAMS 0x0000000708800000, 0x0000000708800000| Untracked 
|   6|0x0000000708a00000, 0x0000000708a00000, 0x0000000708c00000|  0%| F|  |TAMS 0x0000000708a00000, 0x0000000708a00000| Untracked 
|   7|0x0000000708c00000, 0x0000000708c00000, 0x0000000708e00000|  0%| F|  |TAMS 0x0000000708c00000, 0x0000000708c00000| Untracked 
|   8|0x0000000708e00000, 0x0000000708e00000, 0x0000000709000000|  0%| F|  |TAMS 0x0000000708e00000, 0x0000000708e00000| Untracked 
|   9|0x0000000709000000, 0x0000000709000000, 0x0000000709200000|  0%| F|  |TAMS 0x0000000709000000, 0x0000000709000000| Untracked 
|  10|0x0000000709200000, 0x0000000709200000, 0x0000000709400000|  0%| F|  |TAMS 0x0000000709200000, 0x0000000709200000| Untracked 
|  11|0x0000000709400000, 0x0000000709400000, 0x0000000709600000|  0%| F|  |TAMS 0x0000000709400000, 0x0000000709400000| Untracked 
|  12|0x0000000709600000, 0x0000000709600000, 0x0000000709800000|  0%| F|  |TAMS 0x0000000709600000, 0x0000000709600000| Untracked 
|  13|0x0000000709800000, 0x0000000709800000, 0x0000000709a00000|  0%| F|  |TAMS 0x0000000709800000, 0x0000000709800000| Untracked 
|  14|0x0000000709a00000, 0x0000000709a00000, 0x0000000709c00000|  0%| F|  |TAMS 0x0000000709a00000, 0x0000000709a00000| Untracked 
|  15|0x0000000709c00000, 0x0000000709c00000, 0x0000000709e00000|  0%| F|  |TAMS 0x0000000709c00000, 0x0000000709c00000| Untracked 
|  16|0x0000000709e00000, 0x0000000709e00000, 0x000000070a000000|  0%| F|  |TAMS 0x0000000709e00000, 0x0000000709e00000| Untracked 
|  17|0x000000070a000000, 0x000000070a000000, 0x000000070a200000|  0%| F|  |TAMS 0x000000070a000000, 0x000000070a000000| Untracked 
|  18|0x000000070a200000, 0x000000070a200000, 0x000000070a400000|  0%| F|  |TAMS 0x000000070a200000, 0x000000070a200000| Untracked 
|  19|0x000000070a400000, 0x000000070a400000, 0x000000070a600000|  0%| F|  |TAMS 0x000000070a400000, 0x000000070a400000| Untracked 
|  20|0x000000070a600000, 0x000000070a600000, 0x000000070a800000|  0%| F|  |TAMS 0x000000070a600000, 0x000000070a600000| Untracked 
|  21|0x000000070a800000, 0x000000070a800000, 0x000000070aa00000|  0%| F|  |TAMS 0x000000070a800000, 0x000000070a800000| Untracked 
|  22|0x000000070aa00000, 0x000000070aa00000, 0x000000070ac00000|  0%| F|  |TAMS 0x000000070aa00000, 0x000000070aa00000| Untracked 
|  23|0x000000070ac00000, 0x000000070ac00000, 0x000000070ae00000|  0%| F|  |TAMS 0x000000070ac00000, 0x000000070ac00000| Untracked 
|  24|0x000000070ae00000, 0x000000070ae00000, 0x000000070b000000|  0%| F|  |TAMS 0x000000070ae00000, 0x000000070ae00000| Untracked 
|  25|0x000000070b000000, 0x000000070b000000, 0x000000070b200000|  0%| F|  |TAMS 0x000000070b000000, 0x000000070b000000| Untracked 
|  26|0x000000070b200000, 0x000000070b200000, 0x000000070b400000|  0%| F|  |TAMS 0x000000070b200000, 0x000000070b200000| Untracked 
|  27|0x000000070b400000, 0x000000070b400000, 0x000000070b600000|  0%| F|  |TAMS 0x000000070b400000, 0x000000070b400000| Untracked 
|  28|0x000000070b600000, 0x000000070b600000, 0x000000070b800000|  0%| F|  |TAMS 0x000000070b600000, 0x000000070b600000| Untracked 
|  29|0x000000070b800000, 0x000000070b800000, 0x000000070ba00000|  0%| F|  |TAMS 0x000000070b800000, 0x000000070b800000| Untracked 
|  30|0x000000070ba00000, 0x000000070ba00000, 0x000000070bc00000|  0%| F|  |TAMS 0x000000070ba00000, 0x000000070ba00000| Untracked 
|  31|0x000000070bc00000, 0x000000070bc00000, 0x000000070be00000|  0%| F|  |TAMS 0x000000070bc00000, 0x000000070bc00000| Untracked 
|  32|0x000000070be00000, 0x000000070be00000, 0x000000070c000000|  0%| F|  |TAMS 0x000000070be00000, 0x000000070be00000| Untracked 
|  33|0x000000070c000000, 0x000000070c000000, 0x000000070c200000|  0%| F|  |TAMS 0x000000070c000000, 0x000000070c000000| Untracked 
|  34|0x000000070c200000, 0x000000070c200000, 0x000000070c400000|  0%| F|  |TAMS 0x000000070c200000, 0x000000070c200000| Untracked 
|  35|0x000000070c400000, 0x000000070c400000, 0x000000070c600000|  0%| F|  |TAMS 0x000000070c400000, 0x000000070c400000| Untracked 
|  36|0x000000070c600000, 0x000000070c600000, 0x000000070c800000|  0%| F|  |TAMS 0x000000070c600000, 0x000000070c600000| Untracked 
|  37|0x000000070c800000, 0x000000070c800000, 0x000000070ca00000|  0%| F|  |TAMS 0x000000070c800000, 0x000000070c800000| Untracked 
|  38|0x000000070ca00000, 0x000000070ca00000, 0x000000070cc00000|  0%| F|  |TAMS 0x000000070ca00000, 0x000000070ca00000| Untracked 
|  39|0x000000070cc00000, 0x000000070cc00000, 0x000000070ce00000|  0%| F|  |TAMS 0x000000070cc00000, 0x000000070cc00000| Untracked 
|  40|0x000000070ce00000, 0x000000070ce00000, 0x000000070d000000|  0%| F|  |TAMS 0x000000070ce00000, 0x000000070ce00000| Untracked 
|  41|0x000000070d000000, 0x000000070d000000, 0x000000070d200000|  0%| F|  |TAMS 0x000000070d000000, 0x000000070d000000| Untracked 
|  42|0x000000070d200000, 0x000000070d200000, 0x000000070d400000|  0%| F|  |TAMS 0x000000070d200000, 0x000000070d200000| Untracked 
|  43|0x000000070d400000, 0x000000070d400000, 0x000000070d600000|  0%| F|  |TAMS 0x000000070d400000, 0x000000070d400000| Untracked 
|  44|0x000000070d600000, 0x000000070d600000, 0x000000070d800000|  0%| F|  |TAMS 0x000000070d600000, 0x000000070d600000| Untracked 
|  45|0x000000070d800000, 0x000000070d800000, 0x000000070da00000|  0%| F|  |TAMS 0x000000070d800000, 0x000000070d800000| Untracked 
|  46|0x000000070da00000, 0x000000070da00000, 0x000000070dc00000|  0%| F|  |TAMS 0x000000070da00000, 0x000000070da00000| Untracked 
|  47|0x000000070dc00000, 0x000000070dc00000, 0x000000070de00000|  0%| F|  |TAMS 0x000000070dc00000, 0x000000070dc00000| Untracked 
|  48|0x000000070de00000, 0x000000070de00000, 0x000000070e000000|  0%| F|  |TAMS 0x000000070de00000, 0x000000070de00000| Untracked 
|  49|0x000000070e000000, 0x000000070e000000, 0x000000070e200000|  0%| F|  |TAMS 0x000000070e000000, 0x000000070e000000| Untracked 
|  50|0x000000070e200000, 0x000000070e200000, 0x000000070e400000|  0%| F|  |TAMS 0x000000070e200000, 0x000000070e200000| Untracked 
|  51|0x000000070e400000, 0x000000070e400000, 0x000000070e600000|  0%| F|  |TAMS 0x000000070e400000, 0x000000070e400000| Untracked 
|  52|0x000000070e600000, 0x000000070e600000, 0x000000070e800000|  0%| F|  |TAMS 0x000000070e600000, 0x000000070e600000| Untracked 
|  53|0x000000070e800000, 0x000000070e800000, 0x000000070ea00000|  0%| F|  |TAMS 0x000000070e800000, 0x000000070e800000| Untracked 
|  54|0x000000070ea00000, 0x000000070ea00000, 0x000000070ec00000|  0%| F|  |TAMS 0x000000070ea00000, 0x000000070ea00000| Untracked 
|  55|0x000000070ec00000, 0x000000070ec00000, 0x000000070ee00000|  0%| F|  |TAMS 0x000000070ec00000, 0x000000070ec00000| Untracked 
|  56|0x000000070ee00000, 0x000000070ee00000, 0x000000070f000000|  0%| F|  |TAMS 0x000000070ee00000, 0x000000070ee00000| Untracked 
|  57|0x000000070f000000, 0x000000070f000000, 0x000000070f200000|  0%| F|  |TAMS 0x000000070f000000, 0x000000070f000000| Untracked 
|  58|0x000000070f200000, 0x000000070f200000, 0x000000070f400000|  0%| F|  |TAMS 0x000000070f200000, 0x000000070f200000| Untracked 
|  59|0x000000070f400000, 0x000000070f400000, 0x000000070f600000|  0%| F|  |TAMS 0x000000070f400000, 0x000000070f400000| Untracked 
|  60|0x000000070f600000, 0x000000070f600000, 0x000000070f800000|  0%| F|  |TAMS 0x000000070f600000, 0x000000070f600000| Untracked 
|  61|0x000000070f800000, 0x000000070f800000, 0x000000070fa00000|  0%| F|  |TAMS 0x000000070f800000, 0x000000070f800000| Untracked 
|  62|0x000000070fa00000, 0x000000070fa00000, 0x000000070fc00000|  0%| F|  |TAMS 0x000000070fa00000, 0x000000070fa00000| Untracked 
|  63|0x000000070fc00000, 0x000000070fc00000, 0x000000070fe00000|  0%| F|  |TAMS 0x000000070fc00000, 0x000000070fc00000| Untracked 
|  64|0x000000070fe00000, 0x000000070fe00000, 0x0000000710000000|  0%| F|  |TAMS 0x000000070fe00000, 0x000000070fe00000| Untracked 
|  65|0x0000000710000000, 0x0000000710000000, 0x0000000710200000|  0%| F|  |TAMS 0x0000000710000000, 0x0000000710000000| Untracked 
|  66|0x0000000710200000, 0x0000000710200000, 0x0000000710400000|  0%| F|  |TAMS 0x0000000710200000, 0x0000000710200000| Untracked 
|  67|0x0000000710400000, 0x0000000710400000, 0x0000000710600000|  0%| F|  |TAMS 0x0000000710400000, 0x0000000710400000| Untracked 
|  68|0x0000000710600000, 0x0000000710600000, 0x0000000710800000|  0%| F|  |TAMS 0x0000000710600000, 0x0000000710600000| Untracked 
|  69|0x0000000710800000, 0x0000000710800000, 0x0000000710a00000|  0%| F|  |TAMS 0x0000000710800000, 0x0000000710800000| Untracked 
|  70|0x0000000710a00000, 0x0000000710a00000, 0x0000000710c00000|  0%| F|  |TAMS 0x0000000710a00000, 0x0000000710a00000| Untracked 
|  71|0x0000000710c00000, 0x0000000710c00000, 0x0000000710e00000|  0%| F|  |TAMS 0x0000000710c00000, 0x0000000710c00000| Untracked 
|  72|0x0000000710e00000, 0x0000000710e00000, 0x0000000711000000|  0%| F|  |TAMS 0x0000000710e00000, 0x0000000710e00000| Untracked 
|  73|0x0000000711000000, 0x0000000711000000, 0x0000000711200000|  0%| F|  |TAMS 0x0000000711000000, 0x0000000711000000| Untracked 
|  74|0x0000000711200000, 0x0000000711200000, 0x0000000711400000|  0%| F|  |TAMS 0x0000000711200000, 0x0000000711200000| Untracked 
|  75|0x0000000711400000, 0x0000000711400000, 0x0000000711600000|  0%| F|  |TAMS 0x0000000711400000, 0x0000000711400000| Untracked 
|  76|0x0000000711600000, 0x0000000711600000, 0x0000000711800000|  0%| F|  |TAMS 0x0000000711600000, 0x0000000711600000| Untracked 
|  77|0x0000000711800000, 0x0000000711800000, 0x0000000711a00000|  0%| F|  |TAMS 0x0000000711800000, 0x0000000711800000| Untracked 
|  78|0x0000000711a00000, 0x0000000711a00000, 0x0000000711c00000|  0%| F|  |TAMS 0x0000000711a00000, 0x0000000711a00000| Untracked 
|  79|0x0000000711c00000, 0x0000000711c00000, 0x0000000711e00000|  0%| F|  |TAMS 0x0000000711c00000, 0x0000000711c00000| Untracked 
|  80|0x0000000711e00000, 0x0000000711e00000, 0x0000000712000000|  0%| F|  |TAMS 0x0000000711e00000, 0x0000000711e00000| Untracked 
|  81|0x0000000712000000, 0x0000000712000000, 0x0000000712200000|  0%| F|  |TAMS 0x0000000712000000, 0x0000000712000000| Untracked 
|  82|0x0000000712200000, 0x0000000712200000, 0x0000000712400000|  0%| F|  |TAMS 0x0000000712200000, 0x0000000712200000| Untracked 
|  83|0x0000000712400000, 0x0000000712400000, 0x0000000712600000|  0%| F|  |TAMS 0x0000000712400000, 0x0000000712400000| Untracked 
|  84|0x0000000712600000, 0x0000000712600000, 0x0000000712800000|  0%| F|  |TAMS 0x0000000712600000, 0x0000000712600000| Untracked 
|  85|0x0000000712800000, 0x0000000712800000, 0x0000000712a00000|  0%| F|  |TAMS 0x0000000712800000, 0x0000000712800000| Untracked 
|  86|0x0000000712a00000, 0x0000000712a00000, 0x0000000712c00000|  0%| F|  |TAMS 0x0000000712a00000, 0x0000000712a00000| Untracked 
|  87|0x0000000712c00000, 0x0000000712c00000, 0x0000000712e00000|  0%| F|  |TAMS 0x0000000712c00000, 0x0000000712c00000| Untracked 
|  88|0x0000000712e00000, 0x0000000712e00000, 0x0000000713000000|  0%| F|  |TAMS 0x0000000712e00000, 0x0000000712e00000| Untracked 
|  89|0x0000000713000000, 0x0000000713000000, 0x0000000713200000|  0%| F|  |TAMS 0x0000000713000000, 0x0000000713000000| Untracked 
|  90|0x0000000713200000, 0x0000000713200000, 0x0000000713400000|  0%| F|  |TAMS 0x0000000713200000, 0x0000000713200000| Untracked 
|  91|0x0000000713400000, 0x0000000713400000, 0x0000000713600000|  0%| F|  |TAMS 0x0000000713400000, 0x0000000713400000| Untracked 
|  92|0x0000000713600000, 0x0000000713600000, 0x0000000713800000|  0%| F|  |TAMS 0x0000000713600000, 0x0000000713600000| Untracked 
|  93|0x0000000713800000, 0x0000000713800000, 0x0000000713a00000|  0%| F|  |TAMS 0x0000000713800000, 0x0000000713800000| Untracked 
|  94|0x0000000713a00000, 0x0000000713a00000, 0x0000000713c00000|  0%| F|  |TAMS 0x0000000713a00000, 0x0000000713a00000| Untracked 
|  95|0x0000000713c00000, 0x0000000713c00000, 0x0000000713e00000|  0%| F|  |TAMS 0x0000000713c00000, 0x0000000713c00000| Untracked 
|  96|0x0000000713e00000, 0x0000000713e00000, 0x0000000714000000|  0%| F|  |TAMS 0x0000000713e00000, 0x0000000713e00000| Untracked 
|  97|0x0000000714000000, 0x0000000714000000, 0x0000000714200000|  0%| F|  |TAMS 0x0000000714000000, 0x0000000714000000| Untracked 
|  98|0x0000000714200000, 0x0000000714200000, 0x0000000714400000|  0%| F|  |TAMS 0x0000000714200000, 0x0000000714200000| Untracked 
|  99|0x0000000714400000, 0x0000000714400000, 0x0000000714600000|  0%| F|  |TAMS 0x0000000714400000, 0x0000000714400000| Untracked 
| 100|0x0000000714600000, 0x0000000714600000, 0x0000000714800000|  0%| F|  |TAMS 0x0000000714600000, 0x0000000714600000| Untracked 
| 101|0x0000000714800000, 0x0000000714800000, 0x0000000714a00000|  0%| F|  |TAMS 0x0000000714800000, 0x0000000714800000| Untracked 
| 102|0x0000000714a00000, 0x0000000714a00000, 0x0000000714c00000|  0%| F|  |TAMS 0x0000000714a00000, 0x0000000714a00000| Untracked 
| 103|0x0000000714c00000, 0x0000000714c00000, 0x0000000714e00000|  0%| F|  |TAMS 0x0000000714c00000, 0x0000000714c00000| Untracked 
| 104|0x0000000714e00000, 0x0000000714e00000, 0x0000000715000000|  0%| F|  |TAMS 0x0000000714e00000, 0x0000000714e00000| Untracked 
| 105|0x0000000715000000, 0x0000000715000000, 0x0000000715200000|  0%| F|  |TAMS 0x0000000715000000, 0x0000000715000000| Untracked 
| 106|0x0000000715200000, 0x0000000715200000, 0x0000000715400000|  0%| F|  |TAMS 0x0000000715200000, 0x0000000715200000| Untracked 
| 107|0x0000000715400000, 0x0000000715400000, 0x0000000715600000|  0%| F|  |TAMS 0x0000000715400000, 0x0000000715400000| Untracked 
| 108|0x0000000715600000, 0x0000000715600000, 0x0000000715800000|  0%| F|  |TAMS 0x0000000715600000, 0x0000000715600000| Untracked 
| 109|0x0000000715800000, 0x0000000715800000, 0x0000000715a00000|  0%| F|  |TAMS 0x0000000715800000, 0x0000000715800000| Untracked 
| 110|0x0000000715a00000, 0x0000000715a00000, 0x0000000715c00000|  0%| F|  |TAMS 0x0000000715a00000, 0x0000000715a00000| Untracked 
| 111|0x0000000715c00000, 0x0000000715c00000, 0x0000000715e00000|  0%| F|  |TAMS 0x0000000715c00000, 0x0000000715c00000| Untracked 
| 112|0x0000000715e00000, 0x0000000715e00000, 0x0000000716000000|  0%| F|  |TAMS 0x0000000715e00000, 0x0000000715e00000| Untracked 
| 113|0x0000000716000000, 0x0000000716000000, 0x0000000716200000|  0%| F|  |TAMS 0x0000000716000000, 0x0000000716000000| Untracked 
| 114|0x0000000716200000, 0x0000000716200000, 0x0000000716400000|  0%| F|  |TAMS 0x0000000716200000, 0x0000000716200000| Untracked 
| 115|0x0000000716400000, 0x0000000716400000, 0x0000000716600000|  0%| F|  |TAMS 0x0000000716400000, 0x0000000716400000| Untracked 
| 116|0x0000000716600000, 0x0000000716600000, 0x0000000716800000|  0%| F|  |TAMS 0x0000000716600000, 0x0000000716600000| Untracked 
| 117|0x0000000716800000, 0x0000000716800000, 0x0000000716a00000|  0%| F|  |TAMS 0x0000000716800000, 0x0000000716800000| Untracked 
| 118|0x0000000716a00000, 0x0000000716a00000, 0x0000000716c00000|  0%| F|  |TAMS 0x0000000716a00000, 0x0000000716a00000| Untracked 
| 119|0x0000000716c00000, 0x0000000716c00000, 0x0000000716e00000|  0%| F|  |TAMS 0x0000000716c00000, 0x0000000716c00000| Untracked 
| 120|0x0000000716e00000, 0x0000000716e00000, 0x0000000717000000|  0%| F|  |TAMS 0x0000000716e00000, 0x0000000716e00000| Untracked 
| 121|0x0000000717000000, 0x0000000717000000, 0x0000000717200000|  0%| F|  |TAMS 0x0000000717000000, 0x0000000717000000| Untracked 
| 122|0x0000000717200000, 0x0000000717200000, 0x0000000717400000|  0%| F|  |TAMS 0x0000000717200000, 0x0000000717200000| Untracked 
| 123|0x0000000717400000, 0x0000000717400000, 0x0000000717600000|  0%| F|  |TAMS 0x0000000717400000, 0x0000000717400000| Untracked 
| 124|0x0000000717600000, 0x0000000717751f18, 0x0000000717800000| 66%| E|  |TAMS 0x0000000717600000, 0x0000000717600000| Complete 
|1983|0x00000007ffc00000, 0x00000007ffd75000, 0x00000007ffe00000| 72%|OA|  |TAMS 0x00000007ffc00000, 0x00000007ffc00000| Untracked 
|1984|0x00000007ffe00000, 0x00000007ffe76000, 0x0000000800000000| 23%|CA|  |TAMS 0x00000007ffe00000, 0x00000007ffe00000| Untracked 

Card table byte_map: [0x00007f8078307000,0x00007f8078ac8000] _byte_map_base: 0x00007f8074ac8000

Marking Bits (Prev, Next): (CMBitMap*) 0x00007f8074096cf0, (CMBitMap*) 0x00007f8074096d30
 Prev Bits: [0x00007f8065056000, 0x00007f8068e5e000)
 Next Bits: [0x00007f806124e000, 0x00007f8065056000)

Polling page: 0x00007f807b2a5000

Metaspace:

Usage:
  Non-class:    131.41 KB used.
      Class:      4.36 KB used.
       Both:    135.77 KB used.

Virtual space:
  Non-class space:       64.00 MB reserved,     256.00 KB ( <1%) committed,  1 nodes.
      Class space:        1.00 GB reserved,     128.00 KB ( <1%) committed,  1 nodes.
             Both:        1.06 GB reserved,     384.00 KB ( <1%) committed. 

Chunk freelists:
   Non-Class:  4.00 MB
       Class:  3.75 MB
        Both:  7.74 MB

MaxMetaspaceSize: unlimited
CompressedClassSpaceSize: 1.00 GB
Initial GC threshold: 21.00 MB
Current GC threshold: 21.00 MB
CDS: on
MetaspaceReclaimPolicy: balanced
 - commit_granule_bytes: 65536.
 - commit_granule_words: 8192.
 - virtual_space_node_default_size: 8388608.
 - enlarge_chunks_in_place: 1.
 - new_chunks_are_fully_committed: 0.
 - uncommit_free_chunks: 1.
 - use_allocation_guard: 0.


Internal statistics:

num_allocs_failed_limit: 0.
num_arena_births: 6.
num_arena_deaths: 0.
num_vsnodes_births: 2.
num_vsnodes_deaths: 0.
num_space_committed: 6.
num_space_uncommitted: 0.
num_chunks_returned_to_freelist: 0.
num_chunks_taken_from_freelist: 7.
num_chunk_merges: 0.
num_chunk_splits: 4.
num_chunks_enlarged: 2.
num_inconsistent_stats: 0.

CodeCache: size=49152Kb used=2851Kb max_used=2851Kb free=46300Kb
 bounds [0x00007f806961f000, 0x00007f80698ef000, 0x00007f806c61f000]
 total_blobs=433 nmethods=111 adapters=247
 compilation: enabled
              stopped_count=0, restarted_count=0
 full_count=0

Compilation events (20 events):
Event: 0.077 Thread 0x00007f807412cde0 nmethod 97 0x00007f80698e4290 code [0x00007f80698e44c0, 0x00007f80698e4ea0]
Event: 0.077 Thread 0x00007f802c044b90  103       1       java.lang.module.ModuleDescriptor::provides (5 bytes)
Event: 0.077 Thread 0x00007f802c044b90 nmethod 103 0x00007f80698e5310 code [0x00007f80698e54a0, 0x00007f80698e5570]
Event: 0.078 Thread 0x00007f802c0460c0  104       1       java.lang.module.ModuleDescriptor::exports (5 bytes)
Event: 0.078 Thread 0x00007f802c0460c0 nmethod 104 0x00007f80698e5610 code [0x00007f80698e57a0, 0x00007f80698e5870]
Event: 0.078 Thread 0x00007f807412cde0  105       1       java.util.ImmutableCollections$Set12$1::next (95 bytes)
Event: 0.078 Thread 0x00007f807412cde0 nmethod 105 0x00007f80698e5910 code [0x00007f80698e5ac0, 0x00007f80698e5ca0]
Event: 0.079 Thread 0x00007f802c043a30  106       1       java.util.HashMap::<init> (11 bytes)
Event: 0.079 Thread 0x00007f802c043a30 nmethod 106 0x00007f80698e5d90 code [0x00007f80698e5f20, 0x00007f80698e5ff0]
Event: 0.079 Thread 0x00007f807412cde0  107       1       java.lang.module.ModuleDescriptor::uses (5 bytes)
Event: 0.079 Thread 0x00007f807412cde0 nmethod 107 0x00007f80698e6090 code [0x00007f80698e6220, 0x00007f80698e62f0]
Event: 0.079 Thread 0x00007f802c043a30  108       1       java.lang.String::<init> (15 bytes)
Event: 0.079 Thread 0x00007f807412cde0  110       1       java.util.Arrays::copyOfRange (64 bytes)
Event: 0.079 Thread 0x00007f802c044b90  109       1       java.lang.StringLatin1::newString (24 bytes)
Event: 0.079 Thread 0x00007f802c043a30 nmethod 108 0x00007f80698e6390 code [0x00007f80698e6520, 0x00007f80698e6630]
Event: 0.079 Thread 0x00007f802c043a30  111       1       java.lang.Math::min (11 bytes)
Event: 0.080 Thread 0x00007f802c043a30 nmethod 111 0x00007f80698e6690 code [0x00007f80698e6820, 0x00007f80698e68d0]
Event: 0.080 Thread 0x00007f802c044b90 nmethod 109 0x00007f80698e6990 code [0x00007f80698e6b40, 0x00007f80698e6d00]
Event: 0.080 Thread 0x00007f802c044b90  112       1       java.lang.StringLatin1::lastIndexOf (125 bytes)
Event: 0.080 Thread 0x00007f802c044b90 nmethod 112 0x00007f80698e6d90 code [0x00007f80698e6f40, 0x00007f80698e7150]

GC Heap History (0 events):
No events

Deoptimization events (0 events):
No events

Classes loaded (2 events):
Event: 0.038 Loading class sun/nio/cs/UTF_8$Encoder
Event: 0.038 Loading class sun/nio/cs/UTF_8$Encoder done

Classes unloaded (0 events):
No events

Classes redefined (0 events):
No events

Internal exceptions (0 events):
No events

VM Operations (0 events):
No events

Events (20 events):
Event: 0.035 Thread 0x00007f8074123200 Thread added: 0x00007f8074123200
Event: 0.035 Protecting memory [0x00007f8060290000,0x00007f8060294000] with protection modes 0
Event: 0.039 Thread 0x00007f80741290e0 Thread added: 0x00007f80741290e0
Event: 0.039 Protecting memory [0x00007f806018f000,0x00007f8060193000] with protection modes 0
Event: 0.039 Thread 0x00007f807412a480 Thread added: 0x00007f807412a480
Event: 0.039 Protecting memory [0x00007f806008e000,0x00007f8060092000] with protection modes 0
Event: 0.039 Thread 0x00007f807412b880 Thread added: 0x00007f807412b880
Event: 0.039 Protecting memory [0x00007f805198f000,0x00007f8051993000] with protection modes 0
Event: 0.039 Thread 0x00007f807412cde0 Thread added: 0x00007f807412cde0
Event: 0.039 Protecting memory [0x00007f805188e000,0x00007f8051892000] with protection modes 0
Event: 0.039 Thread 0x00007f8074136220 Thread added: 0x00007f8074136220
Event: 0.039 Protecting memory [0x00007f805178d000,0x00007f8051791000] with protection modes 0
Event: 0.063 Thread 0x00007f8074143c80 Thread added: 0x00007f8074143c80
Event: 0.063 Protecting memory [0x00007f805158b000,0x00007f805158f000] with protection modes 0
Event: 0.069 Thread 0x00007f802c043a30 Thread added: 0x00007f802c043a30
Event: 0.069 Protecting memory [0x00007f805168c000,0x00007f8051690000] with protection modes 0
Event: 0.069 Thread 0x00007f802c044b90 Thread added: 0x00007f802c044b90
Event: 0.069 Protecting memory [0x00007f805148a000,0x00007f805148e000] with protection modes 0
Event: 0.069 Thread 0x00007f802c0460c0 Thread added: 0x00007f802c0460c0
Event: 0.073 Protecting memory [0x00007f8051389000,0x00007f805138d000] with protection modes 0


Dynamic libraries:
707e00000-717800000 rw-p 00000000 00:00 0 
717800000-7ffc00000 ---p 00000000 00:00 0 
7ffc00000-7ffd00000 rw-p 00000000 00:00 0 
7ffd00000-7ffd75000 rw-p 00c5c000 08:02 28967507                         /home/divum/.jdks/openjdk-18.0.2.1/lib/server/classes.jsa
7ffd75000-7ffe00000 rw-p 00000000 00:00 0 
7ffe00000-7ffe76000 rw-p 00be6000 08:02 28967507                         /home/divum/.jdks/openjdk-18.0.2.1/lib/server/classes.jsa
7ffe76000-800000000 rw-p 00000000 00:00 0 
800000000-800448000 rw-p 00001000 08:02 28967507                         /home/divum/.jdks/openjdk-18.0.2.1/lib/server/classes.jsa
800448000-800bae000 r--p 00449000 08:02 28967507                         /home/divum/.jdks/openjdk-18.0.2.1/lib/server/classes.jsa
800bae000-800c00000 ---p 00000000 00:00 0 
800c00000-800c10000 rw-p 00000000 00:00 0 
800c10000-800c40000 ---p 00000000 00:00 0 
800c40000-800c50000 rw-p 00000000 00:00 0 
800c50000-840c00000 ---p 00000000 00:00 0 
564d22a40000-564d22a41000 r-xp 00000000 08:02 28966994                   /home/divum/.jdks/openjdk-18.0.2.1/bin/java
564d22a42000-564d22a43000 r--p 00001000 08:02 28966994                   /home/divum/.jdks/openjdk-18.0.2.1/bin/java
564d22a43000-564d22a44000 rw-p 00002000 08:02 28966994                   /home/divum/.jdks/openjdk-18.0.2.1/bin/java
564d246c5000-564d2470e000 rw-p 00000000 00:00 0                          [heap]
7f8014000000-7f8014021000 rw-p 00000000 00:00 0 
7f8014021000-7f8018000000 ---p 00000000 00:00 0 
7f8018000000-7f8018021000 rw-p 00000000 00:00 0 
7f8018021000-7f801c000000 ---p 00000000 00:00 0 
7f801c000000-7f801c021000 rw-p 00000000 00:00 0 
7f801c021000-7f8020000000 ---p 00000000 00:00 0 
7f8020000000-7f8020021000 rw-p 00000000 00:00 0 
7f8020021000-7f8024000000 ---p 00000000 00:00 0 
7f8024000000-7f8024021000 rw-p 00000000 00:00 0 
7f8024021000-7f8028000000 ---p 00000000 00:00 0 
7f8028000000-7f8028021000 rw-p 00000000 00:00 0 
7f8028021000-7f802c000000 ---p 00000000 00:00 0 
7f802c000000-7f802c091000 rw-p 00000000 00:00 0 
7f802c091000-7f8030000000 ---p 00000000 00:00 0 
7f8030000000-7f8030021000 rw-p 00000000 00:00 0 
7f8030021000-7f8034000000 ---p 00000000 00:00 0 
7f8034000000-7f8034021000 rw-p 00000000 00:00 0 
7f8034021000-7f8038000000 ---p 00000000 00:00 0 
7f8038000000-7f8038021000 rw-p 00000000 00:00 0 
7f8038021000-7f803c000000 ---p 00000000 00:00 0 
7f803c000000-7f803c021000 rw-p 00000000 00:00 0 
7f803c021000-7f8040000000 ---p 00000000 00:00 0 
7f8040000000-7f8040021000 rw-p 00000000 00:00 0 
7f8040021000-7f8044000000 ---p 00000000 00:00 0 
7f8044000000-7f8044021000 rw-p 00000000 00:00 0 
7f8044021000-7f8048000000 ---p 00000000 00:00 0 
7f8048000000-7f8048030000 rw-p 00000000 00:00 0 
7f8048030000-7f8048400000 ---p 00000000 00:00 0 
7f8048400000-7f8048410000 rw-p 00000000 00:00 0 
7f8048410000-7f804c000000 ---p 00000000 00:00 0 
7f804c000000-7f804c021000 rw-p 00000000 00:00 0 
7f804c021000-7f8050000000 ---p 00000000 00:00 0 
7f8050fb8000-7f8051389000 rw-p 00000000 00:00 0 
7f8051389000-7f805138d000 ---p 00000000 00:00 0 
7f805138d000-7f805148a000 rw-p 00000000 00:00 0 
7f805148a000-7f805148e000 ---p 00000000 00:00 0 
7f805148e000-7f805158b000 rw-p 00000000 00:00 0 
7f805158b000-7f805158f000 ---p 00000000 00:00 0 
7f805158f000-7f805168c000 rw-p 00000000 00:00 0 
7f805168c000-7f8051690000 ---p 00000000 00:00 0 
7f8051690000-7f805178d000 rw-p 00000000 00:00 0 
7f805178d000-7f8051791000 ---p 00000000 00:00 0 
7f8051791000-7f805188e000 rw-p 00000000 00:00 0 
7f805188e000-7f8051892000 ---p 00000000 00:00 0 
7f8051892000-7f805198f000 rw-p 00000000 00:00 0 
7f805198f000-7f8051993000 ---p 00000000 00:00 0 
7f8051993000-7f8051a90000 rw-p 00000000 00:00 0 
7f8051a90000-7f8052000000 r--p 00000000 08:02 21633276                   /usr/lib/locale/locale-archive
7f8052000000-7f8054000000 rw-p 00000000 00:00 0 
7f8054000000-7f8054021000 rw-p 00000000 00:00 0 
7f8054021000-7f8058000000 ---p 00000000 00:00 0 
7f8058000000-7f8058021000 rw-p 00000000 00:00 0 
7f8058021000-7f805c000000 ---p 00000000 00:00 0 
7f805c000000-7f805c021000 rw-p 00000000 00:00 0 
7f805c021000-7f8060000000 ---p 00000000 00:00 0 
7f806008e000-7f8060092000 ---p 00000000 00:00 0 
7f8060092000-7f806018f000 rw-p 00000000 00:00 0 
7f806018f000-7f8060193000 ---p 00000000 00:00 0 
7f8060193000-7f8060290000 rw-p 00000000 00:00 0 
7f8060290000-7f8060294000 ---p 00000000 00:00 0 
7f8060294000-7f8060391000 rw-p 00000000 00:00 0 
7f8060391000-7f8060395000 ---p 00000000 00:00 0 
7f8060395000-7f8060492000 rw-p 00000000 00:00 0 
7f8060492000-7f8060493000 ---p 00000000 00:00 0 
7f8060493000-7f8060594000 rw-p 00000000 00:00 0 
7f8060594000-7f8060662000 r-xp 00000000 08:02 28967473                   /home/divum/.jdks/openjdk-18.0.2.1/lib/libjsvml.so
7f8060662000-7f8060663000 r--p 000cd000 08:02 28967473                   /home/divum/.jdks/openjdk-18.0.2.1/lib/libjsvml.so
7f8060663000-7f8060664000 rw-p 000ce000 08:02 28967473                   /home/divum/.jdks/openjdk-18.0.2.1/lib/libjsvml.so
7f8060664000-7f8060740000 rw-p 00000000 00:00 0 
7f8060740000-7f8060741000 ---p 00000000 00:00 0 
7f8060741000-7f8060842000 rw-p 00000000 00:00 0 
7f8060842000-7f8060843000 ---p 00000000 00:00 0 
7f8060843000-7f806114c000 rw-p 00000000 00:00 0 
7f806114c000-7f806114d000 ---p 00000000 00:00 0 
7f806114d000-7f8061636000 rw-p 00000000 00:00 0 
7f8061636000-7f8065046000 ---p 00000000 00:00 0 
7f8065046000-7f806543e000 rw-p 00000000 00:00 0 
7f806543e000-7f8068e4e000 ---p 00000000 00:00 0 
7f8068e4e000-7f8068edb000 rw-p 00000000 00:00 0 
7f8068edb000-7f806961d000 ---p 00000000 00:00 0 
7f806961d000-7f806961f000 rw-p 00000000 00:00 0 
7f806961f000-7f80698ef000 rwxp 00000000 00:00 0 
7f80698ef000-7f806c61f000 ---p 00000000 00:00 0 
7f806c61f000-7f8074000000 r--s 00000000 08:02 28967489                   /home/divum/.jdks/openjdk-18.0.2.1/lib/modules
7f8074000000-7f8074148000 rw-p 00000000 00:00 0 
7f8074148000-7f8078000000 ---p 00000000 00:00 0 
7f8078042000-7f8078083000 rw-p 00000000 00:00 0 
7f8078083000-7f8078084000 ---p 00000000 00:00 0 
7f8078084000-7f8078185000 rw-p 00000000 00:00 0 
7f8078185000-7f8078186000 ---p 00000000 00:00 0 
7f8078186000-7f8078384000 rw-p 00000000 00:00 0 
7f8078384000-7f8078ac6000 ---p 00000000 00:00 0 
7f8078ac6000-7f8078b45000 rw-p 00000000 00:00 0 
7f8078b45000-7f8079287000 ---p 00000000 00:00 0 
7f8079287000-7f8079a97000 rw-p 00000000 00:00 0 
7f8079a97000-7f8079af1000 ---p 00000000 00:00 0 
7f8079af1000-7f8079af4000 r--p 00000000 08:02 21627006                   /usr/lib/x86_64-linux-gnu/libnss_files-2.31.so
7f8079af4000-7f8079afb000 r-xp 00003000 08:02 21627006                   /usr/lib/x86_64-linux-gnu/libnss_files-2.31.so
7f8079afb000-7f8079afd000 r--p 0000a000 08:02 21627006                   /usr/lib/x86_64-linux-gnu/libnss_files-2.31.so
7f8079afd000-7f8079afe000 r--p 0000b000 08:02 21627006                   /usr/lib/x86_64-linux-gnu/libnss_files-2.31.so
7f8079afe000-7f8079aff000 rw-p 0000c000 08:02 21627006                   /usr/lib/x86_64-linux-gnu/libnss_files-2.31.so
7f8079aff000-7f8079b05000 rw-p 00000000 00:00 0 
7f8079b07000-7f8079b0e000 r--s 00000000 08:02 22284023                   /usr/lib/x86_64-linux-gnu/gconv/gconv-modules.cache
7f8079b0e000-7f8079b16000 rw-s 00000000 08:02 24774935                   /tmp/hsperfdata_divum/9325
7f8079b16000-7f8079b3a000 r-xp 00000000 08:02 28967465                   /home/divum/.jdks/openjdk-18.0.2.1/lib/libjava.so
7f8079b3a000-7f8079b3b000 ---p 00024000 08:02 28967465                   /home/divum/.jdks/openjdk-18.0.2.1/lib/libjava.so
7f8079b3b000-7f8079b3c000 r--p 00024000 08:02 28967465                   /home/divum/.jdks/openjdk-18.0.2.1/lib/libjava.so
7f8079b3c000-7f8079b3d000 rw-p 00025000 08:02 28967465                   /home/divum/.jdks/openjdk-18.0.2.1/lib/libjava.so
7f8079b3d000-7f8079b3e000 rw-p 00000000 00:00 0 
7f8079b3e000-7f8079b59000 r-xp 00000000 08:02 28967469                   /home/divum/.jdks/openjdk-18.0.2.1/lib/libjimage.so
7f8079b59000-7f8079b5a000 ---p 0001b000 08:02 28967469                   /home/divum/.jdks/openjdk-18.0.2.1/lib/libjimage.so
7f8079b5a000-7f8079b5c000 r--p 0001b000 08:02 28967469                   /home/divum/.jdks/openjdk-18.0.2.1/lib/libjimage.so
7f8079b5c000-7f8079b5d000 rw-p 0001d000 08:02 28967469                   /home/divum/.jdks/openjdk-18.0.2.1/lib/libjimage.so
7f8079b5d000-7f8079b61000 ---p 00000000 00:00 0 
7f8079b61000-7f8079c5e000 rw-p 00000000 00:00 0 
7f8079c5e000-7f8079c6b000 r--p 00000000 08:02 21627000                   /usr/lib/x86_64-linux-gnu/libm-2.31.so
7f8079c6b000-7f8079d12000 r-xp 0000d000 08:02 21627000                   /usr/lib/x86_64-linux-gnu/libm-2.31.so
7f8079d12000-7f8079dab000 r--p 000b4000 08:02 21627000                   /usr/lib/x86_64-linux-gnu/libm-2.31.so
7f8079dab000-7f8079dac000 r--p 0014c000 08:02 21627000                   /usr/lib/x86_64-linux-gnu/libm-2.31.so
7f8079dac000-7f8079dad000 rw-p 0014d000 08:02 21627000                   /usr/lib/x86_64-linux-gnu/libm-2.31.so
7f8079dad000-7f8079daf000 r--p 00000000 08:02 21627110                   /usr/lib/x86_64-linux-gnu/librt-2.31.so
7f8079daf000-7f8079db3000 r-xp 00002000 08:02 21627110                   /usr/lib/x86_64-linux-gnu/librt-2.31.so
7f8079db3000-7f8079db5000 r--p 00006000 08:02 21627110                   /usr/lib/x86_64-linux-gnu/librt-2.31.so
7f8079db5000-7f8079db6000 r--p 00007000 08:02 21627110                   /usr/lib/x86_64-linux-gnu/librt-2.31.so
7f8079db6000-7f8079db7000 rw-p 00008000 08:02 21627110                   /usr/lib/x86_64-linux-gnu/librt-2.31.so
7f8079db7000-7f807aefd000 r-xp 00000000 08:02 28967510                   /home/divum/.jdks/openjdk-18.0.2.1/lib/server/libjvm.so
7f807aefd000-7f807aefe000 ---p 01146000 08:02 28967510                   /home/divum/.jdks/openjdk-18.0.2.1/lib/server/libjvm.so
7f807aefe000-7f807afbc000 r--p 01146000 08:02 28967510                   /home/divum/.jdks/openjdk-18.0.2.1/lib/server/libjvm.so
7f807afbc000-7f807afef000 rw-p 01204000 08:02 28967510                   /home/divum/.jdks/openjdk-18.0.2.1/lib/server/libjvm.so
7f807afef000-7f807b04c000 rw-p 00000000 00:00 0 
7f807b04c000-7f807b06e000 r--p 00000000 08:02 21626981                   /usr/lib/x86_64-linux-gnu/libc-2.31.so
7f807b06e000-7f807b1e6000 r-xp 00022000 08:02 21626981                   /usr/lib/x86_64-linux-gnu/libc-2.31.so
7f807b1e6000-7f807b234000 r--p 0019a000 08:02 21626981                   /usr/lib/x86_64-linux-gnu/libc-2.31.so
7f807b234000-7f807b238000 r--p 001e7000 08:02 21626981                   /usr/lib/x86_64-linux-gnu/libc-2.31.so
7f807b238000-7f807b23a000 rw-p 001eb000 08:02 21626981                   /usr/lib/x86_64-linux-gnu/libc-2.31.so
7f807b23a000-7f807b23e000 rw-p 00000000 00:00 0 
7f807b23e000-7f807b23f000 r--p 00000000 08:02 21626982                   /usr/lib/x86_64-linux-gnu/libdl-2.31.so
7f807b23f000-7f807b241000 r-xp 00001000 08:02 21626982                   /usr/lib/x86_64-linux-gnu/libdl-2.31.so
7f807b241000-7f807b242000 r--p 00003000 08:02 21626982                   /usr/lib/x86_64-linux-gnu/libdl-2.31.so
7f807b242000-7f807b243000 r--p 00003000 08:02 21626982                   /usr/lib/x86_64-linux-gnu/libdl-2.31.so
7f807b243000-7f807b244000 rw-p 00004000 08:02 21626982                   /usr/lib/x86_64-linux-gnu/libdl-2.31.so
7f807b244000-7f807b24a000 r--p 00000000 08:02 21627057                   /usr/lib/x86_64-linux-gnu/libpthread-2.31.so
7f807b24a000-7f807b25b000 r-xp 00006000 08:02 21627057                   /usr/lib/x86_64-linux-gnu/libpthread-2.31.so
7f807b25b000-7f807b261000 r--p 00017000 08:02 21627057                   /usr/lib/x86_64-linux-gnu/libpthread-2.31.so
7f807b261000-7f807b262000 r--p 0001c000 08:02 21627057                   /usr/lib/x86_64-linux-gnu/libpthread-2.31.so
7f807b262000-7f807b263000 rw-p 0001d000 08:02 21627057                   /usr/lib/x86_64-linux-gnu/libpthread-2.31.so
7f807b263000-7f807b267000 rw-p 00000000 00:00 0 
7f807b267000-7f807b275000 r-xp 00000000 08:02 28967470                   /home/divum/.jdks/openjdk-18.0.2.1/lib/libjli.so
7f807b275000-7f807b276000 ---p 0000e000 08:02 28967470                   /home/divum/.jdks/openjdk-18.0.2.1/lib/libjli.so
7f807b276000-7f807b277000 r--p 0000e000 08:02 28967470                   /home/divum/.jdks/openjdk-18.0.2.1/lib/libjli.so
7f807b277000-7f807b278000 rw-p 0000f000 08:02 28967470                   /home/divum/.jdks/openjdk-18.0.2.1/lib/libjli.so
7f807b278000-7f807b27a000 r--p 00000000 08:02 21633812                   /usr/lib/x86_64-linux-gnu/libz.so.1.2.11
7f807b27a000-7f807b28b000 r-xp 00002000 08:02 21633812                   /usr/lib/x86_64-linux-gnu/libz.so.1.2.11
7f807b28b000-7f807b291000 r--p 00013000 08:02 21633812                   /usr/lib/x86_64-linux-gnu/libz.so.1.2.11
7f807b291000-7f807b292000 ---p 00019000 08:02 21633812                   /usr/lib/x86_64-linux-gnu/libz.so.1.2.11
7f807b292000-7f807b293000 r--p 00019000 08:02 21633812                   /usr/lib/x86_64-linux-gnu/libz.so.1.2.11
7f807b293000-7f807b294000 rw-p 0001a000 08:02 21633812                   /usr/lib/x86_64-linux-gnu/libz.so.1.2.11
7f807b294000-7f807b296000 rw-p 00000000 00:00 0 
7f807b299000-7f807b2a3000 r-xp 00000000 08:02 28967460                   /home/divum/.jdks/openjdk-18.0.2.1/lib/libinstrument.so
7f807b2a3000-7f807b2a4000 r--p 00009000 08:02 28967460                   /home/divum/.jdks/openjdk-18.0.2.1/lib/libinstrument.so
7f807b2a4000-7f807b2a5000 rw-p 0000a000 08:02 28967460                   /home/divum/.jdks/openjdk-18.0.2.1/lib/libinstrument.so
7f807b2a5000-7f807b2a6000 ---p 00000000 00:00 0 
7f807b2a6000-7f807b2a7000 r--p 00000000 00:00 0 
7f807b2a7000-7f807b2a8000 r--p 00000000 08:02 21626954                   /usr/lib/x86_64-linux-gnu/ld-2.31.so
7f807b2a8000-7f807b2cb000 r-xp 00001000 08:02 21626954                   /usr/lib/x86_64-linux-gnu/ld-2.31.so
7f807b2cb000-7f807b2d3000 r--p 00024000 08:02 21626954                   /usr/lib/x86_64-linux-gnu/ld-2.31.so
7f807b2d3000-7f807b2d4000 ---p 00000000 00:00 0 
7f807b2d4000-7f807b2d5000 r--p 0002c000 08:02 21626954                   /usr/lib/x86_64-linux-gnu/ld-2.31.so
7f807b2d5000-7f807b2d6000 rw-p 0002d000 08:02 21626954                   /usr/lib/x86_64-linux-gnu/ld-2.31.so
7f807b2d6000-7f807b2d7000 rw-p 00000000 00:00 0 
7ffd4035a000-7ffd4037c000 rw-p 00000000 00:00 0                          [stack]
7ffd403d0000-7ffd403d4000 r--p 00000000 00:00 0                          [vvar]
7ffd403d4000-7ffd403d6000 r-xp 00000000 00:00 0                          [vdso]
ffffffffff600000-ffffffffff601000 --xp 00000000 00:00 0                  [vsyscall]


VM Arguments:
jvm_args: -XX:TieredStopAtLevel=1 -Dspring.output.ansi.enabled=always -Dcom.sun.management.jmxremote -Dspring.jmx.enabled=true -Dspring.liveBeansView.mbeanDomain -Dspring.application.admin.enabled=true -javaagent:/snap/intellij-idea-ultimate/384/lib/idea_rt.jar=41107:/snap/intellij-idea-ultimate/384/bin -Dfile.encoding=UTF-8 -Dsun.stdout.encoding=UTF-8 -Dsun.stderr.encoding=UTF-8 
java_command: com.example.springonlineshop.SpringOnlineShopApiApplication
java_class_path (initial): /home/divum/My-workspace/Java/Spring-OnlineShop-Api/target/classes:/home/divum/.m2/repository/org/springframework/boot/spring-boot-starter-data-mongodb/2.7.4/spring-boot-starter-data-mongodb-2.7.4.jar:/home/divum/.m2/repository/org/springframework/boot/spring-boot-starter/2.7.4/spring-boot-starter-2.7.4.jar:/home/divum/.m2/repository/org/springframework/boot/spring-boot-starter-logging/2.7.4/spring-boot-starter-logging-2.7.4.jar:/home/divum/.m2/repository/ch/qos/logback/logback-classic/1.2.11/logback-classic-1.2.11.jar:/home/divum/.m2/repository/ch/qos/logback/logback-core/1.2.11/logback-core-1.2.11.jar:/home/divum/.m2/repository/org/apache/logging/log4j/log4j-to-slf4j/2.17.2/log4j-to-slf4j-2.17.2.jar:/home/divum/.m2/repository/org/apache/logging/log4j/log4j-api/2.17.2/log4j-api-2.17.2.jar:/home/divum/.m2/repository/org/slf4j/jul-to-slf4j/1.7.36/jul-to-slf4j-1.7.36.jar:/home/divum/.m2/repository/jakarta/annotation/jakarta.annotation-api/1.3.5/jakarta.annotation-api-1.3.5.jar:/home/divum/.m2/repository/org/yaml/snakeyaml/1.30/snakeyaml-1.30.jar:/home/divum/.m2/repository/org/mongodb/mongodb-driver-sync/4.6.1/mongodb-driver-sync-4.6.1.jar:/home/divum/.m2/repository/org/mongodb/bson/4.6.1/bson-4.6.1.jar:/home/divum/.m2/repository/org/mongodb/mongodb-driver-core/4.6.1/mongodb-driver-core-4.6.1.jar:/home/divum/.m2/repository/org/mongodb/bson-record-codec/4.6.1/bson-record-codec-4.6.1.jar:/home/divum/.m2/repository/org/springframework/data/spring-data-mongodb/3.4.3/spring-data-mongodb-3.4.3.jar:/home/divum/.m2/repository/org/springframework/spring-tx/5.3.23/spring-tx-5.3.23.jar:/home/divum/.m2/repository/org/springframework/spring-context/5.3.23/spring-context-5.3.23.jar:/home/divum/.m2/repository/org/springframework/spring-beans/5.3.23/spring-beans-5.3.23.jar:/home/divum/.m2/repository/org/springframework/spring-expression/5.3.23/spring-expression-5.3.23.jar:/home/divum/.m2/repository/org/springframework/data/spring-data-commons/2.7.3/spring-data-commons-2.7.3.jar:/home/divum/.m2/repository/org/slf4j/slf4j-api/1.7.36/slf4j-api-1.7.36.jar:/home/divum/.m2/repository/org/springframework/boot/spring-boot-starter-web/2.7.4/spring-boot-starter-web-2.7.4.jar:/home/divum/.m2/repository/org/springframework/boot/spring-boot-starter-json/2.7.4/spring-boot-starter-json-2.7.4.jar:/home/divum/.m2/repository/com/fasterxml/jackson/core/jackson-databind/2.13.4/jackson-databind-2.13.4.jar:/home/divum/.m2/repository/com/fasterxml/jackson/core/jackson-annotations/2.13.4/jackson-annotations-2.13.4.jar:/home/divum/.m2/repository/com/fasterxml/jackson/core/jackson-core/2.13.4/jackson-core-2.13.4.jar:/home/divum/.m2/repository/com/fasterxml/jackson/datatype/jackson-datatype-jdk8/2.13.4/jackson-datatype-jdk8-2.13.4.jar:/home/divum/.m2/repository/com/fasterxml/jackson/datatype/jackson-datatype-jsr310/2.13.4/jackson-datatype-jsr310-2.13.4.jar:/home/divum/.m2/repository/com/fasterxml/jackson/module/jackson-module-parameter-names/2.13.4/jackson-module-parameter-names-2.13.4.jar:/home/divum/.m2/repository/org/springframework/boot/spring-boot-starter-tomcat/2.7.4/spring-boot-starter-tomcat-2.7.4.jar:/home/divum/.m2/repository/org/apache/tomcat/embed/tomcat-embed-core/9.0.65/tomcat-embed-core-9.0.65.jar:/home/divum/.m2/repository/org/apache/tomcat/embed/tomcat-embed-el/9.0.65/tomcat-embed-el-9.0.65.jar:/home/divum/.m2/repository/org/apache/tomcat/embed/tomcat-embed-websocket/9.0.65/tomcat-embed-websocket-9.0.65.jar:/home/divum/.m2/repository/org/springframework/spring-web/5.3.23/spring-web-5.3.23.jar:/home/divum/.m2/repository/org/springframework/spring-webmvc/5.3.23/spring-webmvc-5.3.23.jar:/home/divum/.m2/repository/org/springframework/spring-aop/5.3.23/spring-aop-5.3.23.jar:/home/divum/.m2/repository/org/springframework/boot/spring-boot-devtools/2.7.4/spring-boot-devtools-2.7.4.jar:/home/divum/.m2/repository/org/springframework/boot/spring-boot/2.7.4/spring-boot-2.7.4.jar:/home/divum/.m2/repository/org/springframework/boot/spring-boot-autoconfigure/2.7.4/spring-boot-autoconfigure-2.7.4.jar:/home/divum/.m2/repository/org/springframework/spring-core/5.3.23/spring-core-5.3.23.jar:/home/divum/.m2/repository/org/springframework/spring-jcl/5.3.23/spring-jcl-5.3.23.jar
Launcher Type: SUN_STANDARD

[Global flags]
     intx CICompilerCount                          = 4                                         {product} {ergonomic}
     uint ConcGCThreads                            = 2                                         {product} {ergonomic}
     uint G1ConcRefinementThreads                  = 8                                         {product} {ergonomic}
   size_t G1HeapRegionSize                         = 2097152                                   {product} {ergonomic}
    uintx GCDrainStackTargetSize                   = 64                                        {product} {ergonomic}
   size_t InitialHeapSize                          = 262144000                                 {product} {ergonomic}
     bool ManagementServer                         = true                                      {product} {command line}
   size_t MarkStackSize                            = 4194304                                   {product} {ergonomic}
   size_t MaxHeapSize                              = 4162846720                                {product} {ergonomic}
   size_t MaxNewSize                               = 2497708032                                {product} {ergonomic}
   size_t MinHeapDeltaBytes                        = 2097152                                   {product} {ergonomic}
   size_t MinHeapSize                              = 8388608                                   {product} {ergonomic}
    uintx NonProfiledCodeHeapSize                  = 0                                      {pd product} {ergonomic}
     bool ProfileInterpreter                       = false                                  {pd product} {command line}
    uintx ProfiledCodeHeapSize                     = 0                                      {pd product} {ergonomic}
   size_t SoftMaxHeapSize                          = 4162846720                             {manageable} {ergonomic}
     intx TieredStopAtLevel                        = 1                                         {product} {command line}
     bool UseCompressedClassPointers               = true                           {product lp64_product} {ergonomic}
     bool UseCompressedOops                        = true                           {product lp64_product} {ergonomic}
     bool UseG1GC                                  = true                                      {product} {ergonomic}

Logging:
Log output configuration:
 #0: stdout all=warning uptime,level,tags foldmultilines=false
 #1: stderr all=off uptime,level,tags foldmultilines=false

Environment Variables:
PATH=/usr/local/sbin:/usr/local/bin:/usr/sbin:/usr/bin:/sbin:/bin:/usr/games:/usr/local/games:/snap/bin
USERNAME=divum
SHELL=/bin/bash
DISPLAY=:0
LANG=en_IN

Signal Handlers:
   SIGSEGV: crash_handler in libjvm.so, mask=11100100010111111101111111111110, flags=SA_RESTART|SA_SIGINFO
    SIGBUS: crash_handler in libjvm.so, mask=11100100010111111101111111111110, flags=SA_RESTART|SA_SIGINFO
    SIGFPE: crash_handler in libjvm.so, mask=11100100010111111101111111111110, flags=SA_RESTART|SA_SIGINFO
   SIGPIPE: javaSignalHandler in libjvm.so, mask=11100100010111111101111111111110, flags=SA_RESTART|SA_SIGINFO
   SIGXFSZ: javaSignalHandler in libjvm.so, mask=11100100010111111101111111111110, flags=SA_RESTART|SA_SIGINFO
    SIGILL: crash_handler in libjvm.so, mask=11100100010111111101111111111110, flags=SA_RESTART|SA_SIGINFO
   SIGUSR2: SR_handler in libjvm.so, mask=00100000000000000000000000000000, flags=SA_RESTART|SA_SIGINFO
    SIGHUP: UserHandler in libjvm.so, mask=11100100010111111101111111111110, flags=SA_RESTART|SA_SIGINFO
    SIGINT: UserHandler in libjvm.so, mask=11100100010111111101111111111110, flags=SA_RESTART|SA_SIGINFO
   SIGTERM: UserHandler in libjvm.so, mask=11100100010111111101111111111110, flags=SA_RESTART|SA_SIGINFO
   SIGQUIT: UserHandler in libjvm.so, mask=11100100010111111101111111111110, flags=SA_RESTART|SA_SIGINFO
   SIGTRAP: crash_handler in libjvm.so, mask=11100100010111111101111111111110, flags=SA_RESTART|SA_SIGINFO


---------------  S Y S T E M  ---------------

OS:
DISTRIB_ID=Ubuntu
DISTRIB_RELEASE=20.04
DISTRIB_CODENAME=focal
DISTRIB_DESCRIPTION="Ubuntu 20.04.3 LTS"
uname: Linux 5.15.0-48-generic #54~20.04.1-Ubuntu SMP Thu Sep 1 16:17:26 UTC 2022 x86_64
OS uptime: 0 days 1:37 hours
libc: glibc 2.31 NPTL 2.31 
rlimit (soft/hard): STACK 8192k/infinity , CORE 0k/infinity , NPROC 63231/63231 , NOFILE 1048576/1048576 , AS infinity/infinity , CPU infinity/infinity , DATA infinity/infinity , FSIZE infinity/infinity , MEMLOCK 65536k/65536k
load average: 0.69 0.57 0.62

/proc/meminfo:
MemTotal:       16259816 kB
MemFree:         6678528 kB
MemAvailable:   10456884 kB
Buffers:          109528 kB
Cached:          4488948 kB
SwapCached:            0 kB
Active:          1499344 kB
Inactive:        7337740 kB
Active(anon):       2928 kB
Inactive(anon):  4865036 kB
Active(file):    1496416 kB
Inactive(file):  2472704 kB
Unevictable:      348600 kB
Mlocked:              16 kB
SwapTotal:       2097148 kB
SwapFree:        2097148 kB
Dirty:               576 kB
Writeback:            36 kB
AnonPages:       4587444 kB
Mapped:          1659364 kB
Shmem:            634176 kB
KReclaimable:     122308 kB
Slab:             234948 kB
SReclaimable:     122308 kB
SUnreclaim:       112640 kB
KernelStack:       15768 kB
PageTables:        45424 kB
NFS_Unstable:          0 kB
Bounce:                0 kB
WritebackTmp:          0 kB
CommitLimit:    10227056 kB
Committed_AS:   11935984 kB
VmallocTotal:   34359738367 kB
VmallocUsed:       43180 kB
VmallocChunk:          0 kB
Percpu:             6496 kB
HardwareCorrupted:     0 kB
AnonHugePages:         0 kB
ShmemHugePages:        0 kB
ShmemPmdMapped:        0 kB
FileHugePages:         0 kB
FilePmdMapped:         0 kB
HugePages_Total:       0
HugePages_Free:        0
HugePages_Rsvd:        0
HugePages_Surp:        0
Hugepagesize:       2048 kB
Hugetlb:               0 kB
DirectMap4k:      301720 kB
DirectMap2M:    11108352 kB
DirectMap1G:     5242880 kB

/sys/kernel/mm/transparent_hugepage/enabled: always [madvise] never
/sys/kernel/mm/transparent_hugepage/defrag (defrag/compaction efforts parameter): always defer defer+madvise [madvise] never

Process Memory:
Virtual Size: 6800120K (peak: 6800120K)
Resident Set Size: 37516K (peak: 37516K) (anon: 13952K, file: 23564K, shmem: 0K)
Swapped out: 0K
C-Heap outstanding allocations: 23797K, retained: 2010K

/proc/sys/kernel/threads-max (system-wide limit on the number of threads): 126462
/proc/sys/vm/max_map_count (maximum number of memory map areas a process may have): 65530
/proc/sys/kernel/pid_max (system-wide limit on number of process identifiers): 4194304

container (cgroup) information:
container_type: cgroupv1
cpu_cpuset_cpus: 0-7
cpu_memory_nodes: 0
active_processor_count: 8
cpu_quota: no quota
cpu_period: 100000
cpu_shares: no shares
memory_limit_in_bytes: unlimited
memory_and_swap_limit_in_bytes: unlimited
memory_soft_limit_in_bytes: unlimited
memory_usage_in_bytes: 7496687616
memory_max_usage_in_bytes: 8143589376
maximum number of tasks: unlimited
current number of tasks: 718

Steal ticks since vm start: 0
Steal ticks percentage since vm start:  0.000

CPU: total 8 (initial active 8) (4 cores per cpu, 2 threads per core) family 6 model 142 stepping 10 microcode 0xf0, cx8, cmov, fxsr, ht, mmx, 3dnowpref, sse, sse2, sse3, ssse3, sse4.1, sse4.2, popcnt, lzcnt, tsc, tscinvbit, avx, avx2, aes, erms, clmul, bmi1, bmi2, adx, fma, vzeroupper, clflush, clflushopt
CPU Model and flags from /proc/cpuinfo:
model name	: Intel(R) Core(TM) i7-8650U CPU @ 1.90GHz
flags		: fpu vme de pse tsc msr pae mce cx8 apic sep mtrr pge mca cmov pat pse36 clflush dts acpi mmx fxsr sse sse2 ss ht tm pbe syscall nx pdpe1gb rdtscp lm constant_tsc art arch_perfmon pebs bts rep_good nopl xtopology nonstop_tsc cpuid aperfmperf pni pclmulqdq dtes64 monitor ds_cpl vmx smx est tm2 ssse3 sdbg fma cx16 xtpr pdcm pcid sse4_1 sse4_2 x2apic movbe popcnt tsc_deadline_timer aes xsave avx f16c rdrand lahf_lm abm 3dnowprefetch cpuid_fault epb invpcid_single pti ssbd ibrs ibpb stibp tpr_shadow vnmi flexpriority ept vpid ept_ad fsgsbase tsc_adjust bmi1 avx2 smep bmi2 erms invpcid mpx rdseed adx smap clflushopt intel_pt xsaveopt xsavec xgetbv1 xsaves dtherm ida arat pln pts hwp hwp_notify hwp_act_window hwp_epp md_clear flush_l1d arch_capabilities

Online cpus: 0-7
Offline cpus: 
BIOS frequency limitation: <Not Available>
Frequency switch latency (ns): 0
Available cpu frequencies: <Not Available>
Current governor: powersave
Core performance/turbo boost: <Not Available>

Memory: 4k page, physical 16259816k(6678024k free), swap 2097148k(2097148k free)
Page Sizes: 4k

vm_info: OpenJDK 64-Bit Server VM (18.0.2.1+1-1) for linux-amd64 JRE (18.0.2.1+1-1), built on Aug 16 2022 00:37:46 by "mach5one" with gcc 10.3.0

END.
