#
# A fatal error has been detected by the Java Runtime Environment:
#
#  SIGSEGV (0xb) at pc=0x00007fa13ef4e8da, pid=9104, tid=9112
#
# JRE version: OpenJDK Runtime Environment (18.0.2.1+1) (build 18.0.2.1+1-1)
# Java VM: OpenJDK 64-Bit Server VM (18.0.2.1+1-1, mixed mode, emulated-client, sharing, tiered, compressed oops, compressed class ptrs, g1 gc, linux-amd64)
# Problematic frame:
# V  [libjvm.so+0x71c8da]  G1ParScanThreadState::trim_queue_to_threshold(unsigned int)+0x141a
#
# Core dump will be written. Default location: Core dumps may be processed with "/usr/share/apport/apport -p%p -s%s -c%c -d%d -P%P -u%u -g%g -- %E" (or dumping to /home/divum/My-workspace/Java/Spring-OnlineShop-Api/core.9104)
#
# If you would like to submit a bug report, please visit:
#   https://bugreport.java.com/bugreport/crash.jsp
#

---------------  S U M M A R Y ------------

Command Line: -XX:TieredStopAtLevel=1 -Dspring.output.ansi.enabled=always -Dcom.sun.management.jmxremote -Dspring.jmx.enabled=true -Dspring.liveBeansView.mbeanDomain -Dspring.application.admin.enabled=true -javaagent:/snap/intellij-idea-ultimate/384/lib/idea_rt.jar=45317:/snap/intellij-idea-ultimate/384/bin -Dfile.encoding=UTF-8 -Dsun.stdout.encoding=UTF-8 -Dsun.stderr.encoding=UTF-8 com.example.springonlineshop.SpringOnlineShopApiApplication

Host: Intel(R) Core(TM) i7-8650U CPU @ 1.90GHz, 8 cores, 15G, Ubuntu 20.04.3 LTS
Time: Thu Sep 29 12:22:36 2022 IST elapsed time: 11.393214 seconds (0d 0h 0m 11s)

---------------  T H R E A D  ---------------

Current thread (0x00007fa138096280):  WorkerThread "GC Thread#0" [stack: 0x00007fa13c441000,0x00007fa13c541000] [id=9112]

Stack: [0x00007fa13c441000,0x00007fa13c541000],  sp=0x00007fa13c53fa60,  free space=1018k
Native frames: (J=compiled Java code, j=interpreted, Vv=VM code, C=native code)
V  [libjvm.so+0x71c8da]  G1ParScanThreadState::trim_queue_to_threshold(unsigned int)+0x141a
V  [libjvm.so+0x738ad7]  G1ScanHRForRegionClosure::scan_heap_roots(HeapRegion*)+0x567
V  [libjvm.so+0x7301b7]  G1RemSet::scan_heap_roots(G1ParScanThreadState*, unsigned int, G1GCPhaseTimes::GCParPhases, G1GCPhaseTimes::GCParPhases, bool)+0x1a7
V  [libjvm.so+0x7559cb]  G1EvacuateRegionsTask::scan_roots(G1ParScanThreadState*, unsigned int)+0x4b
V  [libjvm.so+0x755bf3]  G1EvacuateRegionsBaseTask::work(unsigned int)+0x83
V  [libjvm.so+0xe4ad4d]  WorkerThread::run()+0x6d
V  [libjvm.so+0xd98d40]  Thread::call_run()+0xc0
V  [libjvm.so+0xbfd041]  thread_native_entry(Thread*)+0xe1


siginfo: si_signo: 11 (SIGSEGV), si_code: 1 (SEGV_MAPERR), si_addr: 0x000000032e677268

Register to memory mapping:

RAX=0x00007fa138090be8 points into unknown readable memory: 0x0000000000000000 | 00 00 00 00 00 00 00 00
RBX=0x00007fa0c0000bf0 points into unknown readable memory: 0x00007fa13f983eb0 | b0 3e 98 3f a1 7f 00 00
RCX=0x0000000000000015 is an unknown value
RDX=0x0 is NULL
RSP=0x00007fa13c53fa60 points into unknown readable memory: 0x0000000000000001 | 01 00 00 00 00 00 00 00
RBP=0x00007fa13c53faf0 points into unknown readable memory: 0x00007fa13c53fc50 | 50 fc 53 3c a1 7f 00 00
RSI=0x0000000000000003 is an unknown value
RDI=0x0 is NULL
R8 =0x0000000000000002 is an unknown value
R9 =0x00000008001a9590 is pointing into metadata
R10=0x0 is NULL
R11=0x0000000000000015 is an unknown value
R12=
[error occurred during error reporting (printing register info), id 0xb, SIGSEGV (0xb) at pc=0x00007fa13ef0b8ff]

Registers:
RAX=0x00007fa138090be8, RBX=0x00007fa0c0000bf0, RCX=0x0000000000000015, RDX=0x0000000000000000
RSP=0x00007fa13c53fa60, RBP=0x00007fa13c53faf0, RSI=0x0000000000000003, RDI=0x0000000000000000
R8 =0x0000000000000002, R9 =0x00000008001a9590, R10=0x0000000000000000, R11=0x0000000000000015
R12=0x000000070f953c2d, R13=0x000000032e677268, R14=0x00007fa13fa802bd, R15=0x000000070f953c10
RIP=0x00007fa13ef4e8da, EFLAGS=0x0000000000010246, CSGSFS=0x002b000000000033, ERR=0x0000000000000004
  TRAPNO=0x000000000000000e

Top of Stack: (sp=0x00007fa13c53fa60)
0x00007fa13c53fa60:   0000000000000001 0000000000000001
0x00007fa13c53fa70:   0000000000000009 000000000000000a
0x00007fa13c53fa80:   00007fa1380cf510 00000008001a9368
0x00007fa13c53fa90:   000000070f953b00 00007fa13fa3b8b0 

Instructions: (pc=0x00007fa13ef4e8da)
0x00007fa13ef4e7da:   00 48 89 c6 8b 8a 20 06 00 00 48 d3 ee 48 8b 8a
0x00007fa13ef4e7ea:   10 06 00 00 4c 8d 04 71 41 0f b6 78 01 40 84 ff
0x00007fa13ef4e7fa:   78 94 42 0f 18 0c 30 ba 10 00 00 00 0f 18 0c 10
0x00007fa13ef4e80a:   48 8b 83 98 01 00 00 49 8d 4c 24 01 4c 8b 78 10
0x00007fa13ef4e81a:   41 8b 87 80 00 00 00 41 8b b7 00 01 00 00 89 c2
0x00007fa13ef4e82a:   29 f2 81 e2 ff ff 01 00 81 fa fd ff 01 00 0f 86
0x00007fa13ef4e83a:   94 0a 00 00 49 8b 87 a0 02 00 00 49 3b 87 88 02
0x00007fa13ef4e84a:   00 00 0f 84 13 15 00 00 48 8d 34 c5 00 00 00 00
0x00007fa13ef4e85a:   48 83 c0 01 49 8b 97 b8 02 00 00 48 89 0c 32 49
0x00007fa13ef4e86a:   89 87 a0 02 00 00 e9 3a ff ff ff 0f 1f 00 49 8d
0x00007fa13ef4e87a:   bd 80 02 00 00 e8 ec 63 00 00 b8 01 00 00 00 31
0x00007fa13ef4e88a:   d2 e9 f8 fd ff ff 48 8d 05 19 d0 ae 00 45 8b 6c
0x00007fa13ef4e89a:   24 ff 8b 70 08 48 8b 10 48 89 45 a8 48 8b 43 08
0x00007fa13ef4e8aa:   89 f1 49 d3 e5 8b 88 20 06 00 00 48 8b 80 10 06
0x00007fa13ef4e8ba:   00 00 49 01 d5 4c 89 ef 48 d3 ef 48 8d 04 78 0f
0x00007fa13ef4e8ca:   b6 78 01 40 88 7d a0 40 84 ff 0f 88 d6 f5 ff ff
0x00007fa13ef4e8da:   4d 8b 5d 00 4c 89 d9 83 e1 03 48 83 f9 03 0f 85
0x00007fa13ef4e8ea:   cb 04 00 00 49 83 e3 fc 4c 8d 2d 63 2d b3 00 4c
0x00007fa13ef4e8fa:   89 5d b8 48 8b 7d b8 89 f1 49 83 ec 01 48 89 f8
0x00007fa13ef4e90a:   48 29 d0 48 d3 e8 41 89 04 24 48 89 f8 41 8b 4d
0x00007fa13ef4e91a:   00 4c 31 e0 48 d3 e8 48 85 c0 0f 84 86 f5 ff ff
0x00007fa13ef4e92a:   48 8b 43 08 8b 88 20 06 00 00 48 8b 90 10 06 00
0x00007fa13ef4e93a:   00 4c 89 e0 48 d3 e8 80 7c 42 01 fe 0f 84 64 f5
0x00007fa13ef4e94a:   ff ff 48 89 f8 48 d3 e8 48 8d 04 42 80 38 00 0f
0x00007fa13ef4e95a:   84 51 f5 ff ff 80 78 01 00 0f 89 47 f5 ff ff 48
0x00007fa13ef4e96a:   8d 15 20 28 b2 00 48 8b 43 60 8b 0a 49 d3 ec 4c
0x00007fa13ef4e97a:   89 e6 e9 06 f5 ff ff 0f 1f 80 00 00 00 00 49 8d
0x00007fa13ef4e98a:   bf 80 02 00 00 48 89 4d b8 e8 d8 62 00 00 48 8b
0x00007fa13ef4e99a:   4d b8 b8 01 00 00 00 31 d2 e9 2b f1 ff ff 0f 1f
0x00007fa13ef4e9aa:   84 00 00 00 00 00 0f 84 59 02 00 00 40 80 fe 01
0x00007fa13ef4e9ba:   48 8d 35 cb d8 ae 00 48 19 c0 83 e0 04 8b 36 49
0x00007fa13ef4e9ca:   63 7c 05 0c 48 d3 e7 c1 f9 10 0f b6 c1 8d 4e ff 


Stack slot to memory mapping:
stack at sp + 0 slots: 0x0000000000000001 is an unknown value
stack at sp + 1 slots: 0x0000000000000001 is an unknown value
stack at sp + 2 slots: 0x0000000000000009 is an unknown value
stack at sp + 3 slots: 0x000000000000000a is an unknown value
stack at sp + 4 slots: 0x00007fa1380cf510 points into unknown readable memory: 0x0000000709800000 | 00 00 80 09 07 00 00 00
stack at sp + 5 slots: 0x00000008001a9368 is a pointer to class: 
java.util.LinkedHashMap$Entry {0x00000008001a9368}
 - instance size:     5
 - klass size:        70
 - access:            synchronized 
 - state:             fully_initialized
 - name:              'java/util/LinkedHashMap$Entry'
 - super:             'java/util/HashMap$Node'
 - sub:               'java/util/HashMap$TreeNode'   
 - arrays:            NULL
 - methods:           Array<T>(0x00000008008075b0)
 - method ordering:   Array<T>(0x0000000800807640)
 - default_methods:   Array<T>(0x0000000000000000)
 - local interfaces:  Array<T>(0x00000008005ca730)
 - trans. interfaces: Array<T>(0x0000000800806d18)
 - constants:         constant pool [41] {0x0000000800807400} for 'java/util/LinkedHashMap$Entry' cache=0x00000008001a95c8
 - class loader data:  loader data: 0x00007fa138106d70 of 'bootstrap'
 - source file:       'LinkedHashMap.java'
 - class annotations:       Array<T>(0x0000000000000000)
 - class type annotations:  Array<T>(0x0000000000000000)
 - field annotations:       Array<T>(0x0000000000000000)
 - field type annotations:  Array<T>(0x0000000000000000)
 - generic signature: '<K:Ljava/lang/Object;V:Ljava/lang/Object;>Ljava/util/HashMap$Node<TK;TV;>;'
 - inner classes:     Array<T>(0x0000000800807590)
 - nest members:     Array<T>(0x00000008005ca6c0)
 - permitted subclasses:     Array<T>(0x00000008005ca6c0)
 - java mirror:       a 'java/lang/Class'{0x00000007ffd17cf0} = 'java/util/LinkedHashMap$Entry'
 - vtable length      5  (start addr: 0x00000008001a9520)
 - itable length      9 (start addr: 0x00000008001a9548)
 - ---- static fields (0 words):
 - ---- non-static fields (6 words):
 - final 'hash' 'I' @12 
 - final 'key' 'Ljava/lang/Object;' @16 
 - 'value' 'Ljava/lang/Object;' @20 
 - 'next' 'Ljava/util/HashMap$Node;' @24 
 - 'before' 'Ljava/util/LinkedHashMap$Entry;' @28 
 - 'after' 'Ljava/util/LinkedHashMap$Entry;' @32 
 - non-static oop maps: 16-32 
stack at sp + 6 slots: 0x000000070f953b00 is pointing into object: java.util.LinkedHashMap$Entry 
{0x000000070f953ae0} - klass: 'java/util/LinkedHashMap$Entry'
 - ---- fields (total size 5 words):
 - final 'hash' 'I' @12  -980125946 (c5947706)
 - final 'key' 'Ljava/lang/Object;' @16  "prefix"{0x00000007ffe61468} (fffcc28d)
 - 'value' 'Ljava/lang/Object;' @20  "spring.application.admin"{0x000000070f953b08} (e1f2a761)
 - 'next' 'Ljava/util/HashMap$Node;' @24  NULL (0)
 - 'before' 'Ljava/util/LinkedHashMap$Entry;' @28  a 'java/util/LinkedHashMap$Entry'{0x000000070f953b48} (e1f2a769)
 - 'after' 'Ljava/util/LinkedHashMap$Entry;' @32  NULL (0)
stack at sp + 7 slots: 0x00007fa13fa3b8b0: <offset 0x00000000012098b0> in /home/divum/.jdks/openjdk-18.0.2.1/lib/server/libjvm.so at 0x00007fa13e832000


---------------  P R O C E S S  ---------------

Threads class SMR info:
_java_thread_list=0x00007fa0dc0a9d10, length=38, elements={
0x00007fa138121d60, 0x00007fa138123200, 0x00007fa1381290e0, 0x00007fa13812a480,
0x00007fa13812b880, 0x00007fa13812cde0, 0x00007fa138136220, 0x00007fa138142c20,
0x00007fa13833ca10, 0x00007fa13833e040, 0x00007fa1383f7b80, 0x00007fa0f4000e70,
0x00007fa0d8002130, 0x00007fa09c00f650, 0x00007fa0bc36f9e0, 0x00007fa08c001340,
0x00007fa0bc3715c0, 0x00007fa0bc6e0530, 0x00007fa0bc712480, 0x00007fa0bc7146f0,
0x00007fa07c024d80, 0x00007fa0bc7b1550, 0x00007fa0bc8e3dc0, 0x00007fa0bc8ecaa0,
0x00007fa0bc8ed4e0, 0x00007fa0bc8ee3c0, 0x00007fa0bc8ef2a0, 0x00007fa0bc8f03a0,
0x00007fa0bc8f14a0, 0x00007fa0bc8f29a0, 0x00007fa0bc8f3ea0, 0x00007fa0bc8f5270,
0x00007fa0bc8f6780, 0x00007fa0bc8f9e40, 0x00007fa0bc9005f0, 0x00007fa138028290,
0x00007fa0d8003160, 0x00007fa0d8003cf0
}

Java Threads: ( => current thread )
  0x00007fa138121d60 JavaThread "Reference Handler" daemon [_thread_blocked, id=9126, stack(0x00007fa124e15000,0x00007fa124f16000)]
  0x00007fa138123200 JavaThread "Finalizer" daemon [_thread_blocked, id=9127, stack(0x00007fa124d14000,0x00007fa124e15000)]
  0x00007fa1381290e0 JavaThread "Signal Dispatcher" daemon [_thread_blocked, id=9128, stack(0x00007fa1246a3000,0x00007fa1247a4000)]
  0x00007fa13812a480 JavaThread "Service Thread" daemon [_thread_blocked, id=9129, stack(0x00007fa1245a2000,0x00007fa1246a3000)]
  0x00007fa13812b880 JavaThread "Monitor Deflation Thread" daemon [_thread_blocked, id=9130, stack(0x00007fa1244a1000,0x00007fa1245a2000)]
  0x00007fa13812cde0 JavaThread "C1 CompilerThread0" daemon [_thread_blocked, id=9131, stack(0x00007fa1243a0000,0x00007fa1244a1000)]
  0x00007fa138136220 JavaThread "Sweeper thread" daemon [_thread_blocked, id=9132, stack(0x00007fa12429f000,0x00007fa1243a0000)]
  0x00007fa138142c20 JavaThread "Common-Cleaner" daemon [_thread_blocked, id=9136, stack(0x00007fa12419e000,0x00007fa12429f000)]
  0x00007fa13833ca10 JavaThread "Monitor Ctrl-Break" daemon [_thread_in_native, id=9138, stack(0x00007fa115eff000,0x00007fa116000000)]
  0x00007fa13833e040 JavaThread "Notification Thread" daemon [_thread_blocked, id=9139, stack(0x00007fa115dfe000,0x00007fa115eff000)]
  0x00007fa1383f7b80 JavaThread "RMI TCP Accept-0" daemon [_thread_in_native, id=9140, stack(0x00007fa115cfd000,0x00007fa115dfe000)]
  0x00007fa0f4000e70 JavaThread "Attach Listener" daemon [_thread_blocked, id=9160, stack(0x00007fa1151ec000,0x00007fa1152ed000)]
  0x00007fa0d8002130 JavaThread "RMI TCP Connection(idle)" daemon [_thread_blocked, id=9163, stack(0x00007fa114fea000,0x00007fa1150eb000)]
  0x00007fa09c00f650 JavaThread "RMI Scheduler(0)" daemon [_thread_blocked, id=9164, stack(0x00007fa114ee9000,0x00007fa114fea000)]
  0x00007fa0bc36f9e0 JavaThread "Catalina-utility-1" [_thread_blocked, id=9175, stack(0x00007fa1150eb000,0x00007fa1151ec000)]
  0x00007fa08c001340 JavaThread "Catalina-utility-2" [_thread_blocked, id=9176, stack(0x00007fa114de8000,0x00007fa114ee9000)]
  0x00007fa0bc3715c0 JavaThread "container-0" [_thread_blocked, id=9177, stack(0x00007fa1149e1000,0x00007fa114ae2000)]
  0x00007fa0bc6e0530 JavaThread "BufferPoolPruner-1-thread-1" daemon [_thread_blocked, id=9178, stack(0x00007fa1148e0000,0x00007fa1149e1000)]
  0x00007fa0bc712480 JavaThread "cluster-ClusterId{value='633540abaa527637b9ccfe57', description='null'}-localhost:27017" daemon [_thread_blocked, id=9179, stack(0x00007fa1147df000,0x00007fa1148e0000)]
  0x00007fa0bc7146f0 JavaThread "cluster-rtt-ClusterId{value='633540abaa527637b9ccfe57', description='null'}-localhost:27017" daemon [_thread_blocked, id=9180, stack(0x00007fa1146de000,0x00007fa1147df000)]
  0x00007fa07c024d80 JavaThread "MaintenanceTimer-2-thread-1" daemon [_thread_blocked, id=9183, stack(0x00007fa1145dd000,0x00007fa1146de000)]
  0x00007fa0bc7b1550 JavaThread "Live Reload Server" daemon [_thread_in_native, id=9185, stack(0x00007fa1143db000,0x00007fa1144dc000)]
  0x00007fa0bc8e3dc0 JavaThread "File Watcher" daemon [_thread_blocked, id=9188, stack(0x00007fa1144dc000,0x00007fa1145dd000)]
  0x00007fa0bc8ecaa0 JavaThread "http-nio-8080-exec-1" daemon [_thread_blocked, id=9189, stack(0x00007fa1142da000,0x00007fa1143db000)]
  0x00007fa0bc8ed4e0 JavaThread "http-nio-8080-exec-2" daemon [_thread_blocked, id=9190, stack(0x00007fa1141d9000,0x00007fa1142da000)]
  0x00007fa0bc8ee3c0 JavaThread "http-nio-8080-exec-3" daemon [_thread_blocked, id=9191, stack(0x00007fa1140d8000,0x00007fa1141d9000)]
  0x00007fa0bc8ef2a0 JavaThread "http-nio-8080-exec-4" daemon [_thread_blocked, id=9192, stack(0x00007fa063eff000,0x00007fa064000000)]
  0x00007fa0bc8f03a0 JavaThread "http-nio-8080-exec-5" daemon [_thread_blocked, id=9193, stack(0x00007fa063dfe000,0x00007fa063eff000)]
  0x00007fa0bc8f14a0 JavaThread "http-nio-8080-exec-6" daemon [_thread_blocked, id=9194, stack(0x00007fa063cfd000,0x00007fa063dfe000)]
  0x00007fa0bc8f29a0 JavaThread "http-nio-8080-exec-7" daemon [_thread_blocked, id=9195, stack(0x00007fa063bfc000,0x00007fa063cfd000)]
  0x00007fa0bc8f3ea0 JavaThread "http-nio-8080-exec-8" daemon [_thread_blocked, id=9196, stack(0x00007fa063afb000,0x00007fa063bfc000)]
  0x00007fa0bc8f5270 JavaThread "http-nio-8080-exec-9" daemon [_thread_blocked, id=9197, stack(0x00007fa0639fa000,0x00007fa063afb000)]
  0x00007fa0bc8f6780 JavaThread "http-nio-8080-exec-10" daemon [_thread_blocked, id=9198, stack(0x00007fa0638f9000,0x00007fa0639fa000)]
  0x00007fa0bc8f9e40 JavaThread "http-nio-8080-Poller" daemon [_thread_in_native, id=9199, stack(0x00007fa0637f8000,0x00007fa0638f9000)]
  0x00007fa0bc9005f0 JavaThread "http-nio-8080-Acceptor" daemon [_thread_in_native, id=9200, stack(0x00007fa0636f7000,0x00007fa0637f8000)]
  0x00007fa138028290 JavaThread "DestroyJavaVM" [_thread_blocked, id=9105, stack(0x00007fa13e5d8000,0x00007fa13e6d9000)]
  0x00007fa0d8003160 JavaThread "RMI TCP Connection(idle)" daemon [_thread_blocked, id=9204, stack(0x00007fa1157f7000,0x00007fa1158f8000)]
  0x00007fa0d8003cf0 JavaThread "RMI TCP Connection(3)-127.0.0.1" daemon [_thread_in_native, id=9213, stack(0x00007fa115afa000,0x00007fa115bfb000)]

Other Threads:
  0x00007fa13811ebd0 VMThread "VM Thread" [stack: 0x00007fa124f18000,0x00007fa125018000] [id=9125]
  0x00007fa1383a9a20 WatcherThread "VM Periodic Task Thread" [stack: 0x00007fa115bfd000,0x00007fa115cfd000] [id=9141]
=>0x00007fa138096280 WorkerThread "GC Thread#0" [stack: 0x00007fa13c441000,0x00007fa13c541000] [id=9112]
  0x00007fa104007620 WorkerThread "GC Thread#1" [stack: 0x00007fa1156f7000,0x00007fa1157f7000] [id=9148]
  0x00007fa104008040 WorkerThread "GC Thread#2" [stack: 0x00007fa1155f5000,0x00007fa1156f5000] [id=9149]
  0x00007fa104008a60 WorkerThread "GC Thread#3" [stack: 0x00007fa1154f3000,0x00007fa1155f3000] [id=9150]
  0x00007fa104009480 WorkerThread "GC Thread#4" [stack: 0x00007fa1153f1000,0x00007fa1154f1000] [id=9151]
  0x00007fa104009ea0 WorkerThread "GC Thread#5" [stack: 0x00007fa1152ef000,0x00007fa1153ef000] [id=9152]
  0x00007fa10400b390 WorkerThread "GC Thread#6" [stack: 0x00007fa114ce8000,0x00007fa114de8000] [id=9167]
  0x00007fa10400bd10 WorkerThread "GC Thread#7" [stack: 0x00007fa114be6000,0x00007fa114ce6000] [id=9168]
  0x00007fa1380a70a0 ConcurrentGCThread "G1 Main Marker" [stack: 0x00007fa13c33f000,0x00007fa13c43f000] [id=9113]
  0x00007fa1380a7fa0 WorkerThread "G1 Conc#0" [stack: 0x00007fa13c23d000,0x00007fa13c33d000] [id=9114]
  0x00007fa118000bf0 WorkerThread "G1 Conc#1" [stack: 0x00007fa114ae4000,0x00007fa114be4000] [id=9172]
  0x00007fa1380f33a0 ConcurrentGCThread "G1 Refine#0" [stack: 0x00007fa125309000,0x00007fa125409000] [id=9117]
  0x00007fa1380f4270 ConcurrentGCThread "G1 Service" [stack: 0x00007fa125207000,0x00007fa125307000] [id=9118]

Threads with active compile tasks:

VM state: at safepoint (normal execution)

VM Mutex/Monitor currently owned by a thread:  ([mutex/lock_event])
[0x00007fa138026560] Threads_lock - owner thread: 0x00007fa13811ebd0
[0x00007fa138026610] Heap_lock - owner thread: 0x00007fa0bc8ecaa0

Heap address: 0x0000000707e00000, size: 3970 MB, Compressed Oops mode: Zero based, Oop shift amount: 3

CDS archive(s) mapped at: [0x0000000800000000-0x0000000800bae000-0x0000000800bae000), size 12247040, SharedBaseAddress: 0x0000000800000000, ArchiveRelocationMode: 0.
Compressed class space mapped at: 0x0000000800c00000-0x0000000840c00000, reserved size: 1073741824
Narrow klass base: 0x0000000800000000, Narrow klass shift: 0, Narrow klass range: 0x100000000

GC Precious Log:
 CardTable entry size: 512
 Card Set container configuration: InlinePtr #cards 4 size 8 Array Of Cards #cards 16 size 48 Howl #buckets 8 coarsen threshold 3686 Howl Bitmap #cards 512 size 80 coarsen threshold 460 Card regions per heap region 1 cards per card region 4096
 CPUs: 8 total, 8 available
 Memory: 15878M
 Large Page Support: Disabled
 NUMA Support: Disabled
 Compressed Oops: Enabled (Zero based)
 Heap Region Size: 2M
 Heap Min Capacity: 8M
 Heap Initial Capacity: 250M
 Heap Max Capacity: 3970M
 Pre-touch: Disabled
 Parallel Workers: 8
 Concurrent Workers: 2
 Concurrent Refinement Workers: 8
 Periodic GC: Disabled

Heap:
 garbage-first heap   total 159744K, used 44629K [0x0000000707e00000, 0x0000000800000000)
  region size 2048K, 17 young (34816K), 3 survivors (6144K)
 Metaspace       used 35657K, committed 36096K, reserved 1114112K
  class space    used 4858K, committed 5056K, reserved 1048576K

Heap Regions: E=young(eden), S=young(survivor), O=old, HS=humongous(starts), HC=humongous(continues), CS=collection set, F=free, OA=open archive, CA=closed archive, TAMS=top-at-mark-start (previous, next)
|   0|0x0000000707e00000, 0x0000000708000000, 0x0000000708000000|100%| O|  |TAMS 0x0000000708000000, 0x0000000708000000| Untracked 
|   1|0x0000000708000000, 0x0000000708200000, 0x0000000708200000|100%| O|  |TAMS 0x0000000708200000, 0x0000000708200000| Untracked 
|   2|0x0000000708200000, 0x0000000708200000, 0x0000000708400000|  0%| F|  |TAMS 0x0000000708200000, 0x0000000708200000| Untracked 
|   3|0x0000000708400000, 0x0000000708600000, 0x0000000708600000|100%| O|  |TAMS 0x0000000708400000, 0x0000000708600000| Untracked 
|   4|0x0000000708600000, 0x0000000708800000, 0x0000000708800000|100%| O|  |TAMS 0x0000000708600000, 0x0000000708800000| Untracked 
|   5|0x0000000708800000, 0x0000000708a00000, 0x0000000708a00000|100%| O|  |TAMS 0x0000000708800000, 0x0000000708a00000| Untracked 
|   6|0x0000000708a00000, 0x0000000708c00000, 0x0000000708c00000|100%| O|  |TAMS 0x0000000708a00000, 0x0000000708c00000| Untracked 
|   7|0x0000000708c00000, 0x0000000708c00000, 0x0000000708e00000|  0%| F|  |TAMS 0x0000000708c00000, 0x0000000708c00000| Untracked 
|   8|0x0000000708e00000, 0x0000000708e00000, 0x0000000709000000|  0%| F|  |TAMS 0x0000000708e00000, 0x0000000708e00000| Untracked 
|   9|0x0000000709000000, 0x0000000709000000, 0x0000000709200000|  0%| F|  |TAMS 0x0000000709000000, 0x0000000709000000| Untracked 
|  10|0x0000000709200000, 0x0000000709278600, 0x0000000709400000| 23%| O|  |TAMS 0x0000000709200000, 0x0000000709278600| Untracked 
|  11|0x0000000709400000, 0x0000000709400000, 0x0000000709600000|  0%| F|  |TAMS 0x0000000709400000, 0x0000000709400000| Untracked 
|  12|0x0000000709600000, 0x0000000709600000, 0x0000000709800000|  0%| F|  |TAMS 0x0000000709600000, 0x0000000709600000| Untracked 
|  13|0x0000000709800000, 0x00000007098b4a18, 0x0000000709a00000| 35%| E|CS|TAMS 0x0000000709800000, 0x00000007098b4a18| Complete 
|  14|0x0000000709a00000, 0x0000000709c00000, 0x0000000709c00000|100%| E|CS|TAMS 0x0000000709a00000, 0x0000000709c00000| Complete 
|  15|0x0000000709c00000, 0x0000000709c00000, 0x0000000709e00000|  0%| F|  |TAMS 0x0000000709c00000, 0x0000000709c00000| Untracked 
|  16|0x0000000709e00000, 0x0000000709e00000, 0x000000070a000000|  0%| F|  |TAMS 0x0000000709e00000, 0x0000000709e00000| Untracked 
|  17|0x000000070a000000, 0x000000070a000000, 0x000000070a200000|  0%| F|  |TAMS 0x000000070a000000, 0x000000070a000000| Untracked 
|  18|0x000000070a200000, 0x000000070a200000, 0x000000070a400000|  0%| F|  |TAMS 0x000000070a200000, 0x000000070a200000| Untracked 
|  19|0x000000070a400000, 0x000000070a400000, 0x000000070a600000|  0%| F|  |TAMS 0x000000070a400000, 0x000000070a400000| Untracked 
|  20|0x000000070a600000, 0x000000070a600000, 0x000000070a800000|  0%| F|  |TAMS 0x000000070a600000, 0x000000070a600000| Untracked 
|  21|0x000000070a800000, 0x000000070a800000, 0x000000070aa00000|  0%| F|  |TAMS 0x000000070a800000, 0x000000070a800000| Untracked 
|  22|0x000000070aa00000, 0x000000070aa00000, 0x000000070ac00000|  0%| F|  |TAMS 0x000000070aa00000, 0x000000070aa00000| Untracked 
|  23|0x000000070ac00000, 0x000000070ac00000, 0x000000070ae00000|  0%| F|  |TAMS 0x000000070ac00000, 0x000000070ac00000| Untracked 
|  24|0x000000070ae00000, 0x000000070ae00000, 0x000000070b000000|  0%| F|  |TAMS 0x000000070ae00000, 0x000000070ae00000| Untracked 
|  25|0x000000070b000000, 0x000000070b000000, 0x000000070b200000|  0%| F|  |TAMS 0x000000070b000000, 0x000000070b000000| Untracked 
|  26|0x000000070b200000, 0x000000070b200000, 0x000000070b400000|  0%| F|  |TAMS 0x000000070b200000, 0x000000070b200000| Untracked 
|  27|0x000000070b400000, 0x000000070b400000, 0x000000070b600000|  0%| F|  |TAMS 0x000000070b400000, 0x000000070b400000| Untracked 
|  28|0x000000070b600000, 0x000000070b600000, 0x000000070b800000|  0%| F|  |TAMS 0x000000070b600000, 0x000000070b600000| Untracked 
|  29|0x000000070b800000, 0x000000070b800000, 0x000000070ba00000|  0%| F|  |TAMS 0x000000070b800000, 0x000000070b800000| Untracked 
|  30|0x000000070ba00000, 0x000000070ba00000, 0x000000070bc00000|  0%| F|  |TAMS 0x000000070ba00000, 0x000000070ba00000| Untracked 
|  31|0x000000070bc00000, 0x000000070bc00000, 0x000000070be00000|  0%| F|  |TAMS 0x000000070bc00000, 0x000000070bc00000| Untracked 
|  32|0x000000070be00000, 0x000000070be00000, 0x000000070c000000|  0%| F|  |TAMS 0x000000070be00000, 0x000000070be00000| Untracked 
|  33|0x000000070c000000, 0x000000070c000000, 0x000000070c200000|  0%| F|  |TAMS 0x000000070c000000, 0x000000070c000000| Untracked 
|  34|0x000000070c200000, 0x000000070c200000, 0x000000070c400000|  0%| F|  |TAMS 0x000000070c200000, 0x000000070c200000| Untracked 
|  35|0x000000070c400000, 0x000000070c400000, 0x000000070c600000|  0%| F|  |TAMS 0x000000070c400000, 0x000000070c400000| Untracked 
|  36|0x000000070c600000, 0x000000070c600000, 0x000000070c800000|  0%| F|  |TAMS 0x000000070c600000, 0x000000070c600000| Untracked 
|  37|0x000000070c800000, 0x000000070c800000, 0x000000070ca00000|  0%| F|  |TAMS 0x000000070c800000, 0x000000070c800000| Untracked 
|  38|0x000000070ca00000, 0x000000070ca00000, 0x000000070cc00000|  0%| F|  |TAMS 0x000000070ca00000, 0x000000070ca00000| Untracked 
|  39|0x000000070cc00000, 0x000000070cc00000, 0x000000070ce00000|  0%| F|  |TAMS 0x000000070cc00000, 0x000000070cc00000| Untracked 
|  40|0x000000070ce00000, 0x000000070ce00000, 0x000000070d000000|  0%| F|  |TAMS 0x000000070ce00000, 0x000000070ce00000| Untracked 
|  41|0x000000070d000000, 0x000000070d000000, 0x000000070d200000|  0%| F|  |TAMS 0x000000070d000000, 0x000000070d000000| Untracked 
|  42|0x000000070d200000, 0x000000070d200000, 0x000000070d400000|  0%| F|  |TAMS 0x000000070d200000, 0x000000070d200000| Untracked 
|  43|0x000000070d400000, 0x000000070d400000, 0x000000070d600000|  0%| F|  |TAMS 0x000000070d400000, 0x000000070d400000| Untracked 
|  44|0x000000070d600000, 0x000000070d600000, 0x000000070d800000|  0%| F|  |TAMS 0x000000070d600000, 0x000000070d600000| Untracked 
|  45|0x000000070d800000, 0x000000070d800000, 0x000000070da00000|  0%| F|  |TAMS 0x000000070d800000, 0x000000070d800000| Untracked 
|  46|0x000000070da00000, 0x000000070da00000, 0x000000070dc00000|  0%| F|  |TAMS 0x000000070da00000, 0x000000070da00000| Untracked 
|  47|0x000000070dc00000, 0x000000070dc00000, 0x000000070de00000|  0%| F|  |TAMS 0x000000070dc00000, 0x000000070dc00000| Untracked 
|  48|0x000000070de00000, 0x000000070de00000, 0x000000070e000000|  0%| F|  |TAMS 0x000000070de00000, 0x000000070de00000| Untracked 
|  49|0x000000070e000000, 0x000000070e000000, 0x000000070e200000|  0%| F|  |TAMS 0x000000070e000000, 0x000000070e000000| Untracked 
|  50|0x000000070e200000, 0x000000070e200000, 0x000000070e400000|  0%| F|  |TAMS 0x000000070e200000, 0x000000070e200000| Untracked 
|  51|0x000000070e400000, 0x000000070e400000, 0x000000070e600000|  0%| F|  |TAMS 0x000000070e400000, 0x000000070e400000| Untracked 
|  52|0x000000070e600000, 0x000000070e600000, 0x000000070e800000|  0%| F|  |TAMS 0x000000070e600000, 0x000000070e600000| Untracked 
|  53|0x000000070e800000, 0x000000070e800000, 0x000000070ea00000|  0%| F|  |TAMS 0x000000070e800000, 0x000000070e800000| Untracked 
|  54|0x000000070ea00000, 0x000000070ea00000, 0x000000070ec00000|  0%| F|  |TAMS 0x000000070ea00000, 0x000000070ea00000| Untracked 
|  55|0x000000070ec00000, 0x000000070ec00000, 0x000000070ee00000|  0%| F|  |TAMS 0x000000070ec00000, 0x000000070ec00000| Untracked 
|  56|0x000000070ee00000, 0x000000070ee00000, 0x000000070f000000|  0%| F|  |TAMS 0x000000070ee00000, 0x000000070ee00000| Untracked 
|  57|0x000000070f000000, 0x000000070f000000, 0x000000070f200000|  0%| F|  |TAMS 0x000000070f000000, 0x000000070f000000| Untracked 
|  58|0x000000070f200000, 0x000000070f200000, 0x000000070f400000|  0%| F|  |TAMS 0x000000070f200000, 0x000000070f200000| Untracked 
|  59|0x000000070f400000, 0x000000070f4c53b0, 0x000000070f600000| 38%| S|  |TAMS 0x000000070f400000, 0x000000070f400000| Complete 
|  60|0x000000070f600000, 0x000000070f800000, 0x000000070f800000|100%| S|  |TAMS 0x000000070f600000, 0x000000070f600000| Complete 
|  61|0x000000070f800000, 0x000000070fa00000, 0x000000070fa00000|100%| S|  |TAMS 0x000000070f800000, 0x000000070f800000| Complete 
|  62|0x000000070fa00000, 0x000000070fa7d5b8, 0x000000070fc00000| 24%| E|CS|TAMS 0x000000070fa00000, 0x000000070fa7d5b8| Complete 
|  63|0x000000070fc00000, 0x000000070fe00000, 0x000000070fe00000|100%| E|CS|TAMS 0x000000070fc00000, 0x000000070fe00000| Complete 
|  64|0x000000070fe00000, 0x0000000710000000, 0x0000000710000000|100%| E|CS|TAMS 0x000000070fe00000, 0x0000000710000000| Complete 
|  65|0x0000000710000000, 0x0000000710200000, 0x0000000710200000|100%| E|CS|TAMS 0x0000000710000000, 0x0000000710200000| Complete 
|  66|0x0000000710200000, 0x0000000710400000, 0x0000000710400000|100%| E|CS|TAMS 0x0000000710200000, 0x0000000710400000| Complete 
|  67|0x0000000710400000, 0x0000000710600000, 0x0000000710600000|100%| E|CS|TAMS 0x0000000710400000, 0x0000000710600000| Complete 
|  68|0x0000000710600000, 0x0000000710800000, 0x0000000710800000|100%| E|CS|TAMS 0x0000000710600000, 0x0000000710800000| Complete 
|  69|0x0000000710800000, 0x0000000710a00000, 0x0000000710a00000|100%| E|CS|TAMS 0x0000000710800000, 0x0000000710a00000| Complete 
|  70|0x0000000710a00000, 0x0000000710c00000, 0x0000000710c00000|100%| E|CS|TAMS 0x0000000710a00000, 0x0000000710c00000| Complete 
|  71|0x0000000710c00000, 0x0000000710e00000, 0x0000000710e00000|100%| E|CS|TAMS 0x0000000710c00000, 0x0000000710e00000| Complete 
|  98|0x0000000714200000, 0x0000000714400000, 0x0000000714400000|100%| E|CS|TAMS 0x0000000714200000, 0x0000000714400000| Complete 
|  99|0x0000000714400000, 0x0000000714600000, 0x0000000714600000|100%| E|CS|TAMS 0x0000000714400000, 0x0000000714600000| Complete 
| 100|0x0000000714600000, 0x0000000714800000, 0x0000000714800000|100%| E|CS|TAMS 0x0000000714600000, 0x0000000714800000| Complete 
| 124|0x0000000717600000, 0x0000000717800000, 0x0000000717800000|100%| E|CS|TAMS 0x0000000717600000, 0x0000000717800000| Complete 
|1983|0x00000007ffc00000, 0x00000007ffd75000, 0x00000007ffe00000| 72%|OA|  |TAMS 0x00000007ffd75000, 0x00000007ffd75000| Untracked 
|1984|0x00000007ffe00000, 0x00000007ffe76000, 0x0000000800000000| 23%|CA|  |TAMS 0x00000007ffe76000, 0x00000007ffe76000| Untracked 

Card table byte_map: [0x00007fa13cd82000,0x00007fa13d543000] _byte_map_base: 0x00007fa139543000

Marking Bits (Prev, Next): (CMBitMap*) 0x00007fa138096d30, (CMBitMap*) 0x00007fa138096cf0
 Prev Bits: [0x00007fa125a0f000, 0x00007fa129817000)
 Next Bits: [0x00007fa129817000, 0x00007fa12d61f000)

Polling page: 0x00007fa13fd20000

Metaspace:

Usage:
  Non-class:     30.08 MB used.
      Class:      4.74 MB used.
       Both:     34.82 MB used.

Virtual space:
  Non-class space:       64.00 MB reserved,      30.31 MB ( 47%) committed,  1 nodes.
      Class space:        1.00 GB reserved,       4.94 MB ( <1%) committed,  1 nodes.
             Both:        1.06 GB reserved,      35.25 MB (  3%) committed. 

Chunk freelists:
   Non-Class:  1.19 MB
       Class:  2.88 MB
        Both:  4.06 MB

MaxMetaspaceSize: unlimited
CompressedClassSpaceSize: 1.00 GB
Initial GC threshold: 21.00 MB
Current GC threshold: 35.25 MB
CDS: on
MetaspaceReclaimPolicy: balanced
 - commit_granule_bytes: 65536.
 - commit_granule_words: 8192.
 - virtual_space_node_default_size: 8388608.
 - enlarge_chunks_in_place: 1.
 - new_chunks_are_fully_committed: 0.
 - uncommit_free_chunks: 1.
 - use_allocation_guard: 0.


Internal statistics:

num_allocs_failed_limit: 6.
num_arena_births: 608.
num_arena_deaths: 0.
num_vsnodes_births: 2.
num_vsnodes_deaths: 0.
num_space_committed: 564.
num_space_uncommitted: 0.
num_chunks_returned_to_freelist: 6.
num_chunks_taken_from_freelist: 1912.
num_chunk_merges: 3.
num_chunk_splits: 1281.
num_chunks_enlarged: 964.
num_inconsistent_stats: 0.

CodeCache: size=49152Kb used=7694Kb max_used=9300Kb free=41457Kb
 bounds [0x00007fa12d61f000, 0x00007fa12df3f000, 0x00007fa13061f000]
 total_blobs=4678 nmethods=4143 adapters=462
 compilation: enabled
              stopped_count=0, restarted_count=0
 full_count=0

Compilation events (20 events):
Event: 11.329 Thread 0x00007fa13812cde0 4133       1       java.lang.reflect.ProxyGenerator$$Lambda$40/0x0000000800c21cd0::apply (8 bytes)
Event: 11.329 Thread 0x00007fa13812cde0 nmethod 4133 0x00007fa12d7c6410 code [0x00007fa12d7c65c0, 0x00007fa12d7c6740]
Event: 11.329 Thread 0x00007fa13812cde0 4134       1       java.lang.reflect.ProxyGenerator::lambda$addProxyMethod$1 (9 bytes)
Event: 11.330 Thread 0x00007fa13812cde0 nmethod 4134 0x00007fa12d7c6090 code [0x00007fa12d7c6240, 0x00007fa12d7c6360]
Event: 11.335 Thread 0x00007fa13812cde0 4135       1       org.springframework.data.repository.util.ReactiveWrappers$$Lambda$460/0x0000000800ecfd00::test (8 bytes)
Event: 11.335 Thread 0x00007fa13812cde0 nmethod 4135 0x00007fa12d7c5d10 code [0x00007fa12d7c5ea0, 0x00007fa12d7c5fb0]
Event: 11.335 Thread 0x00007fa13812cde0 4136       1       org.springframework.data.repository.util.ReactiveWrappers::supports (35 bytes)
Event: 11.335 Thread 0x00007fa13812cde0 nmethod 4136 0x00007fa12d7c5a10 code [0x00007fa12d7c5ba0, 0x00007fa12d7c5c50]
Event: 11.335 Thread 0x00007fa13812cde0 4137       1       org.springframework.data.repository.util.ReactiveWrappers::isAvailable (4 bytes)
Event: 11.335 Thread 0x00007fa13812cde0 nmethod 4137 0x00007fa12d7c5710 code [0x00007fa12d7c58a0, 0x00007fa12d7c5950]
Event: 11.335 Thread 0x00007fa13812cde0 4138       1       org.springframework.data.util.Lazy::getNullable (35 bytes)
Event: 11.335 Thread 0x00007fa13812cde0 nmethod 4138 0x00007fa12d7c5310 code [0x00007fa12d7c54c0, 0x00007fa12d7c5660]
Event: 11.335 Thread 0x00007fa13812cde0 4139       1       org.springframework.data.util.Lazy::get (21 bytes)
Event: 11.335 Thread 0x00007fa13812cde0 nmethod 4139 0x00007fa12d7c4e10 code [0x00007fa12d7c4fc0, 0x00007fa12d7c51f0]
Event: 11.339 Thread 0x00007fa13812cde0 4140       1       org.apache.tomcat.util.buf.Ascii::toLower (14 bytes)
Event: 11.340 Thread 0x00007fa13812cde0 nmethod 4140 0x00007fa12d7c4810 code [0x00007fa12d7c49a0, 0x00007fa12d7c4a70]
Event: 11.340 Thread 0x00007fa13812cde0 4141       1       org.apache.tomcat.util.http.MimeHeaderField::getName (5 bytes)
Event: 11.340 Thread 0x00007fa13812cde0 nmethod 4141 0x00007fa12d7c4510 code [0x00007fa12d7c46a0, 0x00007fa12d7c4770]
Event: 11.359 Thread 0x00007fa13812cde0 4143       1       com.fasterxml.jackson.databind.JavaType::getRawClass (5 bytes)
Event: 11.359 Thread 0x00007fa13812cde0 nmethod 4143 0x00007fa12d7bfd10 code [0x00007fa12d7bfea0, 0x00007fa12d7bff70]

GC Heap History (13 events):
Event: 0.852 GC heap before
{Heap before GC invocations=0 (full 0):
 garbage-first heap   total 260096K, used 24492K [0x0000000707e00000, 0x0000000800000000)
  region size 2048K, 11 young (22528K), 0 survivors (0K)
 Metaspace       used 7638K, committed 7872K, reserved 1114112K
  class space    used 933K, committed 1088K, reserved 1048576K
}
Event: 0.857 GC heap after
{Heap after GC invocations=1 (full 0):
 garbage-first heap   total 260096K, used 6947K [0x0000000707e00000, 0x0000000800000000)
  region size 2048K, 2 young (4096K), 2 survivors (4096K)
 Metaspace       used 7638K, committed 7872K, reserved 1114112K
  class space    used 933K, committed 1088K, reserved 1048576K
}
Event: 1.337 GC heap before
{Heap before GC invocations=1 (full 0):
 garbage-first heap   total 260096K, used 35619K [0x0000000707e00000, 0x0000000800000000)
  region size 2048K, 17 young (34816K), 2 survivors (4096K)
 Metaspace       used 15063K, committed 15360K, reserved 1114112K
  class space    used 1934K, committed 2048K, reserved 1048576K
}
Event: 1.354 GC heap after
{Heap after GC invocations=2 (full 0):
 garbage-first heap   total 260096K, used 9530K [0x0000000707e00000, 0x0000000800000000)
  region size 2048K, 2 young (4096K), 2 survivors (4096K)
 Metaspace       used 15063K, committed 15360K, reserved 1114112K
  class space    used 1934K, committed 2048K, reserved 1048576K
}
Event: 2.030 GC heap before
{Heap before GC invocations=2 (full 0):
 garbage-first heap   total 260096K, used 52538K [0x0000000707e00000, 0x0000000800000000)
  region size 2048K, 24 young (49152K), 2 survivors (4096K)
 Metaspace       used 21233K, committed 21504K, reserved 1114112K
  class space    used 2801K, committed 2944K, reserved 1048576K
}
Event: 2.034 GC heap after
{Heap after GC invocations=3 (full 0):
 garbage-first heap   total 260096K, used 12171K [0x0000000707e00000, 0x0000000800000000)
  region size 2048K, 3 young (6144K), 3 survivors (6144K)
 Metaspace       used 21233K, committed 21504K, reserved 1114112K
  class space    used 2801K, committed 2944K, reserved 1048576K
}
Event: 2.463 GC heap before
{Heap before GC invocations=4 (full 0):
 garbage-first heap   total 61440K, used 42891K [0x0000000707e00000, 0x0000000800000000)
  region size 2048K, 18 young (36864K), 3 survivors (6144K)
 Metaspace       used 25988K, committed 26368K, reserved 1114112K
  class space    used 3463K, committed 3648K, reserved 1048576K
}
Event: 2.481 GC heap after
{Heap after GC invocations=5 (full 0):
 garbage-first heap   total 61440K, used 15111K [0x0000000707e00000, 0x0000000800000000)
  region size 2048K, 3 young (6144K), 3 survivors (6144K)
 Metaspace       used 25988K, committed 26368K, reserved 1114112K
  class space    used 3463K, committed 3648K, reserved 1048576K
}
Event: 2.511 GC heap before
{Heap before GC invocations=5 (full 0):
 garbage-first heap   total 61440K, used 17159K [0x0000000707e00000, 0x0000000800000000)
  region size 2048K, 4 young (8192K), 3 survivors (6144K)
 Metaspace       used 26241K, committed 26624K, reserved 1114112K
  class space    used 3507K, committed 3648K, reserved 1048576K
}
Event: 2.525 GC heap after
{Heap after GC invocations=6 (full 0):
 garbage-first heap   total 61440K, used 15762K [0x0000000707e00000, 0x0000000800000000)
  region size 2048K, 1 young (2048K), 1 survivors (2048K)
 Metaspace       used 26241K, committed 26624K, reserved 1114112K
  class space    used 3507K, committed 3648K, reserved 1048576K
}
Event: 2.910 GC heap before
{Heap before GC invocations=6 (full 0):
 garbage-first heap   total 61440K, used 38290K [0x0000000707e00000, 0x0000000800000000)
  region size 2048K, 13 young (26624K), 1 survivors (2048K)
 Metaspace       used 31386K, committed 31744K, reserved 1114112K
  class space    used 4305K, committed 4480K, reserved 1048576K
}
Event: 2.913 GC heap after
{Heap after GC invocations=7 (full 0):
 garbage-first heap   total 159744K, used 17504K [0x0000000707e00000, 0x0000000800000000)
  region size 2048K, 2 young (4096K), 2 survivors (4096K)
 Metaspace       used 31386K, committed 31744K, reserved 1114112K
  class space    used 4305K, committed 4480K, reserved 1048576K
}
Event: 11.362 GC heap before
{Heap before GC invocations=7 (full 0):
 garbage-first heap   total 159744K, used 44128K [0x0000000707e00000, 0x0000000800000000)
  region size 2048K, 16 young (32768K), 2 survivors (4096K)
 Metaspace       used 35657K, committed 36096K, reserved 1114112K
  class space    used 4858K, committed 5056K, reserved 1048576K
}

Deoptimization events (8 events):
Event: 1.303 Thread 0x00007fa0c80076a0 DEOPT PACKING pc=0x00007fa12dbc0691 sp=0x00007fa1158f4670
Event: 1.303 Thread 0x00007fa0c80076a0 DEOPT UNPACKING pc=0x00007fa12d67182f sp=0x00007fa1158f3b70 mode 3
Event: 1.920 Thread 0x00007fa0c80076a0 DEOPT PACKING pc=0x00007fa12dbe7e64 sp=0x00007fa1158f4ed0
Event: 1.920 Thread 0x00007fa0c80076a0 DEOPT UNPACKING pc=0x00007fa12d67182f sp=0x00007fa1158f4448 mode 0
Event: 2.438 Thread 0x00007fa0c80076a0 DEOPT PACKING pc=0x00007fa12de1503d sp=0x00007fa1158f3d00
Event: 2.438 Thread 0x00007fa0c80076a0 DEOPT UNPACKING pc=0x00007fa12d67182f sp=0x00007fa1158f3288 mode 3
Event: 2.446 Thread 0x00007fa08c001340 DEOPT PACKING pc=0x00007fa12db2e996 sp=0x00007fa114ee75a0
Event: 2.446 Thread 0x00007fa08c001340 DEOPT UNPACKING pc=0x00007fa12d67182f sp=0x00007fa114ee6a18 mode 3

Classes loaded (20 events):
Event: 11.293 Loading class sun/nio/cs/ThreadLocalCoders
Event: 11.293 Loading class sun/nio/cs/ThreadLocalCoders done
Event: 11.293 Loading class sun/nio/cs/ThreadLocalCoders$1
Event: 11.293 Loading class sun/nio/cs/ThreadLocalCoders$Cache
Event: 11.293 Loading class sun/nio/cs/ThreadLocalCoders$Cache done
Event: 11.293 Loading class sun/nio/cs/ThreadLocalCoders$1 done
Event: 11.293 Loading class sun/nio/cs/ThreadLocalCoders$2
Event: 11.293 Loading class sun/nio/cs/ThreadLocalCoders$2 done
Event: 11.313 Loading class java/lang/InheritableThreadLocal
Event: 11.313 Loading class java/lang/InheritableThreadLocal done
Event: 11.338 Loading class java/time/format/DateTimeFormatterBuilder$ZoneTextPrinterParser
Event: 11.339 Loading class java/time/format/DateTimeFormatterBuilder$ZoneTextPrinterParser done
Event: 11.339 Loading class java/time/format/DateTimeFormatterBuilder$ReducedPrinterParser
Event: 11.339 Loading class java/time/format/DateTimeFormatterBuilder$ReducedPrinterParser done
Event: 11.342 Loading class java/util/OptionalLong
Event: 11.342 Loading class java/util/OptionalLong done
Event: 11.342 Loading class java/util/OptionalDouble
Event: 11.342 Loading class java/util/OptionalDouble done
Event: 11.350 Loading class java/util/concurrent/atomic/AtomicReferenceArray
Event: 11.350 Loading class java/util/concurrent/atomic/AtomicReferenceArray done

Classes unloaded (0 events):
No events

Classes redefined (0 events):
No events

Internal exceptions (20 events):
Event: 2.919 Thread 0x00007fa0c80076a0 Exception <a 'java/lang/ClassNotFoundException'{0x000000071767f6d8}: java/lang/ObjectCustomizer> (0x000000071767f6d8) 
thrown [open/src/hotspot/share/classfile/systemDictionary.cpp, line 255]
Event: 2.919 Thread 0x00007fa0c80076a0 Exception <a 'java/lang/ClassNotFoundException'{0x0000000717686d68}: org/springframework/web/servlet/config/annotation/WebMvcConfigurationSupportCustomizer> (0x0000000717686d68) 
thrown [open/src/hotspot/share/classfile/systemDictionary.cpp, line 255]
Event: 2.920 Thread 0x00007fa0c80076a0 Exception <a 'java/lang/ClassNotFoundException'{0x000000071769a820}: org/springframework/web/servlet/config/annotation/DelegatingWebMvcConfigurationCustomizer> (0x000000071769a820) 
thrown [open/src/hotspot/share/classfile/systemDictionary.cpp, line 255]
Event: 2.920 Thread 0x00007fa0c80076a0 Exception <a 'java/lang/ClassNotFoundException'{0x00000007176a3960}: org/springframework/boot/autoconfigure/web/servlet/WebMvcAutoConfiguration$EnableWebMvcConfigurationCustomizer> (0x00000007176a3960) 
thrown [open/src/hotspot/share/classfile/systemDictionary.cpp, line 255]
Event: 2.920 Thread 0x00007fa0c80076a0 Exception <a 'java/lang/ClassNotFoundException'{0x00000007176b6080}: org/springframework/context/ResourceLoaderAwareCustomizer> (0x00000007176b6080) 
thrown [open/src/hotspot/share/classfile/systemDictionary.cpp, line 255]
Event: 2.921 Thread 0x00007fa0c80076a0 Exception <a 'java/lang/ClassNotFoundException'{0x00000007176ba7d8}: org/springframework/beans/factory/AwareCustomizer> (0x00000007176ba7d8) 
thrown [open/src/hotspot/share/classfile/systemDictionary.cpp, line 255]
Event: 2.921 Thread 0x00007fa0c80076a0 Exception <a 'java/lang/ClassNotFoundException'{0x00000007176be2b8}: org/springframework/context/ApplicationContextAwareCustomizer> (0x00000007176be2b8) 
thrown [open/src/hotspot/share/classfile/systemDictionary.cpp, line 255]
Event: 2.921 Thread 0x00007fa0c80076a0 Exception <a 'java/lang/ClassNotFoundException'{0x00000007176c3500}: org/springframework/beans/factory/AwareCustomizer> (0x00000007176c3500) 
thrown [open/src/hotspot/share/classfile/systemDictionary.cpp, line 255]
Event: 2.921 Thread 0x00007fa0c80076a0 Exception <a 'java/lang/ClassNotFoundException'{0x00000007176c6fa0}: org/springframework/web/context/ServletContextAwareCustomizer> (0x00000007176c6fa0) 
thrown [open/src/hotspot/share/classfile/systemDictionary.cpp, line 255]
Event: 2.921 Thread 0x00007fa0c80076a0 Exception <a 'java/lang/ClassNotFoundException'{0x00000007176cbb30}: org/springframework/beans/factory/AwareCustomizer> (0x00000007176cbb30) 
thrown [open/src/hotspot/share/classfile/systemDictionary.cpp, line 255]
Event: 2.923 Thread 0x00007fa0c80076a0 Exception <a 'java/lang/NoSuchMethodError'{0x00000007176e6d90}: 'java.lang.Object java.lang.invoke.DirectMethodHandle$Holder.newInvokeSpecial(java.lang.Object, java.lang.Object, java.lang.Object, java.lang.Object, java.lang.Object, java.lang.Object, java.lang.Object, java.lang.Object)'> (0x00000007176e6d90) 
thrown [open/src/hotspot/share/interpreter/linkResolver.cpp, line 758]
Event: 2.923 Thread 0x00007fa0c80076a0 Exception <a 'java/lang/NoSuchMethodError'{0x00000007176ec150}: 'java.lang.Object java.lang.invoke.DirectMethodHandle$Holder.invokeSpecial(java.lang.Object, java.lang.Object, java.lang.Object, java.lang.Object, java.lang.Object, java.lang.Object, java.lang.Object, java.lang.Object, java.lang.Object)'> (0x00000007176ec150) 
thrown [open/src/hotspot/share/interpreter/linkResolver.cpp, line 758]
Event: 2.984 Thread 0x00007fa0c80076a0 Exception <a 'java/lang/NoSuchMethodError'{0x0000000714223e68}: 'void java.lang.invoke.DirectMethodHandle$Holder.invokeVirtual(java.lang.Object, java.lang.Object, long)'> (0x0000000714223e68) 
thrown [open/src/hotspot/share/interpreter/linkResolver.cpp, line 758]
Event: 3.046 Thread 0x00007fa0c80076a0 Exception <a 'java/lang/IncompatibleClassChangeError'{0x0000000710b28e78}: Found class java.lang.Object, but interface was expected> (0x0000000710b28e78) 
thrown [open/src/hotspot/share/interpreter/linkResolver.cpp, line 826]
Event: 3.063 Thread 0x00007fa0c80076a0 Exception <a 'java/lang/NoSuchMethodError'{0x00000007108690e0}: 'int java.lang.invoke.DirectMethodHandle$Holder.invokeStaticInit(java.lang.Object, java.lang.Object, java.lang.Object, java.lang.Object)'> (0x00000007108690e0) 
thrown [open/src/hotspot/share/interpreter/linkResolver.cpp, line 758]
Event: 3.100 Thread 0x00007fa0c80076a0 Exception <a 'java/lang/NoSuchMethodError'{0x0000000710702808}: 'java.lang.Object java.lang.invoke.DirectMethodHandle$Holder.newInvokeSpecial(java.lang.Object, java.lang.Object, int, java.lang.Object, java.lang.Object)'> (0x0000000710702808) 
thrown [open/src/hotspot/share/interpreter/linkResolver.cpp, line 758]
Event: 3.101 Thread 0x00007fa0c80076a0 Exception <a 'java/lang/NoSuchMethodError'{0x000000071070e060}: 'java.lang.Object java.lang.invoke.DirectMethodHandle$Holder.invokeSpecial(java.lang.Object, java.lang.Object, int, java.lang.Object, int, java.lang.Object)'> (0x000000071070e060) 
thrown [open/src/hotspot/share/interpreter/linkResolver.cpp, line 758]
Event: 3.101 Thread 0x00007fa0c80076a0 Exception <a 'java/lang/NoSuchMethodError'{0x0000000710715e58}: 'java.lang.Object java.lang.invoke.DirectMethodHandle$Holder.newInvokeSpecial(java.lang.Object, java.lang.Object, int, java.lang.Object, int)'> (0x0000000710715e58) 
thrown [open/src/hotspot/share/interpreter/linkResolver.cpp, line 758]
Event: 3.101 Thread 0x00007fa0c80076a0 Exception <a 'java/lang/NoSuchMethodError'{0x0000000710719f60}: 'java.lang.Object java.lang.invoke.DirectMethodHandle$Holder.invokeSpecial(java.lang.Object, java.lang.Object, java.lang.Object, int, java.lang.Object, int)'> (0x0000000710719f60) 
thrown [open/src/hotspot/share/interpreter/linkResolver.cpp, line 758]
Event: 3.365 Thread 0x00007fa0d8003160 Exception <a 'java/lang/NoSuchMethodError'{0x00000007103ee0c0}: 'java.lang.Object java.lang.invoke.DirectMethodHandle$Holder.invokeInterface(java.lang.Object, java.lang.Object, java.lang.Object, java.lang.Object, java.lang.Object, java.lang.Object, java.lang.Object)'> (0x00000007103ee0c0) 
thrown [open/src/hotspot/share/interpreter/linkResolver.cpp, line 758]

VM Operations (20 events):
Event: 3.036 Executing VM operation: HandshakeAllThreads done
Event: 3.051 Executing VM operation: HandshakeAllThreads
Event: 3.051 Executing VM operation: HandshakeAllThreads done
Event: 3.120 Executing VM operation: HandshakeAllThreads
Event: 3.120 Executing VM operation: HandshakeAllThreads done
Event: 4.120 Executing VM operation: Cleanup
Event: 4.121 Executing VM operation: Cleanup done
Event: 5.121 Executing VM operation: Cleanup
Event: 5.121 Executing VM operation: Cleanup done
Event: 11.300 Executing VM operation: HandshakeAllThreads
Event: 11.300 Executing VM operation: HandshakeAllThreads done
Event: 11.314 Executing VM operation: HandshakeAllThreads
Event: 11.314 Executing VM operation: HandshakeAllThreads done
Event: 11.325 Executing VM operation: HandshakeAllThreads
Event: 11.326 Executing VM operation: HandshakeAllThreads done
Event: 11.326 Executing VM operation: Cleanup
Event: 11.326 Executing VM operation: Cleanup done
Event: 11.326 Executing VM operation: HandshakeAllThreads
Event: 11.326 Executing VM operation: HandshakeAllThreads done
Event: 11.362 Executing VM operation: CollectForMetadataAllocation

Events (20 events):
Event: 3.125 Thread 0x00007fa138028290 Thread added: 0x00007fa138028290
Event: 3.350 Thread 0x00007fa09c015d40 Thread added: 0x00007fa09c015d40
Event: 3.350 Protecting memory [0x00007fa1158f8000,0x00007fa1158fc000] with protection modes 0
Event: 3.355 Thread 0x00007fa09c015d40 Thread exited: 0x00007fa09c015d40
Event: 3.356 Thread 0x00007fa09c015d40 Thread added: 0x00007fa09c015d40
Event: 3.356 Protecting memory [0x00007fa1158f8000,0x00007fa1158fc000] with protection modes 0
Event: 3.356 Thread 0x00007fa0d8003160 Thread added: 0x00007fa0d8003160
Event: 3.356 Protecting memory [0x00007fa1157f7000,0x00007fa1157fb000] with protection modes 0
Event: 3.358 Thread 0x00007fa0bc09f480 Thread added: 0x00007fa0bc09f480
Event: 3.358 Protecting memory [0x00007fa0635f6000,0x00007fa0635fa000] with protection modes 0
Event: 3.372 Thread 0x00007fa0bc09f480 Thread exited: 0x00007fa0bc09f480
Event: 3.374 Thread 0x00007fa0bc09f480 Thread added: 0x00007fa0bc09f480
Event: 3.374 Protecting memory [0x00007fa0635f6000,0x00007fa0635fa000] with protection modes 0
Event: 3.386 Thread 0x00007fa09c015d40 Thread exited: 0x00007fa09c015d40
Event: 3.386 Thread 0x00007fa0bc09f480 Thread exited: 0x00007fa0bc09f480
Event: 5.099 Thread 0x00007fa0dc0aa6f0 Thread exited: 0x00007fa0dc0aa6f0
Event: 6.114 Thread 0x00007fa0dc0a9590 Thread exited: 0x00007fa0dc0a9590
Event: 7.823 Thread 0x00007fa0d8003cf0 Thread added: 0x00007fa0d8003cf0
Event: 7.823 Protecting memory [0x00007fa115afa000,0x00007fa115afe000] with protection modes 0
Event: 10.711 Thread 0x00007fa0f00adc40 Thread exited: 0x00007fa0f00adc40


Dynamic libraries:
707e00000-710e00000 rw-p 00000000 00:00 0 
710e00000-714200000 ---p 00000000 00:00 0 
714200000-714800000 rw-p 00000000 00:00 0 
714800000-717600000 ---p 00000000 00:00 0 
717600000-717800000 rw-p 00000000 00:00 0 
717800000-7ffc00000 ---p 00000000 00:00 0 
7ffc00000-7ffd00000 rw-p 00000000 00:00 0 
7ffd00000-7ffd75000 rw-p 00c5c000 08:02 28967507                         /home/divum/.jdks/openjdk-18.0.2.1/lib/server/classes.jsa
7ffd75000-7ffe00000 rw-p 00000000 00:00 0 
7ffe00000-7ffe76000 rw-p 00be6000 08:02 28967507                         /home/divum/.jdks/openjdk-18.0.2.1/lib/server/classes.jsa
7ffe76000-800000000 rw-p 00000000 00:00 0 
800000000-800448000 rw-p 00001000 08:02 28967507                         /home/divum/.jdks/openjdk-18.0.2.1/lib/server/classes.jsa
800448000-800bae000 r--p 00449000 08:02 28967507                         /home/divum/.jdks/openjdk-18.0.2.1/lib/server/classes.jsa
800bae000-800c00000 ---p 00000000 00:00 0 
800c00000-800c20000 rw-p 00000000 00:00 0 
800c20000-800c40000 rw-p 00000000 00:00 0 
800c40000-800cc0000 rw-p 00000000 00:00 0 
800cc0000-800dc0000 rw-p 00000000 00:00 0 
800dc0000-800e00000 rw-p 00000000 00:00 0 
800e00000-8010c0000 rw-p 00000000 00:00 0 
8010c0000-8010d0000 rw-p 00000000 00:00 0 
8010d0000-801100000 ---p 00000000 00:00 0 
801100000-801120000 rw-p 00000000 00:00 0 
801120000-840c00000 ---p 00000000 00:00 0 
55f0144f8000-55f0144f9000 r-xp 00000000 08:02 28966994                   /home/divum/.jdks/openjdk-18.0.2.1/bin/java
55f0144fa000-55f0144fb000 r--p 00001000 08:02 28966994                   /home/divum/.jdks/openjdk-18.0.2.1/bin/java
55f0144fb000-55f0144fc000 rw-p 00002000 08:02 28966994                   /home/divum/.jdks/openjdk-18.0.2.1/bin/java
55f014d14000-55f014d5d000 rw-p 00000000 00:00 0                          [heap]
7fa034000000-7fa034021000 rw-p 00000000 00:00 0 
7fa034021000-7fa038000000 ---p 00000000 00:00 0 
7fa03c000000-7fa03c021000 rw-p 00000000 00:00 0 
7fa03c021000-7fa040000000 ---p 00000000 00:00 0 
7fa040000000-7fa040021000 rw-p 00000000 00:00 0 
7fa040021000-7fa044000000 ---p 00000000 00:00 0 
7fa044000000-7fa044021000 rw-p 00000000 00:00 0 
7fa044021000-7fa048000000 ---p 00000000 00:00 0 
7fa048000000-7fa048021000 rw-p 00000000 00:00 0 
7fa048021000-7fa04c000000 ---p 00000000 00:00 0 
7fa04c000000-7fa04c021000 rw-p 00000000 00:00 0 
7fa04c021000-7fa050000000 ---p 00000000 00:00 0 
7fa050000000-7fa050021000 rw-p 00000000 00:00 0 
7fa050021000-7fa054000000 ---p 00000000 00:00 0 
7fa054000000-7fa054021000 rw-p 00000000 00:00 0 
7fa054021000-7fa058000000 ---p 00000000 00:00 0 
7fa058000000-7fa058021000 rw-p 00000000 00:00 0 
7fa058021000-7fa05c000000 ---p 00000000 00:00 0 
7fa05c000000-7fa05c021000 rw-p 00000000 00:00 0 
7fa05c021000-7fa060000000 ---p 00000000 00:00 0 
7fa063225000-7fa0635f6000 rw-p 00000000 00:00 0 
7fa0635f6000-7fa0635fa000 ---p 00000000 00:00 0 
7fa0635fa000-7fa0636f7000 rw-p 00000000 00:00 0 
7fa0636f7000-7fa0636fb000 ---p 00000000 00:00 0 
7fa0636fb000-7fa0637f8000 rw-p 00000000 00:00 0 
7fa0637f8000-7fa0637fc000 ---p 00000000 00:00 0 
7fa0637fc000-7fa0638f9000 rw-p 00000000 00:00 0 
7fa0638f9000-7fa0638fd000 ---p 00000000 00:00 0 
7fa0638fd000-7fa0639fa000 rw-p 00000000 00:00 0 
7fa0639fa000-7fa0639fe000 ---p 00000000 00:00 0 
7fa0639fe000-7fa063afb000 rw-p 00000000 00:00 0 
7fa063afb000-7fa063aff000 ---p 00000000 00:00 0 
7fa063aff000-7fa063bfc000 rw-p 00000000 00:00 0 
7fa063bfc000-7fa063c00000 ---p 00000000 00:00 0 
7fa063c00000-7fa063cfd000 rw-p 00000000 00:00 0 
7fa063cfd000-7fa063d01000 ---p 00000000 00:00 0 
7fa063d01000-7fa063dfe000 rw-p 00000000 00:00 0 
7fa063dfe000-7fa063e02000 ---p 00000000 00:00 0 
7fa063e02000-7fa063eff000 rw-p 00000000 00:00 0 
7fa063eff000-7fa063f03000 ---p 00000000 00:00 0 
7fa063f03000-7fa064000000 rw-p 00000000 00:00 0 
7fa064000000-7fa064021000 rw-p 00000000 00:00 0 
7fa064021000-7fa068000000 ---p 00000000 00:00 0 
7fa068000000-7fa068021000 rw-p 00000000 00:00 0 
7fa068021000-7fa06c000000 ---p 00000000 00:00 0 
7fa06c000000-7fa06c021000 rw-p 00000000 00:00 0 
7fa06c021000-7fa070000000 ---p 00000000 00:00 0 
7fa070000000-7fa070082000 rw-p 00000000 00:00 0 
7fa070082000-7fa074000000 ---p 00000000 00:00 0 
7fa074000000-7fa074021000 rw-p 00000000 00:00 0 
7fa074021000-7fa078000000 ---p 00000000 00:00 0 
7fa078000000-7fa078021000 rw-p 00000000 00:00 0 
7fa078021000-7fa07c000000 ---p 00000000 00:00 0 
7fa07c000000-7fa07c028000 rw-p 00000000 00:00 0 
7fa07c028000-7fa080000000 ---p 00000000 00:00 0 
7fa080000000-7fa080021000 rw-p 00000000 00:00 0 
7fa080021000-7fa084000000 ---p 00000000 00:00 0 
7fa084000000-7fa084021000 rw-p 00000000 00:00 0 
7fa084021000-7fa088000000 ---p 00000000 00:00 0 
7fa088000000-7fa088021000 rw-p 00000000 00:00 0 
7fa088021000-7fa08c000000 ---p 00000000 00:00 0 
7fa08c000000-7fa08c021000 rw-p 00000000 00:00 0 
7fa08c021000-7fa090000000 ---p 00000000 00:00 0 
7fa090000000-7fa090021000 rw-p 00000000 00:00 0 
7fa090021000-7fa094000000 ---p 00000000 00:00 0 
7fa094000000-7fa094021000 rw-p 00000000 00:00 0 
7fa094021000-7fa098000000 ---p 00000000 00:00 0 
7fa098000000-7fa098021000 rw-p 00000000 00:00 0 
7fa098021000-7fa09c000000 ---p 00000000 00:00 0 
7fa09c000000-7fa09c02f000 rw-p 00000000 00:00 0 
7fa09c02f000-7fa0a0000000 ---p 00000000 00:00 0 
7fa0a0000000-7fa0a0021000 rw-p 00000000 00:00 0 
7fa0a0021000-7fa0a4000000 ---p 00000000 00:00 0 
7fa0a4000000-7fa0a4030000 rw-p 00000000 00:00 0 
7fa0a4030000-7fa0a8000000 ---p 00000000 00:00 0 
7fa0a8000000-7fa0a81c6000 rw-p 00000000 00:00 0 
7fa0a81c6000-7fa0ac000000 ---p 00000000 00:00 0 
7fa0ac000000-7fa0ac021000 rw-p 00000000 00:00 0 
7fa0ac021000-7fa0b0000000 ---p 00000000 00:00 0 
7fa0b0000000-7fa0b0021000 rw-p 00000000 00:00 0 
7fa0b0021000-7fa0b4000000 ---p 00000000 00:00 0 
7fa0b4000000-7fa0b4021000 rw-p 00000000 00:00 0 
7fa0b4021000-7fa0b8000000 ---p 00000000 00:00 0 
7fa0b8000000-7fa0b802e000 rw-p 00000000 00:00 0 
7fa0b802e000-7fa0bc000000 ---p 00000000 00:00 0 
7fa0bc000000-7fa0bc908000 rw-p 00000000 00:00 0 
7fa0bc908000-7fa0c0000000 ---p 00000000 00:00 0 
7fa0c0000000-7fa0c0021000 rw-p 00000000 00:00 0 
7fa0c0021000-7fa0c4000000 ---p 00000000 00:00 0 
7fa0c4000000-7fa0c4053000 rw-p 00000000 00:00 0 
7fa0c4053000-7fa0c8000000 ---p 00000000 00:00 0 
7fa0c8000000-7fa0c8021000 rw-p 00000000 00:00 0 
7fa0c8021000-7fa0cc000000 ---p 00000000 00:00 0 
7fa0cc000000-7fa0cc021000 rw-p 00000000 00:00 0 
7fa0cc021000-7fa0d0000000 ---p 00000000 00:00 0 
7fa0d0000000-7fa0d00b0000 rw-p 00000000 00:00 0 
7fa0d00b0000-7fa0d4000000 ---p 00000000 00:00 0 
7fa0d4000000-7fa0d4021000 rw-p 00000000 00:00 0 
7fa0d4021000-7fa0d8000000 ---p 00000000 00:00 0 
7fa0d8000000-7fa0d8021000 rw-p 00000000 00:00 0 
7fa0d8021000-7fa0dc000000 ---p 00000000 00:00 0 
7fa0dc000000-7fa0dc1a8000 rw-p 00000000 00:00 0 
7fa0dc1a8000-7fa0e0000000 ---p 00000000 00:00 0 
7fa0e0000000-7fa0e0021000 rw-p 00000000 00:00 0 
7fa0e0021000-7fa0e4000000 ---p 00000000 00:00 0 
7fa0e4000000-7fa0e4021000 rw-p 00000000 00:00 0 
7fa0e4021000-7fa0e8000000 ---p 00000000 00:00 0 
7fa0e8000000-7fa0e8021000 rw-p 00000000 00:00 0 
7fa0e8021000-7fa0ec000000 ---p 00000000 00:00 0 
7fa0ec000000-7fa0ec021000 rw-p 00000000 00:00 0 
7fa0ec021000-7fa0f0000000 ---p 00000000 00:00 0 
7fa0f0000000-7fa0f01cd000 rw-p 00000000 00:00 0 
7fa0f01cd000-7fa0f4000000 ---p 00000000 00:00 0 
7fa0f4000000-7fa0f4021000 rw-p 00000000 00:00 0 
7fa0f4021000-7fa0f8000000 ---p 00000000 00:00 0 
7fa0f8000000-7fa0f8021000 rw-p 00000000 00:00 0 
7fa0f8021000-7fa0fc000000 ---p 00000000 00:00 0 
7fa0fc000000-7fa0fc021000 rw-p 00000000 00:00 0 
7fa0fc021000-7fa100000000 ---p 00000000 00:00 0 
7fa100000000-7fa100021000 rw-p 00000000 00:00 0 
7fa100021000-7fa104000000 ---p 00000000 00:00 0 
7fa104000000-7fa104021000 rw-p 00000000 00:00 0 
7fa104021000-7fa108000000 ---p 00000000 00:00 0 
7fa108000000-7fa108021000 rw-p 00000000 00:00 0 
7fa108021000-7fa10c000000 ---p 00000000 00:00 0 
7fa10c000000-7fa10c400000 rw-p 00000000 00:00 0 
7fa10c400000-7fa10c500000 rw-p 00000000 00:00 0 
7fa10c500000-7fa10c600000 rw-p 00000000 00:00 0 
7fa10c600000-7fa10c980000 rw-p 00000000 00:00 0 
7fa10c980000-7fa10ca00000 rw-p 00000000 00:00 0 
7fa10ca00000-7fa10cb80000 rw-p 00000000 00:00 0 
7fa10cb80000-7fa10cc00000 rw-p 00000000 00:00 0 
7fa10cc00000-7fa10d400000 rw-p 00000000 00:00 0 
7fa10d400000-7fa10d580000 rw-p 00000000 00:00 0 
7fa10d580000-7fa10d600000 rw-p 00000000 00:00 0 
7fa10d600000-7fa10db00000 rw-p 00000000 00:00 0 
7fa10db00000-7fa10db80000 rw-p 00000000 00:00 0 
7fa10db80000-7fa10dc00000 ---p 00000000 00:00 0 
7fa10dc00000-7fa10ded0000 rw-p 00000000 00:00 0 
7fa10ded0000-7fa110000000 ---p 00000000 00:00 0 
7fa110000000-7fa110021000 rw-p 00000000 00:00 0 
7fa110021000-7fa114000000 ---p 00000000 00:00 0 
7fa1140d8000-7fa1140dc000 ---p 00000000 00:00 0 
7fa1140dc000-7fa1141d9000 rw-p 00000000 00:00 0 
7fa1141d9000-7fa1141dd000 ---p 00000000 00:00 0 
7fa1141dd000-7fa1142da000 rw-p 00000000 00:00 0 
7fa1142da000-7fa1142de000 ---p 00000000 00:00 0 
7fa1142de000-7fa1143db000 rw-p 00000000 00:00 0 
7fa1143db000-7fa1143df000 ---p 00000000 00:00 0 
7fa1143df000-7fa1144dc000 rw-p 00000000 00:00 0 
7fa1144dc000-7fa1144e0000 ---p 00000000 00:00 0 
7fa1144e0000-7fa1145dd000 rw-p 00000000 00:00 0 
7fa1145dd000-7fa1145e1000 ---p 00000000 00:00 0 
7fa1145e1000-7fa1146de000 rw-p 00000000 00:00 0 
7fa1146de000-7fa1146e2000 ---p 00000000 00:00 0 
7fa1146e2000-7fa1147df000 rw-p 00000000 00:00 0 
7fa1147df000-7fa1147e3000 ---p 00000000 00:00 0 
7fa1147e3000-7fa1148e0000 rw-p 00000000 00:00 0 
7fa1148e0000-7fa1148e4000 ---p 00000000 00:00 0 
7fa1148e4000-7fa1149e1000 rw-p 00000000 00:00 0 
7fa1149e1000-7fa1149e5000 ---p 00000000 00:00 0 
7fa1149e5000-7fa114ae2000 rw-p 00000000 00:00 0 
7fa114ae2000-7fa114ae3000 ---p 00000000 00:00 0 
7fa114ae3000-7fa114be4000 rw-p 00000000 00:00 0 
7fa114be4000-7fa114be5000 ---p 00000000 00:00 0 
7fa114be5000-7fa114ce6000 rw-p 00000000 00:00 0 
7fa114ce6000-7fa114ce7000 ---p 00000000 00:00 0 
7fa114ce7000-7fa114de8000 rw-p 00000000 00:00 0 
7fa114de8000-7fa114dec000 ---p 00000000 00:00 0 
7fa114dec000-7fa114ee9000 rw-p 00000000 00:00 0 
7fa114ee9000-7fa114eed000 ---p 00000000 00:00 0 
7fa114eed000-7fa114fea000 rw-p 00000000 00:00 0 
7fa114fea000-7fa114fee000 ---p 00000000 00:00 0 
7fa114fee000-7fa1150eb000 rw-p 00000000 00:00 0 
7fa1150eb000-7fa1150ef000 ---p 00000000 00:00 0 
7fa1150ef000-7fa1151ec000 rw-p 00000000 00:00 0 
7fa1151ec000-7fa1151f0000 ---p 00000000 00:00 0 
7fa1151f0000-7fa1152ed000 rw-p 00000000 00:00 0 
7fa1152ed000-7fa1152ee000 ---p 00000000 00:00 0 
7fa1152ee000-7fa1153ef000 rw-p 00000000 00:00 0 
7fa1153ef000-7fa1153f0000 ---p 00000000 00:00 0 
7fa1153f0000-7fa1154f1000 rw-p 00000000 00:00 0 
7fa1154f1000-7fa1154f2000 ---p 00000000 00:00 0 
7fa1154f2000-7fa1155f3000 rw-p 00000000 00:00 0 
7fa1155f3000-7fa1155f4000 ---p 00000000 00:00 0 
7fa1155f4000-7fa1156f5000 rw-p 00000000 00:00 0 
7fa1156f5000-7fa1156f6000 ---p 00000000 00:00 0 
7fa1156f6000-7fa1157f7000 rw-p 00000000 00:00 0 
7fa1157f7000-7fa1157fb000 ---p 00000000 00:00 0 
7fa1157fb000-7fa1158f8000 rw-p 00000000 00:00 0 
7fa1158f8000-7fa1158fc000 ---p 00000000 00:00 0 
7fa1158fc000-7fa1159f9000 rw-p 00000000 00:00 0 
7fa1159f9000-7fa1159fd000 ---p 00000000 00:00 0 
7fa1159fd000-7fa115afa000 rw-p 00000000 00:00 0 
7fa115afa000-7fa115afe000 ---p 00000000 00:00 0 
7fa115afe000-7fa115bfb000 rw-p 00000000 00:00 0 
7fa115bfb000-7fa115bfc000 ---p 00000000 00:00 0 
7fa115bfc000-7fa115cfd000 rw-p 00000000 00:00 0 
7fa115cfd000-7fa115d01000 ---p 00000000 00:00 0 
7fa115d01000-7fa115dfe000 rw-p 00000000 00:00 0 
7fa115dfe000-7fa115e02000 ---p 00000000 00:00 0 
7fa115e02000-7fa115eff000 rw-p 00000000 00:00 0 
7fa115eff000-7fa115f03000 ---p 00000000 00:00 0 
7fa115f03000-7fa118000000 rw-p 00000000 00:00 0 
7fa118000000-7fa118021000 rw-p 00000000 00:00 0 
7fa118021000-7fa11c000000 ---p 00000000 00:00 0 
7fa11c000000-7fa11c021000 rw-p 00000000 00:00 0 
7fa11c021000-7fa120000000 ---p 00000000 00:00 0 
7fa120000000-7fa120021000 rw-p 00000000 00:00 0 
7fa120021000-7fa124000000 ---p 00000000 00:00 0 
7fa12407e000-7fa124085000 r--s 00000000 08:02 22284023                   /usr/lib/x86_64-linux-gnu/gconv/gconv-modules.cache
7fa124085000-7fa124092000 r-xp 00000000 08:02 28967487                   /home/divum/.jdks/openjdk-18.0.2.1/lib/libverify.so
7fa124092000-7fa124094000 r--p 0000c000 08:02 28967487                   /home/divum/.jdks/openjdk-18.0.2.1/lib/libverify.so
7fa124094000-7fa124095000 rw-p 0000e000 08:02 28967487                   /home/divum/.jdks/openjdk-18.0.2.1/lib/libverify.so
7fa124095000-7fa12409b000 r-xp 00000000 08:02 28967477                   /home/divum/.jdks/openjdk-18.0.2.1/lib/libmanagement_ext.so
7fa12409b000-7fa12409c000 r--p 00005000 08:02 28967477                   /home/divum/.jdks/openjdk-18.0.2.1/lib/libmanagement_ext.so
7fa12409c000-7fa12409d000 rw-p 00006000 08:02 28967477                   /home/divum/.jdks/openjdk-18.0.2.1/lib/libmanagement_ext.so
7fa12409d000-7fa1240a1000 ---p 00000000 00:00 0 
7fa1240a1000-7fa12419e000 rw-p 00000000 00:00 0 
7fa12419e000-7fa1241a2000 ---p 00000000 00:00 0 
7fa1241a2000-7fa12429f000 rw-p 00000000 00:00 0 
7fa12429f000-7fa1242a3000 ---p 00000000 00:00 0 
7fa1242a3000-7fa1243a0000 rw-p 00000000 00:00 0 
7fa1243a0000-7fa1243a4000 ---p 00000000 00:00 0 
7fa1243a4000-7fa1244a1000 rw-p 00000000 00:00 0 
7fa1244a1000-7fa1244a5000 ---p 00000000 00:00 0 
7fa1244a5000-7fa1245a2000 rw-p 00000000 00:00 0 
7fa1245a2000-7fa1245a6000 ---p 00000000 00:00 0 
7fa1245a6000-7fa1246a3000 rw-p 00000000 00:00 0 
7fa1246a3000-7fa1246a7000 ---p 00000000 00:00 0 
7fa1246a7000-7fa1247a4000 rw-p 00000000 00:00 0 
7fa1247a4000-7fa124d14000 r--p 00000000 08:02 21633276                   /usr/lib/locale/locale-archive
7fa124d14000-7fa124d18000 ---p 00000000 00:00 0 
7fa124d18000-7fa124e15000 rw-p 00000000 00:00 0 
7fa124e15000-7fa124e19000 ---p 00000000 00:00 0 
7fa124e19000-7fa124f16000 rw-p 00000000 00:00 0 
7fa124f16000-7fa124f17000 ---p 00000000 00:00 0 
7fa124f17000-7fa125018000 rw-p 00000000 00:00 0 
7fa125018000-7fa1250e6000 r-xp 00000000 08:02 28967473                   /home/divum/.jdks/openjdk-18.0.2.1/lib/libjsvml.so
7fa1250e6000-7fa1250e7000 r--p 000cd000 08:02 28967473                   /home/divum/.jdks/openjdk-18.0.2.1/lib/libjsvml.so
7fa1250e7000-7fa1250e8000 rw-p 000ce000 08:02 28967473                   /home/divum/.jdks/openjdk-18.0.2.1/lib/libjsvml.so
7fa1250e8000-7fa125205000 rw-p 00000000 00:00 0 
7fa125205000-7fa125206000 ---p 00000000 00:00 0 
7fa125206000-7fa125307000 rw-p 00000000 00:00 0 
7fa125307000-7fa125308000 ---p 00000000 00:00 0 
7fa125308000-7fa125c4f000 rw-p 00000000 00:00 0 
7fa125c4f000-7fa125d1f000 ---p 00000000 00:00 0 
7fa125d1f000-7fa125d37000 rw-p 00000000 00:00 0 
7fa125d37000-7fa125def000 ---p 00000000 00:00 0 
7fa125def000-7fa125df7000 rw-p 00000000 00:00 0 
7fa125df7000-7fa129807000 ---p 00000000 00:00 0 
7fa129807000-7fa129a57000 rw-p 00000000 00:00 0 
7fa129a57000-7fa129b27000 ---p 00000000 00:00 0 
7fa129b27000-7fa129b3f000 rw-p 00000000 00:00 0 
7fa129b3f000-7fa129bf7000 ---p 00000000 00:00 0 
7fa129bf7000-7fa129bff000 rw-p 00000000 00:00 0 
7fa129bff000-7fa12d60f000 ---p 00000000 00:00 0 
7fa12d60f000-7fa12d61f000 rw-p 00000000 00:00 0 
7fa12d61f000-7fa12df3f000 rwxp 00000000 00:00 0 
7fa12df3f000-7fa13061f000 ---p 00000000 00:00 0 
7fa13061f000-7fa138000000 r--s 00000000 08:02 28967489                   /home/divum/.jdks/openjdk-18.0.2.1/lib/modules
7fa138000000-7fa138580000 rw-p 00000000 00:00 0 
7fa138580000-7fa13c000000 ---p 00000000 00:00 0 
7fa13c004000-7fa13c008000 r-xp 00000000 08:02 28967475                   /home/divum/.jdks/openjdk-18.0.2.1/lib/libmanagement.so
7fa13c008000-7fa13c009000 r--p 00003000 08:02 28967475                   /home/divum/.jdks/openjdk-18.0.2.1/lib/libmanagement.so
7fa13c009000-7fa13c00a000 rw-p 00004000 08:02 28967475                   /home/divum/.jdks/openjdk-18.0.2.1/lib/libmanagement.so
7fa13c00a000-7fa13c018000 r-xp 00000000 08:02 28967479                   /home/divum/.jdks/openjdk-18.0.2.1/lib/libnet.so
7fa13c018000-7fa13c019000 r--p 0000d000 08:02 28967479                   /home/divum/.jdks/openjdk-18.0.2.1/lib/libnet.so
7fa13c019000-7fa13c01a000 rw-p 0000e000 08:02 28967479                   /home/divum/.jdks/openjdk-18.0.2.1/lib/libnet.so
7fa13c01a000-7fa13c02d000 r-xp 00000000 08:02 28967480                   /home/divum/.jdks/openjdk-18.0.2.1/lib/libnio.so
7fa13c02d000-7fa13c02e000 r--p 00012000 08:02 28967480                   /home/divum/.jdks/openjdk-18.0.2.1/lib/libnio.so
7fa13c02e000-7fa13c02f000 rw-p 00013000 08:02 28967480                   /home/divum/.jdks/openjdk-18.0.2.1/lib/libnio.so
7fa13c02f000-7fa13c036000 r-xp 00000000 08:02 28967488                   /home/divum/.jdks/openjdk-18.0.2.1/lib/libzip.so
7fa13c036000-7fa13c037000 ---p 00007000 08:02 28967488                   /home/divum/.jdks/openjdk-18.0.2.1/lib/libzip.so
7fa13c037000-7fa13c038000 r--p 00007000 08:02 28967488                   /home/divum/.jdks/openjdk-18.0.2.1/lib/libzip.so
7fa13c038000-7fa13c039000 rw-p 00008000 08:02 28967488                   /home/divum/.jdks/openjdk-18.0.2.1/lib/libzip.so
7fa13c039000-7fa13c23b000 rw-p 00000000 00:00 0 
7fa13c23b000-7fa13c23c000 ---p 00000000 00:00 0 
7fa13c23c000-7fa13c33d000 rw-p 00000000 00:00 0 
7fa13c33d000-7fa13c33e000 ---p 00000000 00:00 0 
7fa13c33e000-7fa13c43f000 rw-p 00000000 00:00 0 
7fa13c43f000-7fa13c440000 ---p 00000000 00:00 0 
7fa13c440000-7fa13c609000 rw-p 00000000 00:00 0 
7fa13c609000-7fa13c623000 ---p 00000000 00:00 0 
7fa13c623000-7fa13c626000 rw-p 00000000 00:00 0 
7fa13c626000-7fa13c63d000 ---p 00000000 00:00 0 
7fa13c63d000-7fa13c63e000 rw-p 00000000 00:00 0 
7fa13c63e000-7fa13cd80000 ---p 00000000 00:00 0 
7fa13cd80000-7fa13cdca000 rw-p 00000000 00:00 0 
7fa13cdca000-7fa13cde4000 ---p 00000000 00:00 0 
7fa13cde4000-7fa13cde7000 rw-p 00000000 00:00 0 
7fa13cde7000-7fa13cdfe000 ---p 00000000 00:00 0 
7fa13cdfe000-7fa13cdff000 rw-p 00000000 00:00 0 
7fa13cdff000-7fa13d541000 ---p 00000000 00:00 0 
7fa13d541000-7fa13d58b000 rw-p 00000000 00:00 0 
7fa13d58b000-7fa13d5a5000 ---p 00000000 00:00 0 
7fa13d5a5000-7fa13d5a8000 rw-p 00000000 00:00 0 
7fa13d5a8000-7fa13d5bf000 ---p 00000000 00:00 0 
7fa13d5bf000-7fa13d5c0000 rw-p 00000000 00:00 0 
7fa13d5c0000-7fa13dd02000 ---p 00000000 00:00 0 
7fa13dd02000-7fa13e51f000 rw-p 00000000 00:00 0 
7fa13e51f000-7fa13e56c000 ---p 00000000 00:00 0 
7fa13e56c000-7fa13e56f000 r--p 00000000 08:02 21627006                   /usr/lib/x86_64-linux-gnu/libnss_files-2.31.so
7fa13e56f000-7fa13e576000 r-xp 00003000 08:02 21627006                   /usr/lib/x86_64-linux-gnu/libnss_files-2.31.so
7fa13e576000-7fa13e578000 r--p 0000a000 08:02 21627006                   /usr/lib/x86_64-linux-gnu/libnss_files-2.31.so
7fa13e578000-7fa13e579000 r--p 0000b000 08:02 21627006                   /usr/lib/x86_64-linux-gnu/libnss_files-2.31.so
7fa13e579000-7fa13e57a000 rw-p 0000c000 08:02 21627006                   /usr/lib/x86_64-linux-gnu/libnss_files-2.31.so
7fa13e57a000-7fa13e580000 rw-p 00000000 00:00 0 
7fa13e585000-7fa13e587000 r-xp 00000000 08:02 28967458                   /home/divum/.jdks/openjdk-18.0.2.1/lib/libextnet.so
7fa13e587000-7fa13e588000 r--p 00001000 08:02 28967458                   /home/divum/.jdks/openjdk-18.0.2.1/lib/libextnet.so
7fa13e588000-7fa13e589000 rw-p 00002000 08:02 28967458                   /home/divum/.jdks/openjdk-18.0.2.1/lib/libextnet.so
7fa13e589000-7fa13e591000 rw-s 00000000 08:02 24774935                   /tmp/hsperfdata_divum/9104
7fa13e591000-7fa13e5b5000 r-xp 00000000 08:02 28967465                   /home/divum/.jdks/openjdk-18.0.2.1/lib/libjava.so
7fa13e5b5000-7fa13e5b6000 ---p 00024000 08:02 28967465                   /home/divum/.jdks/openjdk-18.0.2.1/lib/libjava.so
7fa13e5b6000-7fa13e5b7000 r--p 00024000 08:02 28967465                   /home/divum/.jdks/openjdk-18.0.2.1/lib/libjava.so
7fa13e5b7000-7fa13e5b8000 rw-p 00025000 08:02 28967465                   /home/divum/.jdks/openjdk-18.0.2.1/lib/libjava.so
7fa13e5b8000-7fa13e5b9000 rw-p 00000000 00:00 0 
7fa13e5b9000-7fa13e5d4000 r-xp 00000000 08:02 28967469                   /home/divum/.jdks/openjdk-18.0.2.1/lib/libjimage.so
7fa13e5d4000-7fa13e5d5000 ---p 0001b000 08:02 28967469                   /home/divum/.jdks/openjdk-18.0.2.1/lib/libjimage.so
7fa13e5d5000-7fa13e5d7000 r--p 0001b000 08:02 28967469                   /home/divum/.jdks/openjdk-18.0.2.1/lib/libjimage.so
7fa13e5d7000-7fa13e5d8000 rw-p 0001d000 08:02 28967469                   /home/divum/.jdks/openjdk-18.0.2.1/lib/libjimage.so
7fa13e5d8000-7fa13e5dc000 ---p 00000000 00:00 0 
7fa13e5dc000-7fa13e6d9000 rw-p 00000000 00:00 0 
7fa13e6d9000-7fa13e6e6000 r--p 00000000 08:02 21627000                   /usr/lib/x86_64-linux-gnu/libm-2.31.so
7fa13e6e6000-7fa13e78d000 r-xp 0000d000 08:02 21627000                   /usr/lib/x86_64-linux-gnu/libm-2.31.so
7fa13e78d000-7fa13e826000 r--p 000b4000 08:02 21627000                   /usr/lib/x86_64-linux-gnu/libm-2.31.so
7fa13e826000-7fa13e827000 r--p 0014c000 08:02 21627000                   /usr/lib/x86_64-linux-gnu/libm-2.31.so
7fa13e827000-7fa13e828000 rw-p 0014d000 08:02 21627000                   /usr/lib/x86_64-linux-gnu/libm-2.31.so
7fa13e828000-7fa13e82a000 r--p 00000000 08:02 21627110                   /usr/lib/x86_64-linux-gnu/librt-2.31.so
7fa13e82a000-7fa13e82e000 r-xp 00002000 08:02 21627110                   /usr/lib/x86_64-linux-gnu/librt-2.31.so
7fa13e82e000-7fa13e830000 r--p 00006000 08:02 21627110                   /usr/lib/x86_64-linux-gnu/librt-2.31.so
7fa13e830000-7fa13e831000 r--p 00007000 08:02 21627110                   /usr/lib/x86_64-linux-gnu/librt-2.31.so
7fa13e831000-7fa13e832000 rw-p 00008000 08:02 21627110                   /usr/lib/x86_64-linux-gnu/librt-2.31.so
7fa13e832000-7fa13f978000 r-xp 00000000 08:02 28967510                   /home/divum/.jdks/openjdk-18.0.2.1/lib/server/libjvm.so
7fa13f978000-7fa13f979000 ---p 01146000 08:02 28967510                   /home/divum/.jdks/openjdk-18.0.2.1/lib/server/libjvm.so
7fa13f979000-7fa13fa37000 r--p 01146000 08:02 28967510                   /home/divum/.jdks/openjdk-18.0.2.1/lib/server/libjvm.so
7fa13fa37000-7fa13fa6a000 rw-p 01204000 08:02 28967510                   /home/divum/.jdks/openjdk-18.0.2.1/lib/server/libjvm.so
7fa13fa6a000-7fa13fac7000 rw-p 00000000 00:00 0 
7fa13fac7000-7fa13fae9000 r--p 00000000 08:02 21626981                   /usr/lib/x86_64-linux-gnu/libc-2.31.so
7fa13fae9000-7fa13fc61000 r-xp 00022000 08:02 21626981                   /usr/lib/x86_64-linux-gnu/libc-2.31.so
7fa13fc61000-7fa13fcaf000 r--p 0019a000 08:02 21626981                   /usr/lib/x86_64-linux-gnu/libc-2.31.so
7fa13fcaf000-7fa13fcb3000 r--p 001e7000 08:02 21626981                   /usr/lib/x86_64-linux-gnu/libc-2.31.so
7fa13fcb3000-7fa13fcb5000 rw-p 001eb000 08:02 21626981                   /usr/lib/x86_64-linux-gnu/libc-2.31.so
7fa13fcb5000-7fa13fcb9000 rw-p 00000000 00:00 0 
7fa13fcb9000-7fa13fcba000 r--p 00000000 08:02 21626982                   /usr/lib/x86_64-linux-gnu/libdl-2.31.so
7fa13fcba000-7fa13fcbc000 r-xp 00001000 08:02 21626982                   /usr/lib/x86_64-linux-gnu/libdl-2.31.so
7fa13fcbc000-7fa13fcbd000 r--p 00003000 08:02 21626982                   /usr/lib/x86_64-linux-gnu/libdl-2.31.so
7fa13fcbd000-7fa13fcbe000 r--p 00003000 08:02 21626982                   /usr/lib/x86_64-linux-gnu/libdl-2.31.so
7fa13fcbe000-7fa13fcbf000 rw-p 00004000 08:02 21626982                   /usr/lib/x86_64-linux-gnu/libdl-2.31.so
7fa13fcbf000-7fa13fcc5000 r--p 00000000 08:02 21627057                   /usr/lib/x86_64-linux-gnu/libpthread-2.31.so
7fa13fcc5000-7fa13fcd6000 r-xp 00006000 08:02 21627057                   /usr/lib/x86_64-linux-gnu/libpthread-2.31.so
7fa13fcd6000-7fa13fcdc000 r--p 00017000 08:02 21627057                   /usr/lib/x86_64-linux-gnu/libpthread-2.31.so
7fa13fcdc000-7fa13fcdd000 r--p 0001c000 08:02 21627057                   /usr/lib/x86_64-linux-gnu/libpthread-2.31.so
7fa13fcdd000-7fa13fcde000 rw-p 0001d000 08:02 21627057                   /usr/lib/x86_64-linux-gnu/libpthread-2.31.so
7fa13fcde000-7fa13fce2000 rw-p 00000000 00:00 0 
7fa13fce2000-7fa13fcf0000 r-xp 00000000 08:02 28967470                   /home/divum/.jdks/openjdk-18.0.2.1/lib/libjli.so
7fa13fcf0000-7fa13fcf1000 ---p 0000e000 08:02 28967470                   /home/divum/.jdks/openjdk-18.0.2.1/lib/libjli.so
7fa13fcf1000-7fa13fcf2000 r--p 0000e000 08:02 28967470                   /home/divum/.jdks/openjdk-18.0.2.1/lib/libjli.so
7fa13fcf2000-7fa13fcf3000 rw-p 0000f000 08:02 28967470                   /home/divum/.jdks/openjdk-18.0.2.1/lib/libjli.so
7fa13fcf3000-7fa13fcf5000 r--p 00000000 08:02 21633812                   /usr/lib/x86_64-linux-gnu/libz.so.1.2.11
7fa13fcf5000-7fa13fd06000 r-xp 00002000 08:02 21633812                   /usr/lib/x86_64-linux-gnu/libz.so.1.2.11
7fa13fd06000-7fa13fd0c000 r--p 00013000 08:02 21633812                   /usr/lib/x86_64-linux-gnu/libz.so.1.2.11
7fa13fd0c000-7fa13fd0d000 ---p 00019000 08:02 21633812                   /usr/lib/x86_64-linux-gnu/libz.so.1.2.11
7fa13fd0d000-7fa13fd0e000 r--p 00019000 08:02 21633812                   /usr/lib/x86_64-linux-gnu/libz.so.1.2.11
7fa13fd0e000-7fa13fd0f000 rw-p 0001a000 08:02 21633812                   /usr/lib/x86_64-linux-gnu/libz.so.1.2.11
7fa13fd0f000-7fa13fd11000 rw-p 00000000 00:00 0 
7fa13fd14000-7fa13fd1e000 r-xp 00000000 08:02 28967460                   /home/divum/.jdks/openjdk-18.0.2.1/lib/libinstrument.so
7fa13fd1e000-7fa13fd1f000 r--p 00009000 08:02 28967460                   /home/divum/.jdks/openjdk-18.0.2.1/lib/libinstrument.so
7fa13fd1f000-7fa13fd20000 rw-p 0000a000 08:02 28967460                   /home/divum/.jdks/openjdk-18.0.2.1/lib/libinstrument.so
7fa13fd20000-7fa13fd21000 ---p 00000000 00:00 0 
7fa13fd21000-7fa13fd22000 r--p 00000000 00:00 0 
7fa13fd22000-7fa13fd23000 r--p 00000000 08:02 21626954                   /usr/lib/x86_64-linux-gnu/ld-2.31.so
7fa13fd23000-7fa13fd46000 r-xp 00001000 08:02 21626954                   /usr/lib/x86_64-linux-gnu/ld-2.31.so
7fa13fd46000-7fa13fd4e000 r--p 00024000 08:02 21626954                   /usr/lib/x86_64-linux-gnu/ld-2.31.so
7fa13fd4e000-7fa13fd4f000 ---p 00000000 00:00 0 
7fa13fd4f000-7fa13fd50000 r--p 0002c000 08:02 21626954                   /usr/lib/x86_64-linux-gnu/ld-2.31.so
7fa13fd50000-7fa13fd51000 rw-p 0002d000 08:02 21626954                   /usr/lib/x86_64-linux-gnu/ld-2.31.so
7fa13fd51000-7fa13fd52000 rw-p 00000000 00:00 0 
7ffe56d65000-7ffe56d87000 rw-p 00000000 00:00 0                          [stack]
7ffe56dc3000-7ffe56dc7000 r--p 00000000 00:00 0                          [vvar]
7ffe56dc7000-7ffe56dc9000 r-xp 00000000 00:00 0                          [vdso]
ffffffffff600000-ffffffffff601000 --xp 00000000 00:00 0                  [vsyscall]


VM Arguments:
jvm_args: -XX:TieredStopAtLevel=1 -Dspring.output.ansi.enabled=always -Dcom.sun.management.jmxremote -Dspring.jmx.enabled=true -Dspring.liveBeansView.mbeanDomain -Dspring.application.admin.enabled=true -javaagent:/snap/intellij-idea-ultimate/384/lib/idea_rt.jar=45317:/snap/intellij-idea-ultimate/384/bin -Dfile.encoding=UTF-8 -Dsun.stdout.encoding=UTF-8 -Dsun.stderr.encoding=UTF-8 
java_command: com.example.springonlineshop.SpringOnlineShopApiApplication
java_class_path (initial): /home/divum/My-workspace/Java/Spring-OnlineShop-Api/target/classes:/home/divum/.m2/repository/org/springframework/boot/spring-boot-starter-data-mongodb/2.7.4/spring-boot-starter-data-mongodb-2.7.4.jar:/home/divum/.m2/repository/org/springframework/boot/spring-boot-starter/2.7.4/spring-boot-starter-2.7.4.jar:/home/divum/.m2/repository/org/springframework/boot/spring-boot-starter-logging/2.7.4/spring-boot-starter-logging-2.7.4.jar:/home/divum/.m2/repository/ch/qos/logback/logback-classic/1.2.11/logback-classic-1.2.11.jar:/home/divum/.m2/repository/ch/qos/logback/logback-core/1.2.11/logback-core-1.2.11.jar:/home/divum/.m2/repository/org/apache/logging/log4j/log4j-to-slf4j/2.17.2/log4j-to-slf4j-2.17.2.jar:/home/divum/.m2/repository/org/apache/logging/log4j/log4j-api/2.17.2/log4j-api-2.17.2.jar:/home/divum/.m2/repository/org/slf4j/jul-to-slf4j/1.7.36/jul-to-slf4j-1.7.36.jar:/home/divum/.m2/repository/jakarta/annotation/jakarta.annotation-api/1.3.5/jakarta.annotation-api-1.3.5.jar:/home/divum/.m2/repository/org/yaml/snakeyaml/1.30/snakeyaml-1.30.jar:/home/divum/.m2/repository/org/mongodb/mongodb-driver-sync/4.6.1/mongodb-driver-sync-4.6.1.jar:/home/divum/.m2/repository/org/mongodb/bson/4.6.1/bson-4.6.1.jar:/home/divum/.m2/repository/org/mongodb/mongodb-driver-core/4.6.1/mongodb-driver-core-4.6.1.jar:/home/divum/.m2/repository/org/mongodb/bson-record-codec/4.6.1/bson-record-codec-4.6.1.jar:/home/divum/.m2/repository/org/springframework/data/spring-data-mongodb/3.4.3/spring-data-mongodb-3.4.3.jar:/home/divum/.m2/repository/org/springframework/spring-tx/5.3.23/spring-tx-5.3.23.jar:/home/divum/.m2/repository/org/springframework/spring-context/5.3.23/spring-context-5.3.23.jar:/home/divum/.m2/repository/org/springframework/spring-beans/5.3.23/spring-beans-5.3.23.jar:/home/divum/.m2/repository/org/springframework/spring-expression/5.3.23/spring-expression-5.3.23.jar:/home/divum/.m2/repository/org/springframework/data/spring-data-commons/2.7.3/spring-data-commons-2.7.3.jar:/home/divum/.m2/repository/org/slf4j/slf4j-api/1.7.36/slf4j-api-1.7.36.jar:/home/divum/.m2/repository/org/springframework/boot/spring-boot-starter-web/2.7.4/spring-boot-starter-web-2.7.4.jar:/home/divum/.m2/repository/org/springframework/boot/spring-boot-starter-json/2.7.4/spring-boot-starter-json-2.7.4.jar:/home/divum/.m2/repository/com/fasterxml/jackson/core/jackson-databind/2.13.4/jackson-databind-2.13.4.jar:/home/divum/.m2/repository/com/fasterxml/jackson/core/jackson-annotations/2.13.4/jackson-annotations-2.13.4.jar:/home/divum/.m2/repository/com/fasterxml/jackson/core/jackson-core/2.13.4/jackson-core-2.13.4.jar:/home/divum/.m2/repository/com/fasterxml/jackson/datatype/jackson-datatype-jdk8/2.13.4/jackson-datatype-jdk8-2.13.4.jar:/home/divum/.m2/repository/com/fasterxml/jackson/datatype/jackson-datatype-jsr310/2.13.4/jackson-datatype-jsr310-2.13.4.jar:/home/divum/.m2/repository/com/fasterxml/jackson/module/jackson-module-parameter-names/2.13.4/jackson-module-parameter-names-2.13.4.jar:/home/divum/.m2/repository/org/springframework/boot/spring-boot-starter-tomcat/2.7.4/spring-boot-starter-tomcat-2.7.4.jar:/home/divum/.m2/repository/org/apache/tomcat/embed/tomcat-embed-core/9.0.65/tomcat-embed-core-9.0.65.jar:/home/divum/.m2/repository/org/apache/tomcat/embed/tomcat-embed-el/9.0.65/tomcat-embed-el-9.0.65.jar:/home/divum/.m2/repository/org/apache/tomcat/embed/tomcat-embed-websocket/9.0.65/tomcat-embed-websocket-9.0.65.jar:/home/divum/.m2/repository/org/springframework/spring-web/5.3.23/spring-web-5.3.23.jar:/home/divum/.m2/repository/org/springframework/spring-webmvc/5.3.23/spring-webmvc-5.3.23.jar:/home/divum/.m2/repository/org/springframework/spring-aop/5.3.23/spring-aop-5.3.23.jar:/home/divum/.m2/repository/org/springframework/boot/spring-boot-devtools/2.7.4/spring-boot-devtools-2.7.4.jar:/home/divum/.m2/repository/org/springframework/boot/spring-boot/2.7.4/spring-boot-2.7.4.jar:/home/divum/.m2/repository/org/springframework/boot/spring-boot-autoconfigure/2.7.4/spring-boot-autoconfigure-2.7.4.jar:/home/divum/.m2/repository/org/springframework/spring-core/5.3.23/spring-core-5.3.23.jar:/home/divum/.m2/repository/org/springframework/spring-jcl/5.3.23/spring-jcl-5.3.23.jar
Launcher Type: SUN_STANDARD

[Global flags]
     intx CICompilerCount                          = 4                                         {product} {ergonomic}
     uint ConcGCThreads                            = 2                                         {product} {ergonomic}
     uint G1ConcRefinementThreads                  = 8                                         {product} {ergonomic}
   size_t G1HeapRegionSize                         = 2097152                                   {product} {ergonomic}
    uintx GCDrainStackTargetSize                   = 64                                        {product} {ergonomic}
   size_t InitialHeapSize                          = 262144000                                 {product} {ergonomic}
     bool ManagementServer                         = true                                      {product} {command line}
   size_t MarkStackSize                            = 4194304                                   {product} {ergonomic}
   size_t MaxHeapSize                              = 4162846720                                {product} {ergonomic}
   size_t MaxNewSize                               = 2497708032                                {product} {ergonomic}
   size_t MinHeapDeltaBytes                        = 2097152                                   {product} {ergonomic}
   size_t MinHeapSize                              = 8388608                                   {product} {ergonomic}
    uintx NonProfiledCodeHeapSize                  = 0                                      {pd product} {ergonomic}
     bool ProfileInterpreter                       = false                                  {pd product} {command line}
    uintx ProfiledCodeHeapSize                     = 0                                      {pd product} {ergonomic}
   size_t SoftMaxHeapSize                          = 4162846720                             {manageable} {ergonomic}
     intx TieredStopAtLevel                        = 1                                         {product} {command line}
     bool UseCompressedClassPointers               = true                           {product lp64_product} {ergonomic}
     bool UseCompressedOops                        = true                           {product lp64_product} {ergonomic}
     bool UseG1GC                                  = true                                      {product} {ergonomic}

Logging:
Log output configuration:
 #0: stdout all=warning uptime,level,tags foldmultilines=false
 #1: stderr all=off uptime,level,tags foldmultilines=false

Environment Variables:
PATH=/usr/local/sbin:/usr/local/bin:/usr/sbin:/usr/bin:/sbin:/bin:/usr/games:/usr/local/games:/snap/bin
USERNAME=divum
SHELL=/bin/bash
DISPLAY=:0
LANG=en_IN

Signal Handlers:
   SIGSEGV: crash_handler in libjvm.so, mask=11100100010111111101111111111110, flags=SA_RESTART|SA_SIGINFO
    SIGBUS: crash_handler in libjvm.so, mask=11100100010111111101111111111110, flags=SA_RESTART|SA_SIGINFO
    SIGFPE: crash_handler in libjvm.so, mask=11100100010111111101111111111110, flags=SA_RESTART|SA_SIGINFO
   SIGPIPE: javaSignalHandler in libjvm.so, mask=11100100010111111101111111111110, flags=SA_RESTART|SA_SIGINFO
   SIGXFSZ: javaSignalHandler in libjvm.so, mask=11100100010111111101111111111110, flags=SA_RESTART|SA_SIGINFO
    SIGILL: crash_handler in libjvm.so, mask=11100100010111111101111111111110, flags=SA_RESTART|SA_SIGINFO
   SIGUSR2: SR_handler in libjvm.so, mask=00100000000000000000000000000000, flags=SA_RESTART|SA_SIGINFO
    SIGHUP: UserHandler in libjvm.so, mask=11100100010111111101111111111110, flags=SA_RESTART|SA_SIGINFO
    SIGINT: UserHandler in libjvm.so, mask=11100100010111111101111111111110, flags=SA_RESTART|SA_SIGINFO
   SIGTERM: UserHandler in libjvm.so, mask=11100100010111111101111111111110, flags=SA_RESTART|SA_SIGINFO
   SIGQUIT: UserHandler in libjvm.so, mask=11100100010111111101111111111110, flags=SA_RESTART|SA_SIGINFO
   SIGTRAP: crash_handler in libjvm.so, mask=11100100010111111101111111111110, flags=SA_RESTART|SA_SIGINFO


---------------  S Y S T E M  ---------------

OS:
DISTRIB_ID=Ubuntu
DISTRIB_RELEASE=20.04
DISTRIB_CODENAME=focal
DISTRIB_DESCRIPTION="Ubuntu 20.04.3 LTS"
uname: Linux 5.15.0-48-generic #54~20.04.1-Ubuntu SMP Thu Sep 1 16:17:26 UTC 2022 x86_64
OS uptime: 0 days 1:36 hours
libc: glibc 2.31 NPTL 2.31 
rlimit (soft/hard): STACK 8192k/infinity , CORE 0k/infinity , NPROC 63231/63231 , NOFILE 1048576/1048576 , AS infinity/infinity , CPU infinity/infinity , DATA infinity/infinity , FSIZE infinity/infinity , MEMLOCK 65536k/65536k
load average: 1.17 0.60 0.63

/proc/meminfo:
MemTotal:       16259816 kB
MemFree:         6430828 kB
MemAvailable:   10208276 kB
Buffers:          109280 kB
Cached:          4551424 kB
SwapCached:            0 kB
Active:          1498876 kB
Inactive:        7562996 kB
Active(anon):       2928 kB
Inactive(anon):  5090532 kB
Active(file):    1495948 kB
Inactive(file):  2472464 kB
Unevictable:      364640 kB
Mlocked:              16 kB
SwapTotal:       2097148 kB
SwapFree:        2097148 kB
Dirty:              7808 kB
Writeback:             0 kB
AnonPages:       4765728 kB
Mapped:          1680348 kB
Shmem:            697112 kB
KReclaimable:     121912 kB
Slab:             234576 kB
SReclaimable:     121912 kB
SUnreclaim:       112664 kB
KernelStack:       16432 kB
PageTables:        46244 kB
NFS_Unstable:          0 kB
Bounce:                0 kB
WritebackTmp:          0 kB
CommitLimit:    10227056 kB
Committed_AS:   11615940 kB
VmallocTotal:   34359738367 kB
VmallocUsed:       43804 kB
VmallocChunk:          0 kB
Percpu:             6496 kB
HardwareCorrupted:     0 kB
AnonHugePages:         0 kB
ShmemHugePages:        0 kB
ShmemPmdMapped:        0 kB
FileHugePages:         0 kB
FilePmdMapped:         0 kB
HugePages_Total:       0
HugePages_Free:        0
HugePages_Rsvd:        0
HugePages_Surp:        0
Hugepagesize:       2048 kB
Hugetlb:               0 kB
DirectMap4k:      301720 kB
DirectMap2M:    11108352 kB
DirectMap1G:     5242880 kB

/sys/kernel/mm/transparent_hugepage/enabled: always [madvise] never
/sys/kernel/mm/transparent_hugepage/defrag (defrag/compaction efforts parameter): always defer defer+madvise [madvise] never

Process Memory:
Virtual Size: 9396476K (peak: 9458076K)
Resident Set Size: 178376K (peak: 178376K) (anon: 152092K, file: 26284K, shmem: 0K)
Swapped out: 0K
C-Heap outstanding allocations: 41598K, retained: 8645K

/proc/sys/kernel/threads-max (system-wide limit on the number of threads): 126462
/proc/sys/vm/max_map_count (maximum number of memory map areas a process may have): 65530
/proc/sys/kernel/pid_max (system-wide limit on number of process identifiers): 4194304

container (cgroup) information:
container_type: cgroupv1
cpu_cpuset_cpus: 0-7
cpu_memory_nodes: 0
active_processor_count: 8
cpu_quota: no quota
cpu_period: 100000
cpu_shares: no shares
memory_limit_in_bytes: unlimited
memory_and_swap_limit_in_bytes: unlimited
memory_soft_limit_in_bytes: unlimited
memory_usage_in_bytes: 7748534272
memory_max_usage_in_bytes: 8143589376
maximum number of tasks: unlimited
current number of tasks: 755

Steal ticks since vm start: 0
Steal ticks percentage since vm start:  0.000

CPU: total 8 (initial active 8) (4 cores per cpu, 2 threads per core) family 6 model 142 stepping 10 microcode 0xf0, cx8, cmov, fxsr, ht, mmx, 3dnowpref, sse, sse2, sse3, ssse3, sse4.1, sse4.2, popcnt, lzcnt, tsc, tscinvbit, avx, avx2, aes, erms, clmul, bmi1, bmi2, adx, fma, vzeroupper, clflush, clflushopt
CPU Model and flags from /proc/cpuinfo:
model name	: Intel(R) Core(TM) i7-8650U CPU @ 1.90GHz
flags		: fpu vme de pse tsc msr pae mce cx8 apic sep mtrr pge mca cmov pat pse36 clflush dts acpi mmx fxsr sse sse2 ss ht tm pbe syscall nx pdpe1gb rdtscp lm constant_tsc art arch_perfmon pebs bts rep_good nopl xtopology nonstop_tsc cpuid aperfmperf pni pclmulqdq dtes64 monitor ds_cpl vmx smx est tm2 ssse3 sdbg fma cx16 xtpr pdcm pcid sse4_1 sse4_2 x2apic movbe popcnt tsc_deadline_timer aes xsave avx f16c rdrand lahf_lm abm 3dnowprefetch cpuid_fault epb invpcid_single pti ssbd ibrs ibpb stibp tpr_shadow vnmi flexpriority ept vpid ept_ad fsgsbase tsc_adjust bmi1 avx2 smep bmi2 erms invpcid mpx rdseed adx smap clflushopt intel_pt xsaveopt xsavec xgetbv1 xsaves dtherm ida arat pln pts hwp hwp_notify hwp_act_window hwp_epp md_clear flush_l1d arch_capabilities

Online cpus: 0-7
Offline cpus: 
BIOS frequency limitation: <Not Available>
Frequency switch latency (ns): 0
Available cpu frequencies: <Not Available>
Current governor: powersave
Core performance/turbo boost: <Not Available>

Memory: 4k page, physical 16259816k(6430828k free), swap 2097148k(2097148k free)
Page Sizes: 4k

vm_info: OpenJDK 64-Bit Server VM (18.0.2.1+1-1) for linux-amd64 JRE (18.0.2.1+1-1), built on Aug 16 2022 00:37:46 by "mach5one" with gcc 10.3.0

END.
